<?xml version="1.0" ?>
<coverage version="7.16.1" timestamp="1790175932884" lines-valid="1993" lines-covered="1993" line-rate="1" branches-valid="580" branches-covered="580" branch-rate="1" complexity="0">
	<!-- Generated by coverage.py: https://coverage.readthedocs.io/en/7.16.1 -->
	<!-- Based on https://raw.githubusercontent.com/cobertura/web/master/htdocs/xml/coverage-04.dtd -->
	<sources>
		<source>/home/fgm/projets/taskwarrior-textual</source>
	</sources>
	<packages>
		<package name="src.taskwarrior_textual" line-rate="1" branch-rate="1" complexity="0">
			<classes>
				<class name="__init__.py" filename="src/taskwarrior_textual/__init__.py" complexity="0" line-rate="1" branch-rate="1">
					<methods/>
					<lines>
						<line number="3" hits="1"/>
					</lines>
				</class>
				<class name="__main__.py" filename="src/taskwarrior_textual/__main__.py" complexity="0" line-rate="1" branch-rate="1">
					<methods/>
					<lines>
						<line number="3" hits="1"/>
						<line number="4" hits="1"/>
						<line number="5" hits="1"/>
						<line number="7" hits="1"/>
						<line number="8" hits="1"/>
						<line number="9" hits="1"/>
						<line number="12" hits="1"/>
						<line number="13" hits="1"/>
						<line number="14" hits="1"/>
						<line number="19" hits="1"/>
						<line number="24" hits="1"/>
						<line number="29" hits="1"/>
						<line number="32" hits="1"/>
						<line number="34" hits="1"/>
						<line number="36" hits="1" branch="true" condition-coverage="100% (2/2)"/>
						<line number="37" hits="1"/>
						<line number="38" hits="1"/>
						<line number="39" hits="1" branch="true" condition-coverage="100% (2/2)"/>
						<line number="40" hits="1"/>
						<line number="41" hits="1"/>
						<line number="43" hits="1"/>
						<line number="44" hits="1" branch="true" condition-coverage="100% (2/2)"/>
						<line number="45" hits="1"/>
						<line number="46" hits="1"/>
						<line number="47" hits="1"/>
						<line number="48" hits="1"/>
						<line number="49" hits="1"/>
						<line number="50" hits="1"/>
						<line number="51" hits="1"/>
						<line number="54" hits="1" branch="true" condition-coverage="100% (2/2)"/>
						<line number="55" hits="1"/>
					</lines>
				</class>
				<class name="app.py" filename="src/taskwarrior_textual/app.py" complexity="0" line-rate="1" branch-rate="1">
					<methods/>
					<lines>
						<line number="3" hits="1"/>
						<line number="5" hits="1"/>
						<line number="6" hits="1"/>
						<line number="7" hits="1"/>
						<line number="9" hits="1"/>
						<line number="10" hits="1"/>
						<line number="11" hits="1"/>
						<line number="12" hits="1"/>
						<line number="14" hits="1"/>
						<line number="15" hits="1"/>
						<line number="16" hits="1"/>
						<line number="23" hits="1"/>
						<line number="26" hits="1"/>
						<line number="29" hits="1"/>
						<line number="43" hits="1"/>
						<line number="44" hits="1"/>
						<line number="45" hits="1"/>
						<line number="47" hits="1"/>
						<line number="48" hits="1"/>
						<line number="49" hits="1"/>
						<line number="50" hits="1"/>
						<line number="51" hits="1"/>
						<line number="56" hits="1"/>
						<line number="57" hits="1"/>
						<line number="62" hits="1"/>
						<line number="67" hits="1"/>
						<line number="72" hits="1"/>
						<line number="77" hits="1"/>
						<line number="82" hits="1"/>
						<line number="87" hits="1"/>
						<line number="92" hits="1"/>
						<line number="93" hits="1"/>
						<line number="94" hits="1"/>
						<line number="96" hits="1"/>
						<line number="97" hits="1" branch="true" condition-coverage="100% (2/2)"/>
						<line number="98" hits="1"/>
						<line number="99" hits="1"/>
						<line number="100" hits="1" branch="true" condition-coverage="100% (2/2)"/>
						<line number="101" hits="1"/>
						<line number="102" hits="1" branch="true" condition-coverage="100% (2/2)"/>
						<line number="103" hits="1"/>
						<line number="104" hits="1"/>
						<line number="105" hits="1"/>
						<line number="120" hits="1"/>
						<line number="123" hits="1"/>
						<line number="143" hits="1"/>
						<line number="144" hits="1"/>
						<line number="145" hits="1"/>
						<line number="146" hits="1"/>
						<line number="147" hits="1"/>
						<line number="161" hits="1"/>
						<line number="166" hits="1"/>
						<line number="167" hits="1"/>
						<line number="168" hits="1"/>
						<line number="169" hits="1"/>
						<line number="172" hits="1"/>
						<line number="177" hits="1"/>
						<line number="182" hits="1"/>
						<line number="187" hits="1"/>
						<line number="192" hits="1"/>
						<line number="197" hits="1"/>
						<line number="198" hits="1"/>
						<line number="199" hits="1"/>
						<line number="200" hits="1"/>
						<line number="202" hits="1"/>
						<line number="203" hits="1" branch="true" condition-coverage="100% (2/2)"/>
						<line number="204" hits="1"/>
						<line number="205" hits="1"/>
						<line number="206" hits="1"/>
						<line number="217" hits="1"/>
						<line number="220" hits="1"/>
						<line number="222" hits="1"/>
						<line number="234" hits="1"/>
						<line number="235" hits="1"/>
						<line number="236" hits="1"/>
						<line number="238" hits="1"/>
						<line number="239" hits="1"/>
						<line number="240" hits="1"/>
						<line number="241" hits="1"/>
						<line number="247" hits="1"/>
						<line number="248" hits="1"/>
						<line number="250" hits="1"/>
						<line number="251" hits="1"/>
						<line number="253" hits="1"/>
						<line number="254" hits="1"/>
						<line number="257" hits="1"/>
						<line number="260" hits="1"/>
						<line number="262" hits="1"/>
						<line number="274" hits="1"/>
						<line number="275" hits="1"/>
						<line number="276" hits="1"/>
						<line number="278" hits="1"/>
						<line number="279" hits="1"/>
						<line number="280" hits="1"/>
						<line number="281" hits="1"/>
						<line number="287" hits="1"/>
						<line number="288" hits="1"/>
						<line number="290" hits="1"/>
						<line number="291" hits="1"/>
						<line number="293" hits="1"/>
						<line number="294" hits="1"/>
						<line number="297" hits="1"/>
						<line number="300" hits="1"/>
						<line number="302" hits="1"/>
						<line number="314" hits="1"/>
						<line number="315" hits="1"/>
						<line number="316" hits="1"/>
						<line number="318" hits="1"/>
						<line number="319" hits="1"/>
						<line number="320" hits="1"/>
						<line number="321" hits="1"/>
						<line number="327" hits="1"/>
						<line number="328" hits="1"/>
						<line number="330" hits="1"/>
						<line number="331" hits="1"/>
						<line number="333" hits="1"/>
						<line number="334" hits="1"/>
						<line number="337" hits="1"/>
						<line number="340" hits="1"/>
						<line number="342" hits="1"/>
						<line number="355" hits="1"/>
						<line number="356" hits="1"/>
						<line number="357" hits="1"/>
						<line number="359" hits="1"/>
						<line number="360" hits="1"/>
						<line number="361" hits="1"/>
						<line number="362" hits="1"/>
						<line number="364" hits="1"/>
						<line number="365" hits="1"/>
						<line number="368" hits="1"/>
						<line number="371" hits="1"/>
						<line number="373" hits="1"/>
						<line number="386" hits="1"/>
						<line number="387" hits="1"/>
						<line number="388" hits="1"/>
						<line number="390" hits="1"/>
						<line number="391" hits="1"/>
						<line number="392" hits="1"/>
						<line number="393" hits="1"/>
						<line number="395" hits="1"/>
						<line number="396" hits="1"/>
						<line number="399" hits="1"/>
						<line number="402" hits="1"/>
						<line number="404" hits="1"/>
						<line number="417" hits="1"/>
						<line number="418" hits="1"/>
						<line number="419" hits="1"/>
						<line number="421" hits="1"/>
						<line number="422" hits="1"/>
						<line number="423" hits="1"/>
						<line number="424" hits="1"/>
						<line number="426" hits="1"/>
						<line number="427" hits="1"/>
						<line number="430" hits="1"/>
						<line number="433" hits="1"/>
						<line number="435" hits="1"/>
						<line number="448" hits="1"/>
						<line number="449" hits="1"/>
						<line number="450" hits="1"/>
						<line number="452" hits="1"/>
						<line number="453" hits="1"/>
						<line number="454" hits="1"/>
						<line number="455" hits="1"/>
						<line number="457" hits="1"/>
						<line number="458" hits="1"/>
						<line number="461" hits="1"/>
						<line number="464" hits="1"/>
						<line number="466" hits="1"/>
						<line number="479" hits="1"/>
						<line number="480" hits="1"/>
						<line number="481" hits="1"/>
						<line number="483" hits="1"/>
						<line number="484" hits="1"/>
						<line number="485" hits="1"/>
						<line number="486" hits="1"/>
						<line number="488" hits="1"/>
						<line number="489" hits="1"/>
						<line number="492" hits="1"/>
						<line number="495" hits="1"/>
						<line number="497" hits="1"/>
						<line number="510" hits="1"/>
						<line number="511" hits="1"/>
						<line number="512" hits="1"/>
						<line number="514" hits="1"/>
						<line number="515" hits="1"/>
						<line number="516" hits="1"/>
						<line number="517" hits="1"/>
						<line number="519" hits="1"/>
						<line number="520" hits="1"/>
						<line number="523" hits="1"/>
						<line number="526" hits="1"/>
						<line number="528" hits="1"/>
						<line number="541" hits="1"/>
						<line number="542" hits="1"/>
						<line number="543" hits="1"/>
						<line number="544" hits="1"/>
						<line number="546" hits="1"/>
						<line number="547" hits="1"/>
						<line number="548" hits="1"/>
						<line number="549" hits="1"/>
						<line number="551" hits="1"/>
						<line number="552" hits="1"/>
						<line number="555" hits="1"/>
						<line number="558" hits="1"/>
						<line number="560" hits="1"/>
						<line number="573" hits="1"/>
						<line number="574" hits="1"/>
						<line number="575" hits="1"/>
						<line number="577" hits="1"/>
						<line number="578" hits="1"/>
						<line number="579" hits="1"/>
						<line number="580" hits="1"/>
						<line number="582" hits="1"/>
						<line number="583" hits="1"/>
						<line number="586" hits="1"/>
						<line number="589" hits="1"/>
						<line number="593" hits="1"/>
						<line number="608" hits="1"/>
						<line number="609" hits="1"/>
						<line number="610" hits="1"/>
						<line number="611" hits="1"/>
						<line number="613" hits="1"/>
						<line number="614" hits="1"/>
						<line number="615" hits="1"/>
						<line number="616" hits="1"/>
						<line number="617" hits="1"/>
						<line number="618" hits="1"/>
						<line number="624" hits="1"/>
						<line number="626" hits="1"/>
						<line number="627" hits="1"/>
						<line number="629" hits="1"/>
						<line number="630" hits="1"/>
						<line number="633" hits="1"/>
						<line number="636" hits="1"/>
						<line number="638" hits="1"/>
						<line number="651" hits="1"/>
						<line number="652" hits="1"/>
						<line number="653" hits="1"/>
						<line number="655" hits="1"/>
						<line number="656" hits="1"/>
						<line number="657" hits="1"/>
						<line number="658" hits="1"/>
						<line number="660" hits="1"/>
						<line number="661" hits="1"/>
						<line number="664" hits="1"/>
						<line number="667" hits="1"/>
						<line number="669" hits="1"/>
						<line number="682" hits="1"/>
						<line number="683" hits="1"/>
						<line number="684" hits="1"/>
						<line number="686" hits="1"/>
						<line number="687" hits="1"/>
						<line number="688" hits="1"/>
						<line number="689" hits="1"/>
						<line number="691" hits="1"/>
						<line number="692" hits="1"/>
						<line number="695" hits="1"/>
						<line number="698" hits="1"/>
						<line number="700" hits="1"/>
						<line number="713" hits="1"/>
						<line number="714" hits="1"/>
						<line number="715" hits="1"/>
						<line number="717" hits="1"/>
						<line number="718" hits="1"/>
						<line number="719" hits="1"/>
						<line number="720" hits="1"/>
						<line number="722" hits="1"/>
						<line number="723" hits="1"/>
						<line number="726" hits="1"/>
						<line number="729" hits="1"/>
						<line number="737" hits="1"/>
						<line number="750" hits="1"/>
						<line number="751" hits="1"/>
						<line number="752" hits="1"/>
						<line number="753" hits="1"/>
						<line number="755" hits="1"/>
						<line number="756" hits="1"/>
						<line number="757" hits="1"/>
						<line number="758" hits="1"/>
						<line number="760" hits="1"/>
						<line number="761" hits="1"/>
						<line number="762" hits="1"/>
						<line number="764" hits="1"/>
						<line number="765" hits="1"/>
						<line number="767" hits="1"/>
						<line number="768" hits="1"/>
						<line number="770" hits="1"/>
						<line number="771" hits="1"/>
						<line number="773" hits="1"/>
						<line number="774" hits="1"/>
						<line number="776" hits="1"/>
						<line number="777" hits="1"/>
						<line number="780" hits="1"/>
						<line number="783" hits="1"/>
						<line number="795" hits="1"/>
						<line number="796" hits="1"/>
						<line number="797" hits="1"/>
						<line number="799" hits="1"/>
						<line number="800" hits="1"/>
						<line number="801" hits="1"/>
						<line number="802" hits="1"/>
						<line number="803" hits="1"/>
						<line number="804" hits="1"/>
						<line number="805" hits="1"/>
						<line number="807" hits="1"/>
						<line number="808" hits="1"/>
						<line number="811" hits="1"/>
						<line number="814" hits="1"/>
						<line number="815" hits="1"/>
						<line number="817" hits="1"/>
						<line number="856" hits="1"/>
						<line number="858" hits="1"/>
						<line number="863" hits="1"/>
						<line number="868" hits="1"/>
						<line number="869" hits="1"/>
						<line number="870" hits="1"/>
						<line number="871" hits="1"/>
						<line number="872" hits="1"/>
						<line number="873" hits="1"/>
						<line number="874" hits="1"/>
						<line number="875" hits="1"/>
						<line number="876" hits="1"/>
						<line number="877" hits="1"/>
						<line number="878" hits="1"/>
						<line number="879" hits="1"/>
						<line number="880" hits="1"/>
						<line number="881" hits="1"/>
						<line number="883" hits="1"/>
						<line number="884" hits="1"/>
						<line number="885" hits="1"/>
						<line number="886" hits="1"/>
						<line number="887" hits="1"/>
						<line number="888" hits="1"/>
						<line number="890" hits="1"/>
						<line number="891" hits="1"/>
						<line number="892" hits="1"/>
						<line number="906" hits="1"/>
						<line number="908" hits="1"/>
						<line number="909" hits="1"/>
						<line number="918" hits="1" branch="true" condition-coverage="100% (2/2)"/>
						<line number="919" hits="1"/>
						<line number="920" hits="1" branch="true" condition-coverage="100% (2/2)"/>
						<line number="921" hits="1"/>
						<line number="922" hits="1" branch="true" condition-coverage="100% (2/2)"/>
						<line number="923" hits="1"/>
						<line number="925" hits="1"/>
						<line number="927" hits="1"/>
						<line number="928" hits="1"/>
						<line number="929" hits="1"/>
						<line number="934" hits="1"/>
						<line number="941" hits="1"/>
						<line number="956" hits="1"/>
						<line number="957" hits="1"/>
						<line number="959" hits="1"/>
						<line number="960" hits="1"/>
						<line number="963" hits="1"/>
						<line number="965" hits="1"/>
						<line number="966" hits="1"/>
						<line number="968" hits="1" branch="true" condition-coverage="100% (2/2)"/>
						<line number="969" hits="1"/>
						<line number="970" hits="1"/>
						<line number="972" hits="1"/>
						<line number="973" hits="1"/>
						<line number="975" hits="1" branch="true" condition-coverage="100% (2/2)"/>
						<line number="976" hits="1"/>
						<line number="977" hits="1"/>
						<line number="978" hits="1"/>
						<line number="980" hits="1"/>
						<line number="981" hits="1"/>
						<line number="988" hits="1" branch="true" condition-coverage="100% (2/2)"/>
						<line number="989" hits="1"/>
						<line number="990" hits="1" branch="true" condition-coverage="100% (2/2)"/>
						<line number="991" hits="1"/>
						<line number="992" hits="1" branch="true" condition-coverage="100% (2/2)"/>
						<line number="993" hits="1"/>
						<line number="994" hits="1" branch="true" condition-coverage="100% (2/2)"/>
						<line number="995" hits="1"/>
						<line number="996" hits="1" branch="true" condition-coverage="100% (2/2)"/>
						<line number="997" hits="1"/>
						<line number="998" hits="1" branch="true" condition-coverage="100% (2/2)"/>
						<line number="999" hits="1"/>
						<line number="1000" hits="1"/>
						<line number="1002" hits="1"/>
						<line number="1011" hits="1" branch="true" condition-coverage="100% (2/2)"/>
						<line number="1012" hits="1"/>
						<line number="1021" hits="1"/>
						<line number="1022" hits="1"/>
						<line number="1031" hits="1"/>
						<line number="1033" hits="1"/>
						<line number="1034" hits="1"/>
						<line number="1035" hits="1"/>
						<line number="1036" hits="1"/>
						<line number="1038" hits="1"/>
						<line number="1047" hits="1"/>
						<line number="1049" hits="1" branch="true" condition-coverage="100% (2/2)"/>
						<line number="1050" hits="1"/>
						<line number="1051" hits="1"/>
						<line number="1062" hits="1"/>
						<line number="1063" hits="1" branch="true" condition-coverage="100% (2/2)"/>
						<line number="1064" hits="1"/>
						<line number="1065" hits="1" branch="true" condition-coverage="100% (2/2)"/>
						<line number="1066" hits="1"/>
						<line number="1067" hits="1" branch="true" condition-coverage="100% (2/2)"/>
						<line number="1068" hits="1"/>
						<line number="1069" hits="1" branch="true" condition-coverage="100% (2/2)"/>
						<line number="1070" hits="1"/>
						<line number="1071" hits="1" branch="true" condition-coverage="100% (2/2)"/>
						<line number="1072" hits="1"/>
						<line number="1073" hits="1" branch="true" condition-coverage="100% (2/2)"/>
						<line number="1074" hits="1"/>
						<line number="1075" hits="1"/>
						<line number="1077" hits="1"/>
						<line number="1079" hits="1"/>
						<line number="1080" hits="1"/>
						<line number="1082" hits="1"/>
						<line number="1084" hits="1"/>
						<line number="1085" hits="1"/>
						<line number="1087" hits="1"/>
						<line number="1089" hits="1"/>
						<line number="1090" hits="1"/>
						<line number="1092" hits="1"/>
						<line number="1093" hits="1"/>
						<line number="1095" hits="1"/>
						<line number="1096" hits="1"/>
						<line number="1097" hits="1" branch="true" condition-coverage="100% (2/2)"/>
						<line number="1098" hits="1"/>
						<line number="1099" hits="1" branch="true" condition-coverage="100% (2/2)"/>
						<line number="1100" hits="1"/>
						<line number="1102" hits="1"/>
						<line number="1104" hits="1"/>
						<line number="1110" hits="1"/>
						<line number="1111" hits="1" branch="true" condition-coverage="100% (2/2)"/>
						<line number="1112" hits="1"/>
						<line number="1113" hits="1" branch="true" condition-coverage="100% (2/2)"/>
						<line number="1114" hits="1"/>
						<line number="1115" hits="1" branch="true" condition-coverage="100% (2/2)"/>
						<line number="1116" hits="1"/>
						<line number="1117" hits="1"/>
						<line number="1119" hits="1"/>
						<line number="1120" hits="1"/>
						<line number="1122" hits="1" branch="true" condition-coverage="100% (2/2)"/>
						<line number="1123" hits="1"/>
						<line number="1125" hits="1"/>
						<line number="1126" hits="1"/>
						<line number="1127" hits="1"/>
						<line number="1128" hits="1"/>
						<line number="1130" hits="1"/>
						<line number="1131" hits="1"/>
						<line number="1132" hits="1" branch="true" condition-coverage="100% (2/2)"/>
						<line number="1133" hits="1"/>
						<line number="1141" hits="1" branch="true" condition-coverage="100% (2/2)"/>
						<line number="1142" hits="1"/>
						<line number="1143" hits="1"/>
						<line number="1144" hits="1"/>
						<line number="1146" hits="1"/>
						<line number="1147" hits="1"/>
						<line number="1148" hits="1"/>
						<line number="1149" hits="1"/>
						<line number="1154" hits="1" branch="true" condition-coverage="100% (2/2)"/>
						<line number="1155" hits="1"/>
						<line number="1159" hits="1"/>
						<line number="1161" hits="1" branch="true" condition-coverage="100% (2/2)"/>
						<line number="1162" hits="1"/>
						<line number="1166" hits="1"/>
						<line number="1168" hits="1" branch="true" condition-coverage="100% (2/2)"/>
						<line number="1169" hits="1"/>
						<line number="1176" hits="1"/>
						<line number="1178" hits="1" branch="true" condition-coverage="100% (2/2)"/>
						<line number="1179" hits="1"/>
						<line number="1180" hits="1"/>
						<line number="1185" hits="1"/>
						<line number="1187" hits="1"/>
						<line number="1188" hits="1"/>
						<line number="1196" hits="1" branch="true" condition-coverage="100% (2/2)"/>
						<line number="1197" hits="1"/>
						<line number="1199" hits="1"/>
						<line number="1200" hits="1" branch="true" condition-coverage="100% (2/2)"/>
						<line number="1201" hits="1"/>
						<line number="1202" hits="1"/>
						<line number="1203" hits="1"/>
						<line number="1204" hits="1"/>
						<line number="1205" hits="1"/>
						<line number="1207" hits="1"/>
						<line number="1213" hits="1"/>
						<line number="1214" hits="1"/>
						<line number="1215" hits="1"/>
						<line number="1216" hits="1"/>
						<line number="1217" hits="1"/>
						<line number="1218" hits="1"/>
						<line number="1220" hits="1"/>
						<line number="1228" hits="1"/>
						<line number="1229" hits="1"/>
						<line number="1230" hits="1" branch="true" condition-coverage="100% (2/2)"/>
						<line number="1231" hits="1"/>
						<line number="1242" hits="1"/>
						<line number="1243" hits="1"/>
						<line number="1244" hits="1"/>
						<line number="1246" hits="1"/>
						<line number="1253" hits="1" branch="true" condition-coverage="100% (2/2)"/>
						<line number="1254" hits="1"/>
						<line number="1255" hits="1"/>
						<line number="1262" hits="1"/>
						<line number="1268" hits="1" branch="true" condition-coverage="100% (2/2)"/>
						<line number="1269" hits="1"/>
						<line number="1274" hits="1" branch="true" condition-coverage="100% (2/2)"/>
						<line number="1275" hits="1"/>
						<line number="1285" hits="1" branch="true" condition-coverage="100% (2/2)"/>
						<line number="1289" hits="1"/>
						<line number="1290" hits="1"/>
						<line number="1298" hits="1"/>
						<line number="1301" hits="1" branch="true" condition-coverage="100% (2/2)"/>
						<line number="1302" hits="1"/>
						<line number="1306" hits="1" branch="true" condition-coverage="100% (2/2)"/>
						<line number="1307" hits="1"/>
						<line number="1311" hits="1"/>
						<line number="1313" hits="1"/>
						<line number="1315" hits="1"/>
						<line number="1316" hits="1"/>
						<line number="1324" hits="1" branch="true" condition-coverage="100% (2/2)"/>
						<line number="1325" hits="1"/>
						<line number="1327" hits="1"/>
						<line number="1328" hits="1" branch="true" condition-coverage="100% (2/2)"/>
						<line number="1329" hits="1"/>
						<line number="1330" hits="1"/>
						<line number="1331" hits="1"/>
						<line number="1332" hits="1"/>
						<line number="1334" hits="1"/>
						<line number="1340" hits="1"/>
						<line number="1341" hits="1"/>
						<line number="1342" hits="1"/>
						<line number="1343" hits="1"/>
						<line number="1344" hits="1"/>
						<line number="1345" hits="1"/>
						<line number="1350" hits="1" branch="true" condition-coverage="100% (2/2)"/>
						<line number="1358" hits="1"/>
						<line number="1359" hits="1"/>
						<line number="1360" hits="1" branch="true" condition-coverage="100% (2/2)"/>
						<line number="1361" hits="1"/>
						<line number="1362" hits="1" branch="true" condition-coverage="100% (2/2)"/>
						<line number="1363" hits="1"/>
						<line number="1365" hits="1"/>
						<line number="1369" hits="1"/>
						<line number="1370" hits="1"/>
						<line number="1371" hits="1"/>
						<line number="1376" hits="1"/>
						<line number="1379" hits="1" branch="true" condition-coverage="100% (2/2)"/>
						<line number="1380" hits="1"/>
						<line number="1384" hits="1" branch="true" condition-coverage="100% (2/2)"/>
						<line number="1385" hits="1"/>
						<line number="1389" hits="1"/>
						<line number="1391" hits="1"/>
						<line number="1393" hits="1"/>
						<line number="1394" hits="1"/>
						<line number="1396" hits="1"/>
						<line number="1398" hits="1"/>
						<line number="1399" hits="1"/>
						<line number="1408" hits="1" branch="true" condition-coverage="100% (2/2)"/>
						<line number="1409" hits="1"/>
						<line number="1411" hits="1"/>
						<line number="1412" hits="1" branch="true" condition-coverage="100% (2/2)"/>
						<line number="1413" hits="1"/>
						<line number="1415" hits="1"/>
						<line number="1421" hits="1" branch="true" condition-coverage="100% (2/2)"/>
						<line number="1422" hits="1"/>
						<line number="1424" hits="1"/>
						<line number="1425" hits="1"/>
						<line number="1426" hits="1"/>
						<line number="1427" hits="1"/>
						<line number="1428" hits="1"/>
						<line number="1429" hits="1"/>
						<line number="1430" hits="1"/>
						<line number="1431" hits="1"/>
						<line number="1432" hits="1"/>
						<line number="1434" hits="1"/>
						<line number="1442" hits="1"/>
						<line number="1443" hits="1" branch="true" condition-coverage="100% (2/2)"/>
						<line number="1447" hits="1"/>
						<line number="1448" hits="1"/>
						<line number="1449" hits="1" branch="true" condition-coverage="100% (2/2)"/>
						<line number="1450" hits="1"/>
						<line number="1451" hits="1"/>
						<line number="1453" hits="1"/>
						<line number="1454" hits="1"/>
						<line number="1459" hits="1"/>
						<line number="1465" hits="1"/>
						<line number="1468" hits="1" branch="true" condition-coverage="100% (2/2)"/>
						<line number="1469" hits="1"/>
						<line number="1473" hits="1" branch="true" condition-coverage="100% (2/2)"/>
						<line number="1474" hits="1"/>
						<line number="1478" hits="1"/>
						<line number="1480" hits="1" branch="true" condition-coverage="100% (2/2)"/>
						<line number="1481" hits="1"/>
						<line number="1483" hits="1" branch="true" condition-coverage="100% (2/2)"/>
						<line number="1484" hits="1"/>
						<line number="1488" hits="1"/>
						<line number="1490" hits="1"/>
						<line number="1491" hits="1"/>
						<line number="1493" hits="1" branch="true" condition-coverage="100% (2/2)"/>
						<line number="1494" hits="1"/>
						<line number="1496" hits="1"/>
						<line number="1500" hits="1" branch="true" condition-coverage="100% (2/2)"/>
						<line number="1501" hits="1"/>
						<line number="1503" hits="1"/>
						<line number="1504" hits="1" branch="true" condition-coverage="100% (2/2)"/>
						<line number="1505" hits="1"/>
						<line number="1506" hits="1"/>
						<line number="1507" hits="1"/>
						<line number="1509" hits="1"/>
						<line number="1510" hits="1"/>
						<line number="1519" hits="1" branch="true" condition-coverage="100% (2/2)"/>
						<line number="1520" hits="1"/>
						<line number="1522" hits="1"/>
						<line number="1523" hits="1" branch="true" condition-coverage="100% (2/2)"/>
						<line number="1524" hits="1"/>
						<line number="1526" hits="1"/>
						<line number="1527" hits="1"/>
						<line number="1537" hits="1"/>
						<line number="1538" hits="1"/>
						<line number="1540" hits="1"/>
						<line number="1547" hits="1" branch="true" condition-coverage="100% (2/2)"/>
						<line number="1548" hits="1"/>
						<line number="1549" hits="1"/>
						<line number="1550" hits="1"/>
						<line number="1551" hits="1"/>
						<line number="1552" hits="1"/>
						<line number="1554" hits="1" branch="true" condition-coverage="100% (2/2)"/>
						<line number="1555" hits="1"/>
						<line number="1556" hits="1" branch="true" condition-coverage="100% (2/2)"/>
						<line number="1557" hits="1"/>
						<line number="1558" hits="1" branch="true" condition-coverage="100% (2/2)"/>
						<line number="1559" hits="1"/>
						<line number="1560" hits="1" branch="true" condition-coverage="100% (2/2)"/>
						<line number="1561" hits="1"/>
						<line number="1563" hits="1"/>
						<line number="1564" hits="1" branch="true" condition-coverage="100% (2/2)"/>
						<line number="1565" hits="1"/>
						<line number="1571" hits="1"/>
						<line number="1573" hits="1"/>
						<line number="1578" hits="1"/>
						<line number="1580" hits="1"/>
						<line number="1581" hits="1"/>
						<line number="1591" hits="1"/>
						<line number="1592" hits="1"/>
						<line number="1593" hits="1"/>
						<line number="1594" hits="1"/>
						<line number="1596" hits="1" branch="true" condition-coverage="100% (2/2)"/>
						<line number="1597" hits="1" branch="true" condition-coverage="100% (2/2)"/>
						<line number="1598" hits="1"/>
						<line number="1599" hits="1"/>
						<line number="1600" hits="1"/>
						<line number="1601" hits="1"/>
						<line number="1602" hits="1"/>
						<line number="1603" hits="1"/>
						<line number="1607" hits="1" branch="true" condition-coverage="100% (2/2)"/>
						<line number="1608" hits="1"/>
						<line number="1609" hits="1"/>
						<line number="1610" hits="1"/>
						<line number="1611" hits="1"/>
						<line number="1612" hits="1"/>
						<line number="1616" hits="1" branch="true" condition-coverage="100% (2/2)"/>
						<line number="1617" hits="1"/>
						<line number="1618" hits="1"/>
						<line number="1619" hits="1"/>
						<line number="1620" hits="1"/>
						<line number="1621" hits="1"/>
						<line number="1625" hits="1" branch="true" condition-coverage="100% (2/2)"/>
						<line number="1626" hits="1"/>
						<line number="1627" hits="1"/>
						<line number="1628" hits="1"/>
						<line number="1629" hits="1"/>
						<line number="1630" hits="1"/>
						<line number="1634" hits="1" branch="true" condition-coverage="100% (2/2)"/>
						<line number="1635" hits="1"/>
						<line number="1636" hits="1" branch="true" condition-coverage="100% (2/2)"/>
						<line number="1637" hits="1"/>
						<line number="1642" hits="1"/>
						<line number="1643" hits="1"/>
						<line number="1645" hits="1"/>
						<line number="1646" hits="1"/>
						<line number="1647" hits="1"/>
						<line number="1650" hits="1"/>
						<line number="1655" hits="1"/>
						<line number="1657" hits="1"/>
						<line number="1659" hits="1"/>
						<line number="1665" hits="1"/>
						<line number="1670" hits="1"/>
						<line number="1675" hits="1"/>
						<line number="1683" hits="1"/>
						<line number="1684" hits="1"/>
						<line number="1686" hits="1" branch="true" condition-coverage="100% (2/2)"/>
						<line number="1687" hits="1"/>
						<line number="1688" hits="1" branch="true" condition-coverage="100% (2/2)"/>
						<line number="1689" hits="1"/>
						<line number="1690" hits="1"/>
						<line number="1691" hits="1"/>
						<line number="1692" hits="1" branch="true" condition-coverage="100% (2/2)"/>
						<line number="1693" hits="1"/>
						<line number="1695" hits="1"/>
						<line number="1696" hits="1"/>
						<line number="1697" hits="1"/>
						<line number="1698" hits="1"/>
						<line number="1700" hits="1" branch="true" condition-coverage="100% (2/2)"/>
						<line number="1701" hits="1"/>
						<line number="1702" hits="1"/>
						<line number="1703" hits="1" branch="true" condition-coverage="100% (2/2)"/>
						<line number="1704" hits="1"/>
						<line number="1705" hits="1"/>
						<line number="1710" hits="1"/>
						<line number="1711" hits="1"/>
						<line number="1714" hits="1"/>
						<line number="1716" hits="1"/>
						<line number="1718" hits="1"/>
						<line number="1723" hits="1"/>
						<line number="1728" hits="1"/>
						<line number="1729" hits="1" branch="true" condition-coverage="100% (2/2)"/>
						<line number="1730" hits="1"/>
						<line number="1732" hits="1"/>
						<line number="1734" hits="1"/>
						<line number="1743" hits="1"/>
						<line number="1747" hits="1"/>
						<line number="1754" hits="1"/>
						<line number="1755" hits="1"/>
						<line number="1770" hits="1"/>
						<line number="1772" hits="1"/>
						<line number="1773" hits="1"/>
						<line number="1781" hits="1" branch="true" condition-coverage="100% (2/2)"/>
						<line number="1782" hits="1"/>
						<line number="1784" hits="1"/>
						<line number="1785" hits="1"/>
						<line number="1786" hits="1"/>
						<line number="1787" hits="1"/>
						<line number="1789" hits="1"/>
						<line number="1790" hits="1"/>
						<line number="1791" hits="1"/>
						<line number="1801" hits="1"/>
						<line number="1811" hits="1"/>
						<line number="1820" hits="1" branch="true" condition-coverage="100% (2/2)"/>
						<line number="1821" hits="1"/>
						<line number="1822" hits="1" branch="true" condition-coverage="100% (2/2)"/>
						<line number="1823" hits="1"/>
						<line number="1824" hits="1"/>
						<line number="1825" hits="1"/>
						<line number="1827" hits="1"/>
						<line number="1828" hits="1"/>
						<line number="1834" hits="1"/>
						<line number="1835" hits="1" branch="true" condition-coverage="100% (2/2)"/>
						<line number="1836" hits="1"/>
						<line number="1838" hits="1"/>
						<line number="1840" hits="1"/>
						<line number="1846" hits="1"/>
						<line number="1848" hits="1"/>
						<line number="1849" hits="1"/>
						<line number="1857" hits="1" branch="true" condition-coverage="100% (2/2)"/>
						<line number="1858" hits="1"/>
						<line number="1860" hits="1"/>
						<line number="1861" hits="1"/>
						<line number="1862" hits="1"/>
						<line number="1863" hits="1"/>
						<line number="1864" hits="1"/>
						<line number="1866" hits="1"/>
						<line number="1871" hits="1"/>
						<line number="1872" hits="1"/>
						<line number="1873" hits="1" branch="true" condition-coverage="100% (2/2)"/>
						<line number="1874" hits="1" branch="true" condition-coverage="100% (2/2)"/>
						<line number="1875" hits="1"/>
						<line number="1876" hits="1" branch="true" condition-coverage="100% (2/2)"/>
						<line number="1877" hits="1"/>
						<line number="1878" hits="1" branch="true" condition-coverage="100% (2/2)"/>
						<line number="1879" hits="1"/>
						<line number="1880" hits="1" branch="true" condition-coverage="100% (2/2)"/>
						<line number="1881" hits="1"/>
						<line number="1882" hits="1" branch="true" condition-coverage="100% (2/2)"/>
						<line number="1883" hits="1"/>
						<line number="1884" hits="1"/>
						<line number="1885" hits="1"/>
						<line number="1886" hits="1"/>
						<line number="1887" hits="1" branch="true" condition-coverage="100% (2/2)"/>
						<line number="1888" hits="1"/>
						<line number="1890" hits="1"/>
						<line number="1900" hits="1"/>
						<line number="1901" hits="1" branch="true" condition-coverage="100% (2/2)"/>
						<line number="1902" hits="1"/>
						<line number="1909" hits="1"/>
						<line number="1910" hits="1"/>
						<line number="1918" hits="1"/>
						<line number="1929" hits="1"/>
						<line number="1946" hits="1" branch="true" condition-coverage="100% (2/2)"/>
						<line number="1947" hits="1"/>
						<line number="1957" hits="1" branch="true" condition-coverage="100% (2/2)"/>
						<line number="1958" hits="1"/>
						<line number="1968" hits="1" branch="true" condition-coverage="100% (2/2)"/>
						<line number="1969" hits="1"/>
						<line number="1976" hits="1" branch="true" condition-coverage="100% (2/2)"/>
						<line number="1977" hits="1"/>
						<line number="1978" hits="1" branch="true" condition-coverage="100% (2/2)"/>
						<line number="1979" hits="1"/>
						<line number="1982" hits="1" branch="true" condition-coverage="100% (2/2)"/>
						<line number="1983" hits="1"/>
						<line number="1984" hits="1" branch="true" condition-coverage="100% (2/2)"/>
						<line number="1985" hits="1"/>
						<line number="1992" hits="1" branch="true" condition-coverage="100% (2/2)"/>
						<line number="1993" hits="1"/>
						<line number="2001" hits="1"/>
						<line number="2003" hits="1"/>
						<line number="2004" hits="1"/>
						<line number="2014" hits="1"/>
						<line number="2015" hits="1"/>
						<line number="2016" hits="1"/>
						<line number="2017" hits="1" branch="true" condition-coverage="100% (2/2)"/>
						<line number="2018" hits="1"/>
						<line number="2020" hits="1"/>
						<line number="2027" hits="1"/>
						<line number="2029" hits="1"/>
						<line number="2030" hits="1"/>
						<line number="2031" hits="1"/>
						<line number="2032" hits="1" branch="true" condition-coverage="100% (2/2)"/>
						<line number="2036" hits="1" branch="true" condition-coverage="100% (2/2)"/>
						<line number="2042" hits="1"/>
						<line number="2043" hits="1"/>
						<line number="2044" hits="1"/>
						<line number="2045" hits="1"/>
						<line number="2050" hits="1"/>
						<line number="2055" hits="1" branch="true" condition-coverage="100% (2/2)"/>
						<line number="2056" hits="1"/>
						<line number="2064" hits="1"/>
						<line number="2071" hits="1"/>
						<line number="2075" hits="1" branch="true" condition-coverage="100% (2/2)"/>
						<line number="2076" hits="1"/>
						<line number="2077" hits="1"/>
						<line number="2079" hits="1"/>
						<line number="2080" hits="1"/>
						<line number="2090" hits="1" branch="true" condition-coverage="100% (2/2)"/>
						<line number="2091" hits="1"/>
						<line number="2093" hits="1"/>
						<line number="2094" hits="1"/>
						<line number="2095" hits="1"/>
						<line number="2096" hits="1"/>
						<line number="2097" hits="1"/>
						<line number="2099" hits="1"/>
						<line number="2100" hits="1"/>
						<line number="2101" hits="1"/>
						<line number="2110" hits="1"/>
						<line number="2111" hits="1"/>
						<line number="2112" hits="1"/>
						<line number="2113" hits="1"/>
						<line number="2115" hits="1"/>
						<line number="2116" hits="1"/>
						<line number="2117" hits="1"/>
						<line number="2119" hits="1"/>
						<line number="2137" hits="1" branch="true" condition-coverage="100% (2/2)"/>
						<line number="2138" hits="1"/>
						<line number="2146" hits="1"/>
						<line number="2152" hits="1"/>
						<line number="2153" hits="1"/>
						<line number="2155" hits="1"/>
						<line number="2168" hits="1"/>
						<line number="2169" hits="1"/>
						<line number="2170" hits="1" branch="true" condition-coverage="100% (2/2)"/>
						<line number="2171" hits="1"/>
						<line number="2186" hits="1"/>
						<line number="2187" hits="1"/>
						<line number="2188" hits="1"/>
						<line number="2189" hits="1"/>
						<line number="2196" hits="1"/>
						<line number="2202" hits="1" branch="true" condition-coverage="100% (2/2)"/>
						<line number="2203" hits="1"/>
						<line number="2205" hits="1"/>
						<line number="2210" hits="1"/>
						<line number="2211" hits="1"/>
						<line number="2215" hits="1"/>
						<line number="2220" hits="1" branch="true" condition-coverage="100% (2/2)"/>
						<line number="2221" hits="1"/>
						<line number="2229" hits="1"/>
						<line number="2239" hits="1" branch="true" condition-coverage="100% (2/2)"/>
						<line number="2248" hits="1" branch="true" condition-coverage="100% (2/2)"/>
						<line number="2249" hits="1"/>
						<line number="2251" hits="1"/>
						<line number="2252" hits="1"/>
						<line number="2253" hits="1"/>
						<line number="2254" hits="1"/>
						<line number="2255" hits="1"/>
						<line number="2260" hits="1"/>
						<line number="2261" hits="1"/>
						<line number="2267" hits="1"/>
						<line number="2269" hits="1"/>
						<line number="2270" hits="1"/>
						<line number="2278" hits="1" branch="true" condition-coverage="100% (2/2)"/>
						<line number="2279" hits="1"/>
						<line number="2281" hits="1"/>
						<line number="2282" hits="1"/>
						<line number="2283" hits="1"/>
						<line number="2284" hits="1"/>
						<line number="2286" hits="1" branch="true" condition-coverage="100% (2/2)"/>
						<line number="2287" hits="1"/>
						<line number="2288" hits="1"/>
						<line number="2301" hits="1"/>
						<line number="2302" hits="1"/>
						<line number="2303" hits="1"/>
						<line number="2304" hits="1"/>
						<line number="2305" hits="1"/>
						<line number="2310" hits="1"/>
						<line number="2316" hits="1"/>
						<line number="2317" hits="1"/>
						<line number="2319" hits="1"/>
						<line number="2323" hits="1"/>
						<line number="2326" hits="1" branch="true" condition-coverage="100% (2/2)"/>
						<line number="2327" hits="1"/>
						<line number="2328" hits="1"/>
						<line number="2334" hits="1"/>
						<line number="2336" hits="1"/>
						<line number="2337" hits="1"/>
						<line number="2338" hits="1" branch="true" condition-coverage="100% (2/2)"/>
						<line number="2339" hits="1"/>
						<line number="2340" hits="1"/>
						<line number="2341" hits="1"/>
						<line number="2343" hits="1"/>
						<line number="2344" hits="1"/>
						<line number="2350" hits="1"/>
						<line number="2355" hits="1"/>
						<line number="2356" hits="1" branch="true" condition-coverage="100% (2/2)"/>
						<line number="2357" hits="1"/>
						<line number="2362" hits="1" branch="true" condition-coverage="100% (2/2)"/>
						<line number="2365" hits="1"/>
						<line number="2368" hits="1" branch="true" condition-coverage="100% (2/2)"/>
						<line number="2369" hits="1"/>
						<line number="2370" hits="1" branch="true" condition-coverage="100% (2/2)"/>
						<line number="2371" hits="1"/>
						<line number="2372" hits="1"/>
						<line number="2373" hits="1" branch="true" condition-coverage="100% (2/2)"/>
						<line number="2374" hits="1"/>
						<line number="2375" hits="1"/>
						<line number="2377" hits="1"/>
						<line number="2378" hits="1"/>
						<line number="2384" hits="1"/>
						<line number="2389" hits="1"/>
						<line number="2390" hits="1"/>
						<line number="2394" hits="1"/>
						<line number="2395" hits="1" branch="true" condition-coverage="100% (2/2)"/>
						<line number="2396" hits="1"/>
						<line number="2398" hits="1"/>
						<line number="2399" hits="1"/>
						<line number="2403" hits="1"/>
						<line number="2405" hits="1"/>
						<line number="2406" hits="1"/>
						<line number="2410" hits="1"/>
						<line number="2411" hits="1"/>
						<line number="2412" hits="1"/>
						<line number="2414" hits="1"/>
						<line number="2419" hits="1"/>
						<line number="2420" hits="1"/>
						<line number="2421" hits="1"/>
						<line number="2422" hits="1"/>
						<line number="2423" hits="1"/>
						<line number="2424" hits="1"/>
						<line number="2426" hits="1"/>
						<line number="2427" hits="1"/>
						<line number="2428" hits="1" branch="true" condition-coverage="100% (2/2)"/>
						<line number="2429" hits="1"/>
						<line number="2430" hits="1"/>
						<line number="2431" hits="1"/>
						<line number="2432" hits="1"/>
						<line number="2433" hits="1"/>
						<line number="2434" hits="1"/>
						<line number="2435" hits="1"/>
						<line number="2436" hits="1"/>
						<line number="2438" hits="1"/>
						<line number="2440" hits="1"/>
						<line number="2441" hits="1"/>
						<line number="2442" hits="1"/>
						<line number="2443" hits="1"/>
						<line number="2444" hits="1"/>
						<line number="2446" hits="1"/>
						<line number="2447" hits="1"/>
						<line number="2448" hits="1"/>
						<line number="2449" hits="1"/>
						<line number="2453" hits="1"/>
						<line number="2454" hits="1"/>
						<line number="2455" hits="1"/>
						<line number="2457" hits="1"/>
						<line number="2458" hits="1" branch="true" condition-coverage="100% (2/2)"/>
						<line number="2459" hits="1"/>
						<line number="2461" hits="1"/>
						<line number="2463" hits="1"/>
						<line number="2464" hits="1"/>
						<line number="2466" hits="1"/>
						<line number="2467" hits="1"/>
						<line number="2469" hits="1"/>
						<line number="2470" hits="1"/>
						<line number="2472" hits="1"/>
						<line number="2473" hits="1"/>
						<line number="2475" hits="1"/>
						<line number="2476" hits="1"/>
						<line number="2478" hits="1"/>
						<line number="2479" hits="1"/>
						<line number="2481" hits="1"/>
						<line number="2483" hits="1"/>
						<line number="2485" hits="1"/>
						<line number="2487" hits="1"/>
						<line number="2488" hits="1"/>
						<line number="2489" hits="1"/>
						<line number="2491" hits="1"/>
						<line number="2493" hits="1"/>
						<line number="2498" hits="1"/>
						<line number="2500" hits="1"/>
						<line number="2501" hits="1"/>
						<line number="2503" hits="1"/>
						<line number="2505" hits="1"/>
						<line number="2510" hits="1"/>
						<line number="2512" hits="1"/>
						<line number="2513" hits="1"/>
						<line number="2515" hits="1"/>
						<line number="2517" hits="1"/>
						<line number="2518" hits="1"/>
						<line number="2519" hits="1"/>
						<line number="2520" hits="1"/>
						<line number="2521" hits="1"/>
						<line number="2522" hits="1"/>
						<line number="2523" hits="1"/>
						<line number="2525" hits="1"/>
						<line number="2527" hits="1"/>
						<line number="2528" hits="1" branch="true" condition-coverage="100% (2/2)"/>
						<line number="2529" hits="1"/>
						<line number="2530" hits="1"/>
						<line number="2531" hits="1" branch="true" condition-coverage="100% (2/2)"/>
						<line number="2532" hits="1"/>
						<line number="2533" hits="1"/>
						<line number="2540" hits="1"/>
						<line number="2542" hits="1"/>
						<line number="2543" hits="1" branch="true" condition-coverage="100% (2/2)"/>
						<line number="2544" hits="1"/>
						<line number="2545" hits="1"/>
						<line number="2549" hits="1"/>
						<line number="2551" hits="1"/>
						<line number="2552" hits="1" branch="true" condition-coverage="100% (2/2)"/>
						<line number="2553" hits="1"/>
						<line number="2554" hits="1"/>
						<line number="2555" hits="1" branch="true" condition-coverage="100% (2/2)"/>
						<line number="2556" hits="1"/>
						<line number="2557" hits="1"/>
						<line number="2558" hits="1"/>
						<line number="2569" hits="1"/>
						<line number="2571" hits="1"/>
						<line number="2572" hits="1" branch="true" condition-coverage="100% (2/2)"/>
						<line number="2573" hits="1"/>
						<line number="2574" hits="1"/>
						<line number="2575" hits="1" branch="true" condition-coverage="100% (2/2)"/>
						<line number="2576" hits="1"/>
						<line number="2577" hits="1"/>
						<line number="2578" hits="1"/>
						<line number="2589" hits="1"/>
						<line number="2591" hits="1"/>
						<line number="2592" hits="1" branch="true" condition-coverage="100% (2/2)"/>
						<line number="2593" hits="1"/>
						<line number="2594" hits="1"/>
						<line number="2595" hits="1" branch="true" condition-coverage="100% (2/2)"/>
						<line number="2596" hits="1"/>
						<line number="2597" hits="1"/>
						<line number="2598" hits="1"/>
						<line number="2609" hits="1"/>
						<line number="2611" hits="1"/>
						<line number="2612" hits="1" branch="true" condition-coverage="100% (2/2)"/>
						<line number="2613" hits="1"/>
						<line number="2614" hits="1"/>
						<line number="2615" hits="1" branch="true" condition-coverage="100% (2/2)"/>
						<line number="2616" hits="1"/>
						<line number="2617" hits="1"/>
						<line number="2618" hits="1"/>
						<line number="2629" hits="1"/>
						<line number="2631" hits="1"/>
						<line number="2632" hits="1" branch="true" condition-coverage="100% (2/2)"/>
						<line number="2633" hits="1"/>
						<line number="2634" hits="1"/>
						<line number="2635" hits="1" branch="true" condition-coverage="100% (2/2)"/>
						<line number="2636" hits="1"/>
						<line number="2637" hits="1"/>
						<line number="2638" hits="1"/>
						<line number="2649" hits="1"/>
						<line number="2651" hits="1"/>
						<line number="2653" hits="1"/>
						<line number="2655" hits="1"/>
						<line number="2656" hits="1"/>
						<line number="2657" hits="1"/>
						<line number="2661" hits="1"/>
						<line number="2662" hits="1"/>
						<line number="2663" hits="1"/>
						<line number="2665" hits="1"/>
						<line number="2675" hits="1"/>
						<line number="2677" hits="1"/>
						<line number="2679" hits="1"/>
						<line number="2680" hits="1" branch="true" condition-coverage="100% (2/2)"/>
						<line number="2681" hits="1"/>
						<line number="2682" hits="1"/>
						<line number="2683" hits="1"/>
						<line number="2694" hits="1"/>
						<line number="2696" hits="1"/>
						<line number="2697" hits="1" branch="true" condition-coverage="100% (2/2)"/>
						<line number="2698" hits="1"/>
						<line number="2700" hits="1"/>
						<line number="2705" hits="1"/>
						<line number="2706" hits="1"/>
						<line number="2710" hits="1"/>
						<line number="2711" hits="1"/>
						<line number="2712" hits="1"/>
						<line number="2714" hits="1"/>
						<line number="2715" hits="1" branch="true" condition-coverage="100% (2/2)"/>
						<line number="2716" hits="1"/>
						<line number="2717" hits="1"/>
						<line number="2718" hits="1"/>
						<line number="2727" hits="1"/>
						<line number="2728" hits="1" branch="true" condition-coverage="100% (2/2)"/>
						<line number="2729" hits="1"/>
						<line number="2730" hits="1"/>
						<line number="2731" hits="1" branch="true" condition-coverage="100% (2/2)"/>
						<line number="2735" hits="1"/>
						<line number="2736" hits="1" branch="true" condition-coverage="100% (2/2)"/>
						<line number="2737" hits="1"/>
						<line number="2738" hits="1"/>
						<line number="2739" hits="1"/>
						<line number="2740" hits="1"/>
						<line number="2741" hits="1"/>
						<line number="2742" hits="1"/>
						<line number="2743" hits="1"/>
						<line number="2745" hits="1"/>
						<line number="2750" hits="1"/>
						<line number="2752" hits="1"/>
						<line number="2753" hits="1" branch="true" condition-coverage="100% (2/2)"/>
						<line number="2754" hits="1"/>
						<line number="2756" hits="1"/>
						<line number="2761" hits="1"/>
						<line number="2762" hits="1"/>
						<line number="2766" hits="1"/>
						<line number="2767" hits="1"/>
						<line number="2768" hits="1"/>
						<line number="2770" hits="1"/>
						<line number="2771" hits="1" branch="true" condition-coverage="100% (2/2)"/>
						<line number="2772" hits="1"/>
						<line number="2773" hits="1"/>
						<line number="2774" hits="1"/>
						<line number="2787" hits="1"/>
						<line number="2789" hits="1"/>
						<line number="2790" hits="1" branch="true" condition-coverage="100% (2/2)"/>
						<line number="2791" hits="1"/>
						<line number="2792" hits="1"/>
						<line number="2793" hits="1"/>
						<line number="2804" hits="1"/>
						<line number="2806" hits="1"/>
						<line number="2808" hits="1"/>
						<line number="2810" hits="1"/>
						<line number="2811" hits="1" branch="true" condition-coverage="100% (2/2)"/>
						<line number="2812" hits="1"/>
						<line number="2813" hits="1"/>
						<line number="2814" hits="1"/>
						<line number="2815" hits="1"/>
						<line number="2816" hits="1"/>
						<line number="2817" hits="1"/>
						<line number="2818" hits="1"/>
						<line number="2820" hits="1"/>
						<line number="2823" hits="1"/>
						<line number="2824" hits="1" branch="true" condition-coverage="100% (2/2)"/>
						<line number="2825" hits="1"/>
						<line number="2826" hits="1"/>
						<line number="2827" hits="1"/>
						<line number="2828" hits="1"/>
						<line number="2829" hits="1"/>
						<line number="2830" hits="1"/>
						<line number="2831" hits="1"/>
						<line number="2833" hits="1"/>
						<line number="2835" hits="1"/>
						<line number="2837" hits="1"/>
						<line number="2838" hits="1" branch="true" condition-coverage="100% (2/2)"/>
						<line number="2839" hits="1"/>
						<line number="2841" hits="1"/>
						<line number="2842" hits="1" branch="true" condition-coverage="100% (2/2)"/>
						<line number="2843" hits="1"/>
						<line number="2844" hits="1"/>
						<line number="2845" hits="1"/>
						<line number="2850" hits="1"/>
						<line number="2851" hits="1"/>
						<line number="2852" hits="1"/>
						<line number="2853" hits="1"/>
						<line number="2855" hits="1"/>
						<line number="2857" hits="1"/>
						<line number="2859" hits="1"/>
						<line number="2860" hits="1" branch="true" condition-coverage="100% (2/2)"/>
						<line number="2861" hits="1"/>
						<line number="2862" hits="1"/>
						<line number="2863" hits="1" branch="true" condition-coverage="100% (2/2)"/>
						<line number="2864" hits="1"/>
						<line number="2866" hits="1"/>
						<line number="2867" hits="1" branch="true" condition-coverage="100% (2/2)"/>
						<line number="2868" hits="1"/>
						<line number="2869" hits="1"/>
						<line number="2870" hits="1"/>
						<line number="2875" hits="1"/>
						<line number="2880" hits="1"/>
						<line number="2888" hits="1"/>
						<line number="2889" hits="1"/>
						<line number="2890" hits="1"/>
						<line number="2891" hits="1"/>
						<line number="2893" hits="1"/>
						<line number="2895" hits="1"/>
						<line number="2896" hits="1"/>
						<line number="2898" hits="1"/>
						<line number="2899" hits="1"/>
						<line number="2901" hits="1"/>
						<line number="2902" hits="1"/>
						<line number="2904" hits="1"/>
						<line number="2905" hits="1"/>
						<line number="2906" hits="1" branch="true" condition-coverage="100% (2/2)"/>
						<line number="2907" hits="1"/>
						<line number="2909" hits="1"/>
						<line number="2910" hits="1" branch="true" condition-coverage="100% (2/2)"/>
						<line number="2911" hits="1"/>
						<line number="2912" hits="1"/>
						<line number="2913" hits="1"/>
						<line number="2914" hits="1"/>
						<line number="2915" hits="1"/>
						<line number="2916" hits="1"/>
						<line number="2917" hits="1"/>
						<line number="2919" hits="1"/>
						<line number="2921" hits="1"/>
						<line number="2922" hits="1"/>
						<line number="2923" hits="1"/>
						<line number="2924" hits="1"/>
						<line number="2925" hits="1"/>
						<line number="2926" hits="1"/>
						<line number="2927" hits="1"/>
						<line number="2928" hits="1"/>
						<line number="2931" hits="1"/>
						<line number="2933" hits="1"/>
					</lines>
				</class>
				<class name="config.py" filename="src/taskwarrior_textual/config.py" complexity="0" line-rate="1" branch-rate="1">
					<methods/>
					<lines>
						<line number="3" hits="1"/>
						<line number="5" hits="1"/>
						<line number="6" hits="1"/>
						<line number="7" hits="1"/>
						<line number="8" hits="1"/>
						<line number="9" hits="1"/>
						<line number="10" hits="1"/>
						<line number="11" hits="1"/>
						<line number="12" hits="1"/>
						<line number="15" hits="1"/>
						<line number="19" hits="1"/>
						<line number="21" hits="1"/>
						<line number="22" hits="1" branch="true" condition-coverage="100% (2/2)"/>
						<line number="23" hits="1"/>
						<line number="24" hits="1"/>
						<line number="27" hits="1"/>
						<line number="30" hits="1"/>
						<line number="31" hits="1"/>
						<line number="39" hits="1"/>
						<line number="40" hits="1"/>
						<line number="41" hits="1"/>
						<line number="45" hits="1"/>
						<line number="46" hits="1"/>
						<line number="47" hits="1"/>
						<line number="49" hits="1"/>
						<line number="50" hits="1"/>
						<line number="51" hits="1"/>
						<line number="52" hits="1"/>
						<line number="53" hits="1"/>
						<line number="54" hits="1" branch="true" condition-coverage="100% (2/2)"/>
						<line number="55" hits="1"/>
						<line number="56" hits="1" branch="true" condition-coverage="100% (2/2)"/>
						<line number="57" hits="1"/>
						<line number="59" hits="1"/>
						<line number="60" hits="1" branch="true" condition-coverage="100% (2/2)"/>
						<line number="61" hits="1"/>
						<line number="62" hits="1"/>
						<line number="63" hits="1"/>
						<line number="64" hits="1"/>
						<line number="65" hits="1"/>
						<line number="67" hits="1"/>
						<line number="68" hits="1" branch="true" condition-coverage="100% (2/2)"/>
						<line number="69" hits="1"/>
						<line number="70" hits="1" branch="true" condition-coverage="100% (2/2)"/>
						<line number="74" hits="1"/>
						<line number="76" hits="1"/>
						<line number="77" hits="1"/>
						<line number="78" hits="1"/>
						<line number="79" hits="1"/>
						<line number="80" hits="1"/>
						<line number="81" hits="1"/>
						<line number="82" hits="1" branch="true" condition-coverage="100% (2/2)"/>
						<line number="83" hits="1"/>
						<line number="84" hits="1"/>
						<line number="86" hits="1"/>
						<line number="87" hits="1" branch="true" condition-coverage="100% (2/2)"/>
						<line number="88" hits="1"/>
						<line number="89" hits="1"/>
						<line number="90" hits="1" branch="true" condition-coverage="100% (2/2)"/>
						<line number="91" hits="1"/>
						<line number="92" hits="1"/>
						<line number="93" hits="1" branch="true" condition-coverage="100% (2/2)"/>
						<line number="94" hits="1"/>
						<line number="95" hits="1"/>
						<line number="97" hits="1"/>
						<line number="98" hits="1" branch="true" condition-coverage="100% (2/2)"/>
						<line number="99" hits="1" branch="true" condition-coverage="100% (2/2)"/>
						<line number="100" hits="1"/>
						<line number="102" hits="1"/>
						<line number="103" hits="1" branch="true" condition-coverage="100% (2/2)"/>
						<line number="104" hits="1"/>
						<line number="105" hits="1"/>
						<line number="106" hits="1"/>
						<line number="107" hits="1"/>
						<line number="109" hits="1"/>
						<line number="110" hits="1"/>
						<line number="112" hits="1"/>
						<line number="113" hits="1" branch="true" condition-coverage="100% (2/2)"/>
						<line number="114" hits="1"/>
						<line number="115" hits="1"/>
						<line number="116" hits="1"/>
						<line number="120" hits="1"/>
						<line number="123" hits="1"/>
						<line number="125" hits="1"/>
						<line number="126" hits="1" branch="true" condition-coverage="100% (2/2)"/>
						<line number="127" hits="1"/>
						<line number="129" hits="1"/>
						<line number="130" hits="1"/>
						<line number="131" hits="1"/>
						<line number="132" hits="1"/>
						<line number="133" hits="1"/>
						<line number="134" hits="1" branch="true" condition-coverage="100% (2/2)"/>
						<line number="135" hits="1"/>
						<line number="137" hits="1"/>
						<line number="145" hits="1"/>
						<line number="146" hits="1" branch="true" condition-coverage="100% (2/2)"/>
						<line number="147" hits="1"/>
						<line number="149" hits="1"/>
						<line number="150" hits="1" branch="true" condition-coverage="100% (2/2)"/>
						<line number="151" hits="1"/>
						<line number="152" hits="1" branch="true" condition-coverage="100% (2/2)"/>
						<line number="153" hits="1"/>
						<line number="154" hits="1"/>
						<line number="156" hits="1" branch="true" condition-coverage="100% (2/2)"/>
						<line number="157" hits="1"/>
						<line number="158" hits="1" branch="true" condition-coverage="100% (2/2)"/>
						<line number="162" hits="1"/>
						<line number="163" hits="1"/>
						<line number="165" hits="1" branch="true" condition-coverage="100% (2/2)"/>
						<line number="166" hits="1"/>
						<line number="167" hits="1" branch="true" condition-coverage="100% (2/2)"/>
						<line number="168" hits="1"/>
						<line number="169" hits="1"/>
						<line number="170" hits="1" branch="true" condition-coverage="100% (2/2)"/>
						<line number="171" hits="1" branch="true" condition-coverage="100% (2/2)"/>
						<line number="176" hits="1"/>
						<line number="177" hits="1"/>
						<line number="178" hits="1"/>
						<line number="180" hits="1" branch="true" condition-coverage="100% (2/2)"/>
						<line number="181" hits="1"/>
						<line number="182" hits="1" branch="true" condition-coverage="100% (2/2)"/>
						<line number="186" hits="1"/>
						<line number="187" hits="1"/>
						<line number="189" hits="1" branch="true" condition-coverage="100% (2/2)"/>
						<line number="190" hits="1"/>
						<line number="191" hits="1" branch="true" condition-coverage="100% (2/2)"/>
						<line number="192" hits="1"/>
						<line number="193" hits="1"/>
						<line number="195" hits="1" branch="true" condition-coverage="100% (2/2)"/>
						<line number="196" hits="1"/>
						<line number="197" hits="1" branch="true" condition-coverage="100% (2/2)"/>
						<line number="198" hits="1"/>
						<line number="199" hits="1"/>
						<line number="201" hits="1"/>
						<line number="202" hits="1"/>
						<line number="203" hits="1"/>
						<line number="204" hits="1"/>
						<line number="207" hits="1"/>
						<line number="208" hits="1"/>
						<line number="211" hits="1"/>
						<line number="213" hits="1"/>
						<line number="214" hits="1" branch="true" condition-coverage="100% (2/2)"/>
						<line number="215" hits="1"/>
						<line number="216" hits="1" branch="true" condition-coverage="100% (2/2)"/>
						<line number="217" hits="1"/>
						<line number="219" hits="1"/>
						<line number="220" hits="1"/>
						<line number="221" hits="1"/>
						<line number="222" hits="1"/>
						<line number="224" hits="1"/>
						<line number="225" hits="1"/>
						<line number="227" hits="1"/>
						<line number="229" hits="1"/>
						<line number="230" hits="1"/>
						<line number="231" hits="1"/>
						<line number="232" hits="1"/>
						<line number="233" hits="1"/>
						<line number="235" hits="1"/>
						<line number="236" hits="1"/>
						<line number="243" hits="1"/>
						<line number="244" hits="1"/>
						<line number="245" hits="1" branch="true" condition-coverage="100% (2/2)"/>
						<line number="246" hits="1"/>
						<line number="247" hits="1" branch="true" condition-coverage="100% (2/2)"/>
						<line number="248" hits="1"/>
						<line number="249" hits="1"/>
						<line number="251" hits="1"/>
						<line number="252" hits="1"/>
						<line number="254" hits="1"/>
						<line number="255" hits="1"/>
						<line number="260" hits="1"/>
						<line number="261" hits="1" branch="true" condition-coverage="100% (2/2)"/>
						<line number="262" hits="1"/>
						<line number="263" hits="1"/>
						<line number="264" hits="1" branch="true" condition-coverage="100% (2/2)"/>
						<line number="265" hits="1"/>
						<line number="266" hits="1"/>
						<line number="267" hits="1"/>
						<line number="273" hits="1"/>
						<line number="275" hits="1"/>
						<line number="277" hits="1"/>
						<line number="278" hits="1"/>
						<line number="283" hits="1"/>
						<line number="285" hits="1" branch="true" condition-coverage="100% (2/2)"/>
						<line number="286" hits="1"/>
						<line number="288" hits="1"/>
						<line number="289" hits="1"/>
						<line number="290" hits="1"/>
						<line number="291" hits="1" branch="true" condition-coverage="100% (2/2)"/>
						<line number="292" hits="1" branch="true" condition-coverage="100% (2/2)"/>
						<line number="293" hits="1"/>
						<line number="294" hits="1"/>
						<line number="295" hits="1"/>
						<line number="297" hits="1"/>
						<line number="299" hits="1" branch="true" condition-coverage="100% (2/2)"/>
						<line number="300" hits="1"/>
						<line number="302" hits="1"/>
						<line number="303" hits="1"/>
						<line number="304" hits="1"/>
						<line number="305" hits="1"/>
						<line number="306" hits="1"/>
						<line number="308" hits="1" branch="true" condition-coverage="100% (2/2)"/>
						<line number="309" hits="1" branch="true" condition-coverage="100% (2/2)"/>
						<line number="310" hits="1"/>
						<line number="311" hits="1"/>
						<line number="312" hits="1" branch="true" condition-coverage="100% (2/2)"/>
						<line number="313" hits="1"/>
						<line number="314" hits="1"/>
						<line number="316" hits="1"/>
						<line number="319" hits="1"/>
						<line number="321" hits="1" branch="true" condition-coverage="100% (2/2)"/>
						<line number="322" hits="1"/>
						<line number="324" hits="1"/>
						<line number="325" hits="1" branch="true" condition-coverage="100% (2/2)"/>
						<line number="326" hits="1"/>
						<line number="328" hits="1"/>
						<line number="329" hits="1"/>
						<line number="330" hits="1"/>
						<line number="335" hits="1"/>
						<line number="336" hits="1" branch="true" condition-coverage="100% (2/2)"/>
						<line number="337" hits="1"/>
						<line number="338" hits="1"/>
						<line number="339" hits="1"/>
						<line number="341" hits="1"/>
						<line number="343" hits="1"/>
						<line number="344" hits="1"/>
						<line number="345" hits="1" branch="true" condition-coverage="100% (2/2)"/>
						<line number="346" hits="1"/>
						<line number="347" hits="1"/>
					</lines>
				</class>
				<class name="models.py" filename="src/taskwarrior_textual/models.py" complexity="0" line-rate="1" branch-rate="1">
					<methods/>
					<lines>
						<line number="3" hits="1"/>
						<line number="5" hits="1"/>
						<line number="6" hits="1"/>
						<line number="7" hits="1"/>
						<line number="8" hits="1"/>
						<line number="11" hits="1"/>
						<line number="13" hits="1" branch="true" condition-coverage="100% (2/2)"/>
						<line number="14" hits="1"/>
						<line number="15" hits="1"/>
						<line number="16" hits="1"/>
						<line number="17" hits="1"/>
						<line number="18" hits="1"/>
						<line number="19" hits="1" branch="true" condition-coverage="100% (2/2)"/>
						<line number="20" hits="1"/>
						<line number="21" hits="1"/>
						<line number="24" hits="1"/>
						<line number="26" hits="1" branch="true" condition-coverage="100% (2/2)"/>
						<line number="27" hits="1"/>
						<line number="28" hits="1"/>
						<line number="29" hits="1"/>
						<line number="30" hits="1"/>
						<line number="31" hits="1"/>
						<line number="32" hits="1" branch="true" condition-coverage="100% (2/2)"/>
						<line number="33" hits="1"/>
						<line number="34" hits="1"/>
						<line number="37" hits="1"/>
						<line number="38" hits="1"/>
						<line number="41" hits="1"/>
						<line number="42" hits="1"/>
						<line number="43" hits="1"/>
						<line number="44" hits="1"/>
						<line number="45" hits="1"/>
						<line number="46" hits="1"/>
						<line number="47" hits="1"/>
						<line number="48" hits="1"/>
						<line number="49" hits="1"/>
						<line number="50" hits="1"/>
						<line number="51" hits="1"/>
						<line number="52" hits="1"/>
						<line number="53" hits="1"/>
						<line number="54" hits="1"/>
						<line number="55" hits="1"/>
						<line number="56" hits="1"/>
						<line number="58" hits="1"/>
						<line number="59" hits="1"/>
						<line number="61" hits="1"/>
						<line number="63" hits="1"/>
						<line number="64" hits="1"/>
						<line number="66" hits="1"/>
						<line number="68" hits="1"/>
						<line number="69" hits="1"/>
						<line number="71" hits="1"/>
						<line number="73" hits="1"/>
						<line number="74" hits="1"/>
						<line number="76" hits="1"/>
						<line number="78" hits="1"/>
						<line number="79" hits="1"/>
						<line number="81" hits="1"/>
						<line number="83" hits="1"/>
						<line number="84" hits="1"/>
						<line number="86" hits="1"/>
						<line number="88" hits="1"/>
						<line number="89" hits="1"/>
						<line number="91" hits="1"/>
						<line number="93" hits="1"/>
						<line number="94" hits="1"/>
						<line number="96" hits="1"/>
						<line number="98" hits="1"/>
						<line number="99" hits="1"/>
						<line number="101" hits="1" branch="true" condition-coverage="100% (2/2)"/>
						<line number="102" hits="1"/>
						<line number="103" hits="1"/>
						<line number="105" hits="1"/>
						<line number="106" hits="1"/>
						<line number="108" hits="1"/>
						<line number="110" hits="1"/>
						<line number="111" hits="1"/>
						<line number="113" hits="1"/>
						<line number="114" hits="1"/>
					</lines>
				</class>
				<class name="planning.py" filename="src/taskwarrior_textual/planning.py" complexity="0" line-rate="1" branch-rate="1">
					<methods/>
					<lines>
						<line number="3" hits="1"/>
						<line number="5" hits="1"/>
						<line number="6" hits="1"/>
						<line number="8" hits="1"/>
						<line number="9" hits="1"/>
						<line number="12" hits="1"/>
						<line number="13" hits="1"/>
						<line number="16" hits="1"/>
						<line number="17" hits="1"/>
						<line number="18" hits="1"/>
						<line number="19" hits="1"/>
						<line number="20" hits="1"/>
						<line number="21" hits="1"/>
						<line number="22" hits="1"/>
						<line number="23" hits="1"/>
						<line number="25" hits="1"/>
						<line number="26" hits="1"/>
						<line number="28" hits="1"/>
						<line number="31" hits="1"/>
						<line number="32" hits="1"/>
						<line number="35" hits="1"/>
						<line number="36" hits="1"/>
						<line number="37" hits="1"/>
						<line number="38" hits="1"/>
						<line number="39" hits="1"/>
						<line number="40" hits="1"/>
						<line number="41" hits="1"/>
						<line number="44" hits="1"/>
						<line number="45" hits="1"/>
						<line number="48" hits="1"/>
						<line number="49" hits="1"/>
						<line number="50" hits="1"/>
						<line number="51" hits="1"/>
						<line number="52" hits="1"/>
						<line number="53" hits="1"/>
						<line number="54" hits="1"/>
						<line number="55" hits="1"/>
						<line number="58" hits="1"/>
						<line number="60" hits="1"/>
						<line number="61" hits="1"/>
						<line number="62" hits="1"/>
						<line number="63" hits="1"/>
						<line number="65" hits="1" branch="true" condition-coverage="100% (2/2)"/>
						<line number="66" hits="1" branch="true" condition-coverage="100% (2/2)"/>
						<line number="67" hits="1" branch="true" condition-coverage="100% (2/2)"/>
						<line number="68" hits="1"/>
						<line number="69" hits="1"/>
						<line number="71" hits="1"/>
						<line number="73" hits="1"/>
						<line number="74" hits="1"/>
						<line number="75" hits="1"/>
						<line number="76" hits="1"/>
						<line number="77" hits="1"/>
						<line number="78" hits="1"/>
						<line number="80" hits="1"/>
						<line number="82" hits="1"/>
						<line number="83" hits="1"/>
						<line number="84" hits="1"/>
						<line number="85" hits="1"/>
						<line number="86" hits="1"/>
						<line number="88" hits="1" branch="true" condition-coverage="100% (2/2)"/>
						<line number="89" hits="1" branch="true" condition-coverage="100% (2/2)"/>
						<line number="90" hits="1"/>
						<line number="91" hits="1"/>
						<line number="92" hits="1" branch="true" condition-coverage="100% (2/2)"/>
						<line number="93" hits="1"/>
						<line number="95" hits="1" branch="true" condition-coverage="100% (2/2)"/>
						<line number="96" hits="1"/>
						<line number="98" hits="1"/>
						<line number="99" hits="1"/>
						<line number="100" hits="1"/>
						<line number="101" hits="1"/>
						<line number="102" hits="1"/>
						<line number="103" hits="1" branch="true" condition-coverage="100% (2/2)"/>
						<line number="104" hits="1"/>
						<line number="106" hits="1" branch="true" condition-coverage="100% (2/2)"/>
						<line number="107" hits="1"/>
						<line number="108" hits="1" branch="true" condition-coverage="100% (2/2)"/>
						<line number="109" hits="1"/>
						<line number="111" hits="1" branch="true" condition-coverage="100% (2/2)"/>
						<line number="112" hits="1" branch="true" condition-coverage="100% (2/2)"/>
						<line number="113" hits="1"/>
						<line number="115" hits="1"/>
						<line number="116" hits="1"/>
						<line number="117" hits="1" branch="true" condition-coverage="100% (2/2)"/>
						<line number="118" hits="1"/>
						<line number="126" hits="1" branch="true" condition-coverage="100% (2/2)"/>
						<line number="127" hits="1"/>
						<line number="128" hits="1"/>
						<line number="129" hits="1"/>
						<line number="131" hits="1"/>
						<line number="151" hits="1"/>
						<line number="158" hits="1" branch="true" condition-coverage="100% (2/2)"/>
						<line number="159" hits="1"/>
						<line number="160" hits="1" branch="true" condition-coverage="100% (2/2)"/>
						<line number="161" hits="1"/>
						<line number="162" hits="1" branch="true" condition-coverage="100% (2/2)"/>
						<line number="163" hits="1"/>
						<line number="165" hits="1"/>
						<line number="166" hits="1" branch="true" condition-coverage="100% (2/2)"/>
						<line number="167" hits="1"/>
						<line number="169" hits="1"/>
						<line number="170" hits="1"/>
						<line number="173" hits="1"/>
						<line number="181" hits="1" branch="true" condition-coverage="100% (2/2)"/>
						<line number="182" hits="1"/>
						<line number="184" hits="1"/>
						<line number="185" hits="1"/>
						<line number="186" hits="1"/>
						<line number="187" hits="1"/>
						<line number="197" hits="1"/>
						<line number="198" hits="1"/>
						<line number="199" hits="1" branch="true" condition-coverage="100% (2/2)"/>
						<line number="200" hits="1"/>
						<line number="207" hits="1"/>
						<line number="208" hits="1"/>
						<line number="210" hits="1"/>
						<line number="211" hits="1"/>
						<line number="212" hits="1" branch="true" condition-coverage="100% (2/2)"/>
						<line number="213" hits="1" branch="true" condition-coverage="100% (2/2)"/>
						<line number="214" hits="1"/>
						<line number="219" hits="1"/>
						<line number="220" hits="1"/>
						<line number="222" hits="1"/>
						<line number="226" hits="1"/>
						<line number="230" hits="1"/>
						<line number="241" hits="1"/>
						<line number="243" hits="1" branch="true" condition-coverage="100% (2/2)"/>
						<line number="244" hits="1"/>
						<line number="245" hits="1"/>
						<line number="246" hits="1"/>
						<line number="247" hits="1"/>
						<line number="248" hits="1"/>
						<line number="251" hits="1"/>
						<line number="258" hits="1"/>
						<line number="259" hits="1" branch="true" condition-coverage="100% (2/2)"/>
						<line number="260" hits="1" branch="true" condition-coverage="100% (2/2)"/>
						<line number="261" hits="1"/>
						<line number="263" hits="1"/>
						<line number="273" hits="1"/>
						<line number="281" hits="1"/>
						<line number="282" hits="1" branch="true" condition-coverage="100% (2/2)"/>
						<line number="283" hits="1"/>
						<line number="285" hits="1"/>
						<line number="286" hits="1"/>
						<line number="287" hits="1" branch="true" condition-coverage="100% (2/2)"/>
						<line number="288" hits="1"/>
						<line number="290" hits="1"/>
						<line number="295" hits="1"/>
						<line number="298" hits="1"/>
						<line number="307" hits="1" branch="true" condition-coverage="100% (2/2)"/>
						<line number="308" hits="1"/>
						<line number="310" hits="1"/>
						<line number="311" hits="1"/>
						<line number="312" hits="1"/>
						<line number="313" hits="1"/>
						<line number="317" hits="1"/>
						<line number="326" hits="1"/>
						<line number="335" hits="1"/>
						<line number="340" hits="1" branch="true" condition-coverage="100% (2/2)"/>
						<line number="341" hits="1"/>
						<line number="342" hits="1" branch="true" condition-coverage="100% (2/2)"/>
						<line number="343" hits="1"/>
						<line number="344" hits="1" branch="true" condition-coverage="100% (2/2)"/>
						<line number="345" hits="1"/>
						<line number="347" hits="1"/>
						<line number="349" hits="1"/>
						<line number="350" hits="1"/>
						<line number="351" hits="1"/>
						<line number="352" hits="1"/>
						<line number="353" hits="1"/>
						<line number="354" hits="1"/>
						<line number="356" hits="1" branch="true" condition-coverage="100% (2/2)"/>
						<line number="357" hits="1" branch="true" condition-coverage="100% (2/2)"/>
						<line number="358" hits="1"/>
						<line number="360" hits="1"/>
						<line number="361" hits="1" branch="true" condition-coverage="100% (2/2)"/>
						<line number="362" hits="1"/>
						<line number="364" hits="1"/>
						<line number="365" hits="1"/>
						<line number="366" hits="1"/>
						<line number="367" hits="1" branch="true" condition-coverage="100% (2/2)"/>
						<line number="368" hits="1"/>
						<line number="369" hits="1" branch="true" condition-coverage="100% (2/2)"/>
						<line number="370" hits="1"/>
						<line number="371" hits="1"/>
						<line number="372" hits="1"/>
						<line number="378" hits="1"/>
						<line number="385" hits="1"/>
						<line number="386" hits="1"/>
						<line number="387" hits="1"/>
						<line number="388" hits="1" branch="true" condition-coverage="100% (2/2)"/>
						<line number="389" hits="1"/>
						<line number="391" hits="1"/>
						<line number="392" hits="1"/>
						<line number="393" hits="1" branch="true" condition-coverage="100% (2/2)"/>
						<line number="394" hits="1"/>
						<line number="395" hits="1"/>
						<line number="396" hits="1" branch="true" condition-coverage="100% (2/2)"/>
						<line number="397" hits="1"/>
						<line number="399" hits="1" branch="true" condition-coverage="100% (2/2)"/>
						<line number="400" hits="1"/>
						<line number="401" hits="1"/>
						<line number="402" hits="1"/>
						<line number="403" hits="1"/>
						<line number="404" hits="1"/>
						<line number="406" hits="1" branch="true" condition-coverage="100% (2/2)"/>
						<line number="407" hits="1"/>
						<line number="408" hits="1"/>
						<line number="409" hits="1"/>
						<line number="411" hits="1"/>
						<line number="412" hits="1"/>
						<line number="413" hits="1" branch="true" condition-coverage="100% (2/2)"/>
						<line number="414" hits="1"/>
						<line number="416" hits="1"/>
					</lines>
				</class>
				<class name="taskwarrior.py" filename="src/taskwarrior_textual/taskwarrior.py" complexity="0" line-rate="1" branch-rate="1">
					<methods/>
					<lines>
						<line number="3" hits="1"/>
						<line number="5" hits="1"/>
						<line number="6" hits="1"/>
						<line number="7" hits="1"/>
						<line number="8" hits="1"/>
						<line number="9" hits="1"/>
						<line number="10" hits="1"/>
						<line number="11" hits="1"/>
						<line number="12" hits="1"/>
						<line number="13" hits="1"/>
						<line number="14" hits="1"/>
						<line number="16" hits="1"/>
						<line number="19" hits="1"/>
						<line number="20" hits="1"/>
						<line number="23" hits="1"/>
						<line number="24" hits="1"/>
						<line number="25" hits="1"/>
						<line number="28" hits="1"/>
						<line number="32" hits="1"/>
						<line number="41" hits="1"/>
						<line number="42" hits="1"/>
						<line number="45" hits="1"/>
						<line number="46" hits="1"/>
						<line number="47" hits="1"/>
						<line number="49" hits="1"/>
						<line number="50" hits="1" branch="true" condition-coverage="100% (2/2)"/>
						<line number="51" hits="1"/>
						<line number="52" hits="1" branch="true" condition-coverage="100% (2/2)"/>
						<line number="53" hits="1"/>
						<line number="57" hits="1" branch="true" condition-coverage="100% (2/2)"/>
						<line number="58" hits="1"/>
						<line number="62" hits="1"/>
						<line number="63" hits="1"/>
						<line number="64" hits="1"/>
						<line number="65" hits="1"/>
						<line number="66" hits="1"/>
						<line number="67" hits="1"/>
						<line number="69" hits="1" branch="true" condition-coverage="100% (2/2)"/>
						<line number="70" hits="1"/>
						<line number="71" hits="1"/>
						<line number="74" hits="1"/>
						<line number="76" hits="1"/>
						<line number="77" hits="1" branch="true" condition-coverage="100% (2/2)"/>
						<line number="78" hits="1"/>
						<line number="79" hits="1"/>
						<line number="80" hits="1"/>
						<line number="81" hits="1"/>
						<line number="82" hits="1"/>
						<line number="83" hits="1"/>
						<line number="85" hits="1" branch="true" condition-coverage="100% (2/2)"/>
						<line number="86" hits="1"/>
						<line number="87" hits="1"/>
						<line number="90" hits="1"/>
						<line number="92" hits="1"/>
						<line number="93" hits="1"/>
						<line number="94" hits="1"/>
						<line number="95" hits="1" branch="true" condition-coverage="100% (2/2)"/>
						<line number="96" hits="1"/>
						<line number="97" hits="1"/>
						<line number="99" hits="1"/>
						<line number="106" hits="1" branch="true" condition-coverage="100% (2/2)"/>
						<line number="107" hits="1"/>
						<line number="109" hits="1"/>
						<line number="110" hits="1"/>
						<line number="111" hits="1"/>
						<line number="112" hits="1"/>
						<line number="113" hits="1"/>
						<line number="114" hits="1" branch="true" condition-coverage="100% (2/2)"/>
						<line number="115" hits="1"/>
						<line number="117" hits="1"/>
						<line number="118" hits="1" branch="true" condition-coverage="100% (2/2)"/>
						<line number="119" hits="1"/>
						<line number="120" hits="1"/>
						<line number="126" hits="1"/>
						<line number="127" hits="1"/>
						<line number="128" hits="1" branch="true" condition-coverage="100% (2/2)"/>
						<line number="129" hits="1" branch="true" condition-coverage="100% (2/2)"/>
						<line number="130" hits="1"/>
						<line number="131" hits="1"/>
						<line number="132" hits="1"/>
						<line number="133" hits="1" branch="true" condition-coverage="100% (2/2)"/>
						<line number="134" hits="1"/>
						<line number="135" hits="1"/>
						<line number="136" hits="1" branch="true" condition-coverage="100% (2/2)"/>
						<line number="137" hits="1"/>
						<line number="138" hits="1"/>
						<line number="139" hits="1"/>
						<line number="140" hits="1"/>
						<line number="141" hits="1"/>
						<line number="146" hits="1"/>
						<line number="147" hits="1"/>
						<line number="148" hits="1"/>
						<line number="156" hits="1"/>
						<line number="158" hits="1"/>
						<line number="165" hits="1"/>
						<line number="166" hits="1" branch="true" condition-coverage="100% (2/2)"/>
						<line number="167" hits="1"/>
						<line number="168" hits="1"/>
						<line number="171" hits="1"/>
						<line number="173" hits="1"/>
						<line number="175" hits="1"/>
						<line number="176" hits="1"/>
						<line number="177" hits="1"/>
						<line number="178" hits="1"/>
						<line number="179" hits="1"/>
						<line number="180" hits="1" branch="true" condition-coverage="100% (2/2)"/>
						<line number="181" hits="1"/>
						<line number="182" hits="1"/>
						<line number="184" hits="1"/>
						<line number="190" hits="1" branch="true" condition-coverage="100% (2/2)"/>
						<line number="191" hits="1"/>
						<line number="192" hits="1" branch="true" condition-coverage="100% (2/2)"/>
						<line number="193" hits="1"/>
						<line number="195" hits="1"/>
						<line number="196" hits="1"/>
						<line number="204" hits="1"/>
						<line number="206" hits="1" branch="true" condition-coverage="100% (2/2)"/>
						<line number="207" hits="1"/>
						<line number="208" hits="1" branch="true" condition-coverage="100% (2/2)"/>
						<line number="209" hits="1"/>
						<line number="210" hits="1"/>
						<line number="214" hits="1" branch="true" condition-coverage="100% (2/2)"/>
						<line number="215" hits="1"/>
						<line number="216" hits="1"/>
						<line number="217" hits="1"/>
						<line number="222" hits="1"/>
						<line number="223" hits="1"/>
						<line number="225" hits="1"/>
						<line number="226" hits="1"/>
						<line number="227" hits="1"/>
						<line number="229" hits="1"/>
						<line number="231" hits="1"/>
						<line number="232" hits="1"/>
						<line number="233" hits="1"/>
						<line number="234" hits="1"/>
						<line number="235" hits="1"/>
						<line number="237" hits="1"/>
						<line number="239" hits="1"/>
						<line number="241" hits="1"/>
						<line number="243" hits="1"/>
						<line number="245" hits="1"/>
						<line number="247" hits="1" branch="true" condition-coverage="100% (2/2)"/>
						<line number="248" hits="1"/>
						<line number="249" hits="1"/>
						<line number="251" hits="1"/>
						<line number="253" hits="1"/>
						<line number="255" hits="1"/>
						<line number="256" hits="1"/>
						<line number="258" hits="1"/>
						<line number="260" hits="1"/>
						<line number="261" hits="1"/>
						<line number="274" hits="1"/>
						<line number="282" hits="1" branch="true" condition-coverage="100% (2/2)"/>
						<line number="283" hits="1"/>
						<line number="284" hits="1"/>
						<line number="290" hits="1"/>
						<line number="291" hits="1"/>
						<line number="297" hits="1"/>
						<line number="298" hits="1"/>
						<line number="299" hits="1"/>
						<line number="300" hits="1"/>
						<line number="301" hits="1"/>
						<line number="303" hits="1"/>
						<line number="304" hits="1" branch="true" condition-coverage="100% (2/2)"/>
						<line number="305" hits="1"/>
						<line number="310" hits="1"/>
						<line number="311" hits="1"/>
						<line number="313" hits="1"/>
						<line number="314" hits="1"/>
						<line number="315" hits="1"/>
						<line number="316" hits="1"/>
						<line number="319" hits="1" branch="true" condition-coverage="100% (2/2)"/>
						<line number="320" hits="1"/>
						<line number="324" hits="1"/>
						<line number="338" hits="1"/>
						<line number="339" hits="1" branch="true" condition-coverage="100% (2/2)"/>
						<line number="340" hits="1"/>
						<line number="341" hits="1"/>
						<line number="342" hits="1"/>
						<line number="360" hits="1"/>
						<line number="362" hits="1"/>
						<line number="364" hits="1"/>
						<line number="375" hits="1"/>
						<line number="376" hits="1" branch="true" condition-coverage="100% (2/2)"/>
						<line number="377" hits="1"/>
						<line number="378" hits="1" branch="true" condition-coverage="100% (2/2)"/>
						<line number="379" hits="1"/>
						<line number="380" hits="1"/>
						<line number="386" hits="1" branch="true" condition-coverage="100% (2/2)"/>
						<line number="387" hits="1"/>
						<line number="388" hits="1"/>
						<line number="390" hits="1"/>
						<line number="406" hits="1"/>
						<line number="407" hits="1" branch="true" condition-coverage="100% (2/2)"/>
						<line number="408" hits="1"/>
						<line number="409" hits="1" branch="true" condition-coverage="100% (2/2)"/>
						<line number="410" hits="1"/>
						<line number="411" hits="1"/>
						<line number="431" hits="1"/>
						<line number="433" hits="1"/>
						<line number="435" hits="1"/>
						<line number="437" hits="1"/>
						<line number="439" hits="1"/>
						<line number="441" hits="1"/>
						<line number="443" hits="1"/>
						<line number="445" hits="1"/>
						<line number="447" hits="1"/>
						<line number="449" hits="1"/>
					</lines>
				</class>
			</classes>
		</package>
	</packages>
</coverage>
