<?xml version="1.0" ?>
<coverage version="7.16.1" timestamp="1790157495292" lines-valid="921" lines-covered="921" line-rate="1" branches-valid="210" branches-covered="210" branch-rate="1" complexity="0">
	<!-- Generated by coverage.py: https://coverage.readthedocs.io/en/7.16.1 -->
	<!-- Based on https://raw.githubusercontent.com/cobertura/web/master/htdocs/xml/coverage-04.dtd -->
	<sources>
		<source>/home/fgm/projets/taskwarrior-textual</source>
	</sources>
	<packages>
		<package name="src.taskwarrior_textual" line-rate="1" branch-rate="1" complexity="0">
			<classes>
				<class name="__init__.py" filename="src/taskwarrior_textual/__init__.py" complexity="0" line-rate="1" branch-rate="1">
					<methods/>
					<lines>
						<line number="3" hits="1"/>
					</lines>
				</class>
				<class name="__main__.py" filename="src/taskwarrior_textual/__main__.py" complexity="0" line-rate="1" branch-rate="1">
					<methods/>
					<lines>
						<line number="3" hits="1"/>
						<line number="6" hits="1"/>
						<line number="8" hits="1"/>
						<line number="11" hits="1" branch="true" condition-coverage="100% (2/2)"/>
						<line number="12" hits="1"/>
					</lines>
				</class>
				<class name="app.py" filename="src/taskwarrior_textual/app.py" complexity="0" line-rate="1" branch-rate="1">
					<methods/>
					<lines>
						<line number="3" hits="1"/>
						<line number="5" hits="1"/>
						<line number="6" hits="1"/>
						<line number="7" hits="1"/>
						<line number="8" hits="1"/>
						<line number="10" hits="1"/>
						<line number="11" hits="1"/>
						<line number="17" hits="1"/>
						<line number="20" hits="1"/>
						<line number="23" hits="1"/>
						<line number="37" hits="1"/>
						<line number="38" hits="1"/>
						<line number="39" hits="1"/>
						<line number="41" hits="1"/>
						<line number="42" hits="1"/>
						<line number="43" hits="1"/>
						<line number="44" hits="1"/>
						<line number="45" hits="1"/>
						<line number="50" hits="1"/>
						<line number="51" hits="1"/>
						<line number="56" hits="1"/>
						<line number="61" hits="1"/>
						<line number="66" hits="1"/>
						<line number="71" hits="1"/>
						<line number="76" hits="1"/>
						<line number="81" hits="1"/>
						<line number="86" hits="1"/>
						<line number="87" hits="1"/>
						<line number="88" hits="1"/>
						<line number="90" hits="1"/>
						<line number="91" hits="1" branch="true" condition-coverage="100% (2/2)"/>
						<line number="92" hits="1"/>
						<line number="93" hits="1"/>
						<line number="94" hits="1" branch="true" condition-coverage="100% (2/2)"/>
						<line number="95" hits="1"/>
						<line number="96" hits="1" branch="true" condition-coverage="100% (2/2)"/>
						<line number="97" hits="1"/>
						<line number="98" hits="1"/>
						<line number="99" hits="1"/>
						<line number="114" hits="1"/>
						<line number="117" hits="1"/>
						<line number="119" hits="1"/>
						<line number="131" hits="1"/>
						<line number="132" hits="1"/>
						<line number="133" hits="1"/>
						<line number="135" hits="1"/>
						<line number="136" hits="1"/>
						<line number="137" hits="1"/>
						<line number="138" hits="1"/>
						<line number="144" hits="1"/>
						<line number="145" hits="1"/>
						<line number="147" hits="1"/>
						<line number="148" hits="1"/>
						<line number="150" hits="1"/>
						<line number="151" hits="1"/>
						<line number="154" hits="1"/>
						<line number="157" hits="1"/>
						<line number="159" hits="1"/>
						<line number="171" hits="1"/>
						<line number="172" hits="1"/>
						<line number="173" hits="1"/>
						<line number="175" hits="1"/>
						<line number="176" hits="1"/>
						<line number="177" hits="1"/>
						<line number="178" hits="1"/>
						<line number="184" hits="1"/>
						<line number="185" hits="1"/>
						<line number="187" hits="1"/>
						<line number="188" hits="1"/>
						<line number="190" hits="1"/>
						<line number="191" hits="1"/>
						<line number="194" hits="1"/>
						<line number="197" hits="1"/>
						<line number="199" hits="1"/>
						<line number="211" hits="1"/>
						<line number="212" hits="1"/>
						<line number="213" hits="1"/>
						<line number="215" hits="1"/>
						<line number="216" hits="1"/>
						<line number="217" hits="1"/>
						<line number="218" hits="1"/>
						<line number="224" hits="1"/>
						<line number="225" hits="1"/>
						<line number="227" hits="1"/>
						<line number="228" hits="1"/>
						<line number="230" hits="1"/>
						<line number="231" hits="1"/>
						<line number="234" hits="1"/>
						<line number="237" hits="1"/>
						<line number="239" hits="1"/>
						<line number="252" hits="1"/>
						<line number="253" hits="1"/>
						<line number="254" hits="1"/>
						<line number="256" hits="1"/>
						<line number="257" hits="1"/>
						<line number="258" hits="1"/>
						<line number="259" hits="1"/>
						<line number="261" hits="1"/>
						<line number="262" hits="1"/>
						<line number="265" hits="1"/>
						<line number="268" hits="1"/>
						<line number="270" hits="1"/>
						<line number="283" hits="1"/>
						<line number="284" hits="1"/>
						<line number="285" hits="1"/>
						<line number="287" hits="1"/>
						<line number="288" hits="1"/>
						<line number="289" hits="1"/>
						<line number="290" hits="1"/>
						<line number="292" hits="1"/>
						<line number="293" hits="1"/>
						<line number="296" hits="1"/>
						<line number="299" hits="1"/>
						<line number="301" hits="1"/>
						<line number="314" hits="1"/>
						<line number="315" hits="1"/>
						<line number="316" hits="1"/>
						<line number="318" hits="1"/>
						<line number="319" hits="1"/>
						<line number="320" hits="1"/>
						<line number="321" hits="1"/>
						<line number="323" hits="1"/>
						<line number="324" hits="1"/>
						<line number="327" hits="1"/>
						<line number="330" hits="1"/>
						<line number="332" hits="1"/>
						<line number="345" hits="1"/>
						<line number="346" hits="1"/>
						<line number="347" hits="1"/>
						<line number="349" hits="1"/>
						<line number="350" hits="1"/>
						<line number="351" hits="1"/>
						<line number="352" hits="1"/>
						<line number="354" hits="1"/>
						<line number="355" hits="1"/>
						<line number="358" hits="1"/>
						<line number="361" hits="1"/>
						<line number="363" hits="1"/>
						<line number="376" hits="1"/>
						<line number="377" hits="1"/>
						<line number="378" hits="1"/>
						<line number="380" hits="1"/>
						<line number="381" hits="1"/>
						<line number="382" hits="1"/>
						<line number="383" hits="1"/>
						<line number="385" hits="1"/>
						<line number="386" hits="1"/>
						<line number="389" hits="1"/>
						<line number="392" hits="1"/>
						<line number="394" hits="1"/>
						<line number="407" hits="1"/>
						<line number="408" hits="1"/>
						<line number="409" hits="1"/>
						<line number="410" hits="1"/>
						<line number="412" hits="1"/>
						<line number="413" hits="1"/>
						<line number="414" hits="1"/>
						<line number="415" hits="1"/>
						<line number="417" hits="1"/>
						<line number="418" hits="1"/>
						<line number="421" hits="1"/>
						<line number="424" hits="1"/>
						<line number="426" hits="1"/>
						<line number="439" hits="1"/>
						<line number="440" hits="1"/>
						<line number="441" hits="1"/>
						<line number="443" hits="1"/>
						<line number="444" hits="1"/>
						<line number="445" hits="1"/>
						<line number="446" hits="1"/>
						<line number="448" hits="1"/>
						<line number="449" hits="1"/>
						<line number="452" hits="1"/>
						<line number="455" hits="1"/>
						<line number="467" hits="1"/>
						<line number="468" hits="1"/>
						<line number="469" hits="1"/>
						<line number="471" hits="1"/>
						<line number="472" hits="1"/>
						<line number="473" hits="1"/>
						<line number="474" hits="1"/>
						<line number="475" hits="1"/>
						<line number="476" hits="1"/>
						<line number="477" hits="1"/>
						<line number="479" hits="1"/>
						<line number="480" hits="1"/>
						<line number="483" hits="1"/>
						<line number="486" hits="1"/>
						<line number="487" hits="1"/>
						<line number="489" hits="1"/>
						<line number="521" hits="1"/>
						<line number="523" hits="1"/>
						<line number="528" hits="1"/>
						<line number="529" hits="1"/>
						<line number="530" hits="1"/>
						<line number="531" hits="1"/>
						<line number="532" hits="1"/>
						<line number="533" hits="1"/>
						<line number="534" hits="1"/>
						<line number="535" hits="1"/>
						<line number="536" hits="1"/>
						<line number="537" hits="1"/>
						<line number="538" hits="1"/>
						<line number="539" hits="1"/>
						<line number="541" hits="1"/>
						<line number="542" hits="1"/>
						<line number="543" hits="1"/>
						<line number="544" hits="1"/>
						<line number="545" hits="1"/>
						<line number="546" hits="1"/>
						<line number="548" hits="1"/>
						<line number="549" hits="1"/>
						<line number="550" hits="1"/>
						<line number="562" hits="1"/>
						<line number="564" hits="1"/>
						<line number="565" hits="1"/>
						<line number="567" hits="1" branch="true" condition-coverage="100% (2/2)"/>
						<line number="568" hits="1"/>
						<line number="569" hits="1" branch="true" condition-coverage="100% (2/2)"/>
						<line number="570" hits="1"/>
						<line number="571" hits="1" branch="true" condition-coverage="100% (2/2)"/>
						<line number="572" hits="1"/>
						<line number="574" hits="1"/>
						<line number="576" hits="1"/>
						<line number="589" hits="1"/>
						<line number="590" hits="1"/>
						<line number="592" hits="1"/>
						<line number="593" hits="1"/>
						<line number="596" hits="1"/>
						<line number="598" hits="1"/>
						<line number="599" hits="1"/>
						<line number="601" hits="1" branch="true" condition-coverage="100% (2/2)"/>
						<line number="602" hits="1"/>
						<line number="603" hits="1"/>
						<line number="605" hits="1"/>
						<line number="606" hits="1"/>
						<line number="608" hits="1" branch="true" condition-coverage="100% (2/2)"/>
						<line number="609" hits="1"/>
						<line number="610" hits="1"/>
						<line number="611" hits="1"/>
						<line number="613" hits="1"/>
						<line number="614" hits="1"/>
						<line number="621" hits="1" branch="true" condition-coverage="100% (2/2)"/>
						<line number="622" hits="1"/>
						<line number="623" hits="1" branch="true" condition-coverage="100% (2/2)"/>
						<line number="624" hits="1"/>
						<line number="625" hits="1" branch="true" condition-coverage="100% (2/2)"/>
						<line number="626" hits="1"/>
						<line number="627" hits="1" branch="true" condition-coverage="100% (2/2)"/>
						<line number="628" hits="1"/>
						<line number="629" hits="1" branch="true" condition-coverage="100% (2/2)"/>
						<line number="630" hits="1"/>
						<line number="631" hits="1" branch="true" condition-coverage="100% (2/2)"/>
						<line number="632" hits="1"/>
						<line number="633" hits="1"/>
						<line number="635" hits="1"/>
						<line number="639" hits="1" branch="true" condition-coverage="100% (2/2)"/>
						<line number="640" hits="1"/>
						<line number="648" hits="1"/>
						<line number="649" hits="1"/>
						<line number="657" hits="1"/>
						<line number="659" hits="1"/>
						<line number="660" hits="1"/>
						<line number="661" hits="1"/>
						<line number="662" hits="1"/>
						<line number="664" hits="1"/>
						<line number="673" hits="1"/>
						<line number="675" hits="1" branch="true" condition-coverage="100% (2/2)"/>
						<line number="676" hits="1"/>
						<line number="677" hits="1"/>
						<line number="682" hits="1"/>
						<line number="683" hits="1" branch="true" condition-coverage="100% (2/2)"/>
						<line number="684" hits="1"/>
						<line number="685" hits="1" branch="true" condition-coverage="100% (2/2)"/>
						<line number="686" hits="1"/>
						<line number="687" hits="1" branch="true" condition-coverage="100% (2/2)"/>
						<line number="688" hits="1"/>
						<line number="689" hits="1" branch="true" condition-coverage="100% (2/2)"/>
						<line number="690" hits="1"/>
						<line number="691" hits="1" branch="true" condition-coverage="100% (2/2)"/>
						<line number="692" hits="1"/>
						<line number="693" hits="1" branch="true" condition-coverage="100% (2/2)"/>
						<line number="694" hits="1"/>
						<line number="695" hits="1"/>
						<line number="697" hits="1"/>
						<line number="699" hits="1"/>
						<line number="700" hits="1"/>
						<line number="702" hits="1"/>
						<line number="704" hits="1"/>
						<line number="705" hits="1"/>
						<line number="707" hits="1"/>
						<line number="709" hits="1"/>
						<line number="710" hits="1"/>
						<line number="712" hits="1"/>
						<line number="713" hits="1"/>
						<line number="715" hits="1"/>
						<line number="716" hits="1"/>
						<line number="717" hits="1" branch="true" condition-coverage="100% (2/2)"/>
						<line number="718" hits="1"/>
						<line number="719" hits="1" branch="true" condition-coverage="100% (2/2)"/>
						<line number="720" hits="1"/>
						<line number="722" hits="1"/>
						<line number="724" hits="1"/>
						<line number="730" hits="1"/>
						<line number="731" hits="1" branch="true" condition-coverage="100% (2/2)"/>
						<line number="732" hits="1"/>
						<line number="733" hits="1" branch="true" condition-coverage="100% (2/2)"/>
						<line number="734" hits="1"/>
						<line number="735" hits="1" branch="true" condition-coverage="100% (2/2)"/>
						<line number="736" hits="1"/>
						<line number="737" hits="1"/>
						<line number="739" hits="1"/>
						<line number="740" hits="1"/>
						<line number="742" hits="1" branch="true" condition-coverage="100% (2/2)"/>
						<line number="743" hits="1"/>
						<line number="745" hits="1"/>
						<line number="746" hits="1"/>
						<line number="747" hits="1"/>
						<line number="748" hits="1"/>
						<line number="750" hits="1" branch="true" condition-coverage="100% (2/2)"/>
						<line number="751" hits="1"/>
						<line number="752" hits="1" branch="true" condition-coverage="100% (2/2)"/>
						<line number="753" hits="1" branch="true" condition-coverage="100% (2/2)"/>
						<line number="754" hits="1"/>
						<line number="755" hits="1"/>
						<line number="757" hits="1"/>
						<line number="758" hits="1"/>
						<line number="760" hits="1"/>
						<line number="761" hits="1"/>
						<line number="762" hits="1" branch="true" condition-coverage="100% (2/2)"/>
						<line number="763" hits="1"/>
						<line number="771" hits="1" branch="true" condition-coverage="100% (2/2)"/>
						<line number="772" hits="1"/>
						<line number="773" hits="1"/>
						<line number="774" hits="1"/>
						<line number="776" hits="1"/>
						<line number="777" hits="1" branch="true" condition-coverage="100% (2/2)"/>
						<line number="778" hits="1"/>
						<line number="783" hits="1" branch="true" condition-coverage="100% (2/2)"/>
						<line number="784" hits="1"/>
						<line number="785" hits="1"/>
						<line number="787" hits="1"/>
						<line number="788" hits="1"/>
						<line number="789" hits="1"/>
						<line number="794" hits="1" branch="true" condition-coverage="100% (2/2)"/>
						<line number="795" hits="1"/>
						<line number="799" hits="1"/>
						<line number="801" hits="1" branch="true" condition-coverage="100% (2/2)"/>
						<line number="802" hits="1"/>
						<line number="806" hits="1"/>
						<line number="808" hits="1" branch="true" condition-coverage="100% (2/2)"/>
						<line number="809" hits="1"/>
						<line number="816" hits="1"/>
						<line number="818" hits="1" branch="true" condition-coverage="100% (2/2)"/>
						<line number="819" hits="1"/>
						<line number="820" hits="1"/>
						<line number="825" hits="1"/>
						<line number="827" hits="1"/>
						<line number="828" hits="1"/>
						<line number="830" hits="1" branch="true" condition-coverage="100% (2/2)"/>
						<line number="831" hits="1"/>
						<line number="833" hits="1"/>
						<line number="834" hits="1" branch="true" condition-coverage="100% (2/2)"/>
						<line number="835" hits="1"/>
						<line number="836" hits="1"/>
						<line number="837" hits="1"/>
						<line number="838" hits="1"/>
						<line number="839" hits="1"/>
						<line number="841" hits="1"/>
						<line number="842" hits="1"/>
						<line number="843" hits="1"/>
						<line number="844" hits="1"/>
						<line number="845" hits="1"/>
						<line number="846" hits="1"/>
						<line number="847" hits="1"/>
						<line number="849" hits="1"/>
						<line number="857" hits="1"/>
						<line number="858" hits="1"/>
						<line number="859" hits="1" branch="true" condition-coverage="100% (2/2)"/>
						<line number="860" hits="1"/>
						<line number="871" hits="1"/>
						<line number="872" hits="1"/>
						<line number="873" hits="1"/>
						<line number="875" hits="1"/>
						<line number="882" hits="1" branch="true" condition-coverage="100% (2/2)"/>
						<line number="883" hits="1"/>
						<line number="884" hits="1"/>
						<line number="890" hits="1"/>
						<line number="893" hits="1" branch="true" condition-coverage="100% (2/2)"/>
						<line number="894" hits="1"/>
						<line number="898" hits="1" branch="true" condition-coverage="100% (2/2)"/>
						<line number="899" hits="1"/>
						<line number="903" hits="1"/>
						<line number="905" hits="1"/>
						<line number="907" hits="1"/>
						<line number="908" hits="1"/>
						<line number="910" hits="1" branch="true" condition-coverage="100% (2/2)"/>
						<line number="911" hits="1"/>
						<line number="913" hits="1"/>
						<line number="914" hits="1" branch="true" condition-coverage="100% (2/2)"/>
						<line number="915" hits="1"/>
						<line number="916" hits="1"/>
						<line number="917" hits="1"/>
						<line number="918" hits="1"/>
						<line number="919" hits="1"/>
						<line number="920" hits="1"/>
						<line number="922" hits="1"/>
						<line number="923" hits="1"/>
						<line number="924" hits="1"/>
						<line number="925" hits="1"/>
						<line number="926" hits="1"/>
						<line number="927" hits="1"/>
						<line number="928" hits="1"/>
						<line number="933" hits="1" branch="true" condition-coverage="100% (2/2)"/>
						<line number="937" hits="1"/>
						<line number="938" hits="1"/>
						<line number="939" hits="1" branch="true" condition-coverage="100% (2/2)"/>
						<line number="940" hits="1"/>
						<line number="942" hits="1"/>
						<line number="943" hits="1"/>
						<line number="944" hits="1"/>
						<line number="945" hits="1"/>
						<line number="950" hits="1"/>
						<line number="953" hits="1" branch="true" condition-coverage="100% (2/2)"/>
						<line number="954" hits="1"/>
						<line number="958" hits="1" branch="true" condition-coverage="100% (2/2)"/>
						<line number="959" hits="1"/>
						<line number="963" hits="1"/>
						<line number="965" hits="1"/>
						<line number="967" hits="1"/>
						<line number="968" hits="1"/>
						<line number="970" hits="1"/>
						<line number="972" hits="1"/>
						<line number="973" hits="1"/>
						<line number="975" hits="1" branch="true" condition-coverage="100% (2/2)"/>
						<line number="976" hits="1"/>
						<line number="978" hits="1"/>
						<line number="979" hits="1" branch="true" condition-coverage="100% (2/2)"/>
						<line number="980" hits="1"/>
						<line number="982" hits="1"/>
						<line number="983" hits="1" branch="true" condition-coverage="100% (2/2)"/>
						<line number="984" hits="1"/>
						<line number="986" hits="1"/>
						<line number="987" hits="1"/>
						<line number="988" hits="1"/>
						<line number="989" hits="1"/>
						<line number="990" hits="1"/>
						<line number="991" hits="1"/>
						<line number="992" hits="1"/>
						<line number="993" hits="1"/>
						<line number="995" hits="1"/>
						<line number="1003" hits="1" branch="true" condition-coverage="100% (2/2)"/>
						<line number="1004" hits="1"/>
						<line number="1005" hits="1"/>
						<line number="1006" hits="1" branch="true" condition-coverage="100% (2/2)"/>
						<line number="1007" hits="1"/>
						<line number="1008" hits="1"/>
						<line number="1010" hits="1"/>
						<line number="1011" hits="1"/>
						<line number="1016" hits="1"/>
						<line number="1022" hits="1"/>
						<line number="1025" hits="1" branch="true" condition-coverage="100% (2/2)"/>
						<line number="1026" hits="1"/>
						<line number="1030" hits="1" branch="true" condition-coverage="100% (2/2)"/>
						<line number="1031" hits="1"/>
						<line number="1035" hits="1"/>
						<line number="1037" hits="1" branch="true" condition-coverage="100% (2/2)"/>
						<line number="1038" hits="1"/>
						<line number="1040" hits="1"/>
						<line number="1042" hits="1"/>
						<line number="1043" hits="1"/>
						<line number="1045" hits="1" branch="true" condition-coverage="100% (2/2)"/>
						<line number="1046" hits="1"/>
						<line number="1048" hits="1"/>
						<line number="1049" hits="1" branch="true" condition-coverage="100% (2/2)"/>
						<line number="1050" hits="1"/>
						<line number="1052" hits="1"/>
						<line number="1053" hits="1"/>
						<line number="1054" hits="1"/>
						<line number="1055" hits="1"/>
						<line number="1057" hits="1"/>
						<line number="1064" hits="1" branch="true" condition-coverage="100% (2/2)"/>
						<line number="1065" hits="1"/>
						<line number="1066" hits="1"/>
						<line number="1067" hits="1"/>
						<line number="1068" hits="1"/>
						<line number="1069" hits="1"/>
						<line number="1071" hits="1" branch="true" condition-coverage="100% (2/2)"/>
						<line number="1072" hits="1"/>
						<line number="1073" hits="1" branch="true" condition-coverage="100% (2/2)"/>
						<line number="1074" hits="1"/>
						<line number="1075" hits="1" branch="true" condition-coverage="100% (2/2)"/>
						<line number="1076" hits="1"/>
						<line number="1077" hits="1" branch="true" condition-coverage="100% (2/2)"/>
						<line number="1078" hits="1"/>
						<line number="1080" hits="1"/>
						<line number="1081" hits="1" branch="true" condition-coverage="100% (2/2)"/>
						<line number="1082" hits="1"/>
						<line number="1088" hits="1"/>
						<line number="1090" hits="1"/>
						<line number="1095" hits="1"/>
						<line number="1097" hits="1"/>
						<line number="1098" hits="1"/>
						<line number="1100" hits="1" branch="true" condition-coverage="100% (2/2)"/>
						<line number="1101" hits="1"/>
						<line number="1103" hits="1"/>
						<line number="1104" hits="1" branch="true" condition-coverage="100% (2/2)"/>
						<line number="1105" hits="1"/>
						<line number="1106" hits="1"/>
						<line number="1117" hits="1"/>
						<line number="1118" hits="1"/>
						<line number="1119" hits="1"/>
						<line number="1120" hits="1"/>
						<line number="1121" hits="1"/>
						<line number="1122" hits="1"/>
						<line number="1124" hits="1"/>
						<line number="1128" hits="1"/>
						<line number="1131" hits="1" branch="true" condition-coverage="100% (2/2)"/>
						<line number="1132" hits="1"/>
						<line number="1133" hits="1"/>
						<line number="1138" hits="1"/>
						<line number="1140" hits="1"/>
						<line number="1141" hits="1"/>
						<line number="1142" hits="1" branch="true" condition-coverage="100% (2/2)"/>
						<line number="1143" hits="1"/>
						<line number="1144" hits="1"/>
						<line number="1145" hits="1"/>
						<line number="1147" hits="1"/>
						<line number="1148" hits="1"/>
						<line number="1152" hits="1"/>
						<line number="1153" hits="1"/>
						<line number="1154" hits="1" branch="true" condition-coverage="100% (2/2)"/>
						<line number="1155" hits="1"/>
						<line number="1156" hits="1"/>
						<line number="1157" hits="1"/>
						<line number="1158" hits="1"/>
						<line number="1159" hits="1"/>
						<line number="1160" hits="1"/>
						<line number="1161" hits="1"/>
						<line number="1162" hits="1"/>
						<line number="1164" hits="1"/>
						<line number="1166" hits="1"/>
						<line number="1167" hits="1"/>
						<line number="1168" hits="1"/>
						<line number="1169" hits="1"/>
						<line number="1170" hits="1"/>
						<line number="1171" hits="1"/>
						<line number="1173" hits="1"/>
						<line number="1175" hits="1"/>
						<line number="1176" hits="1"/>
						<line number="1178" hits="1"/>
						<line number="1179" hits="1"/>
						<line number="1181" hits="1"/>
						<line number="1182" hits="1"/>
						<line number="1184" hits="1"/>
						<line number="1185" hits="1"/>
						<line number="1187" hits="1"/>
						<line number="1188" hits="1"/>
						<line number="1190" hits="1"/>
						<line number="1191" hits="1"/>
						<line number="1193" hits="1"/>
						<line number="1195" hits="1"/>
						<line number="1197" hits="1"/>
						<line number="1199" hits="1"/>
						<line number="1200" hits="1"/>
						<line number="1201" hits="1"/>
						<line number="1203" hits="1"/>
						<line number="1205" hits="1"/>
						<line number="1210" hits="1"/>
						<line number="1212" hits="1"/>
						<line number="1213" hits="1"/>
						<line number="1215" hits="1"/>
						<line number="1217" hits="1"/>
						<line number="1222" hits="1"/>
						<line number="1224" hits="1"/>
						<line number="1225" hits="1"/>
						<line number="1227" hits="1"/>
						<line number="1229" hits="1"/>
						<line number="1230" hits="1"/>
						<line number="1231" hits="1"/>
						<line number="1232" hits="1"/>
						<line number="1233" hits="1"/>
						<line number="1234" hits="1"/>
						<line number="1235" hits="1"/>
						<line number="1237" hits="1"/>
						<line number="1239" hits="1"/>
						<line number="1240" hits="1" branch="true" condition-coverage="100% (2/2)"/>
						<line number="1241" hits="1"/>
						<line number="1242" hits="1"/>
						<line number="1249" hits="1"/>
						<line number="1251" hits="1"/>
						<line number="1255" hits="1"/>
						<line number="1257" hits="1"/>
						<line number="1259" hits="1"/>
						<line number="1261" hits="1"/>
						<line number="1263" hits="1"/>
						<line number="1265" hits="1"/>
						<line number="1267" hits="1"/>
						<line number="1269" hits="1"/>
						<line number="1271" hits="1"/>
						<line number="1273" hits="1"/>
						<line number="1275" hits="1"/>
						<line number="1277" hits="1"/>
						<line number="1279" hits="1"/>
						<line number="1281" hits="1"/>
						<line number="1282" hits="1" branch="true" condition-coverage="100% (2/2)"/>
						<line number="1283" hits="1"/>
						<line number="1284" hits="1"/>
						<line number="1285" hits="1"/>
						<line number="1286" hits="1"/>
						<line number="1287" hits="1"/>
						<line number="1288" hits="1"/>
						<line number="1289" hits="1"/>
						<line number="1291" hits="1"/>
						<line number="1294" hits="1"/>
						<line number="1295" hits="1" branch="true" condition-coverage="100% (2/2)"/>
						<line number="1296" hits="1"/>
						<line number="1297" hits="1"/>
						<line number="1298" hits="1"/>
						<line number="1299" hits="1"/>
						<line number="1300" hits="1"/>
						<line number="1301" hits="1"/>
						<line number="1302" hits="1"/>
						<line number="1304" hits="1"/>
						<line number="1306" hits="1"/>
						<line number="1308" hits="1"/>
						<line number="1309" hits="1" branch="true" condition-coverage="100% (2/2)"/>
						<line number="1310" hits="1"/>
						<line number="1312" hits="1"/>
						<line number="1313" hits="1" branch="true" condition-coverage="100% (2/2)"/>
						<line number="1314" hits="1"/>
						<line number="1315" hits="1"/>
						<line number="1316" hits="1"/>
						<line number="1321" hits="1"/>
						<line number="1322" hits="1"/>
						<line number="1323" hits="1"/>
						<line number="1324" hits="1"/>
						<line number="1326" hits="1"/>
						<line number="1328" hits="1"/>
						<line number="1329" hits="1"/>
						<line number="1331" hits="1"/>
						<line number="1332" hits="1"/>
						<line number="1334" hits="1"/>
						<line number="1335" hits="1"/>
						<line number="1337" hits="1"/>
						<line number="1338" hits="1"/>
						<line number="1339" hits="1" branch="true" condition-coverage="100% (2/2)"/>
						<line number="1340" hits="1"/>
						<line number="1342" hits="1"/>
						<line number="1343" hits="1" branch="true" condition-coverage="100% (2/2)"/>
						<line number="1344" hits="1"/>
						<line number="1345" hits="1"/>
						<line number="1346" hits="1"/>
						<line number="1347" hits="1"/>
						<line number="1348" hits="1"/>
						<line number="1349" hits="1"/>
						<line number="1350" hits="1"/>
						<line number="1352" hits="1"/>
						<line number="1354" hits="1"/>
						<line number="1355" hits="1"/>
						<line number="1356" hits="1"/>
						<line number="1357" hits="1"/>
						<line number="1358" hits="1"/>
						<line number="1359" hits="1"/>
						<line number="1360" hits="1"/>
						<line number="1361" hits="1"/>
						<line number="1364" hits="1"/>
						<line number="1366" hits="1"/>
					</lines>
				</class>
				<class name="models.py" filename="src/taskwarrior_textual/models.py" complexity="0" line-rate="1" branch-rate="1">
					<methods/>
					<lines>
						<line number="3" hits="1"/>
						<line number="5" hits="1"/>
						<line number="6" hits="1"/>
						<line number="7" hits="1"/>
						<line number="10" hits="1"/>
						<line number="12" hits="1" branch="true" condition-coverage="100% (2/2)"/>
						<line number="13" hits="1"/>
						<line number="14" hits="1"/>
						<line number="15" hits="1"/>
						<line number="16" hits="1"/>
						<line number="17" hits="1"/>
						<line number="18" hits="1" branch="true" condition-coverage="100% (2/2)"/>
						<line number="19" hits="1"/>
						<line number="20" hits="1"/>
						<line number="23" hits="1"/>
						<line number="24" hits="1"/>
						<line number="27" hits="1"/>
						<line number="28" hits="1"/>
						<line number="29" hits="1"/>
						<line number="30" hits="1"/>
						<line number="31" hits="1"/>
						<line number="32" hits="1"/>
						<line number="33" hits="1"/>
						<line number="34" hits="1"/>
						<line number="35" hits="1"/>
						<line number="36" hits="1"/>
						<line number="37" hits="1"/>
						<line number="38" hits="1"/>
						<line number="39" hits="1"/>
						<line number="40" hits="1"/>
						<line number="41" hits="1"/>
						<line number="43" hits="1"/>
						<line number="44" hits="1"/>
						<line number="46" hits="1"/>
						<line number="48" hits="1"/>
						<line number="49" hits="1"/>
						<line number="51" hits="1"/>
						<line number="53" hits="1"/>
						<line number="54" hits="1"/>
						<line number="56" hits="1"/>
						<line number="58" hits="1"/>
						<line number="59" hits="1"/>
						<line number="61" hits="1"/>
						<line number="63" hits="1"/>
						<line number="64" hits="1"/>
						<line number="66" hits="1"/>
						<line number="68" hits="1"/>
						<line number="69" hits="1"/>
						<line number="71" hits="1"/>
						<line number="73" hits="1"/>
						<line number="74" hits="1"/>
						<line number="76" hits="1" branch="true" condition-coverage="100% (2/2)"/>
						<line number="77" hits="1"/>
						<line number="78" hits="1"/>
						<line number="80" hits="1"/>
						<line number="81" hits="1"/>
						<line number="83" hits="1"/>
						<line number="85" hits="1"/>
						<line number="86" hits="1"/>
						<line number="88" hits="1"/>
					</lines>
				</class>
				<class name="planning.py" filename="src/taskwarrior_textual/planning.py" complexity="0" line-rate="1" branch-rate="1">
					<methods/>
					<lines>
						<line number="3" hits="1"/>
						<line number="5" hits="1"/>
						<line number="6" hits="1"/>
						<line number="8" hits="1"/>
						<line number="11" hits="1"/>
						<line number="12" hits="1"/>
						<line number="15" hits="1"/>
						<line number="16" hits="1"/>
						<line number="17" hits="1"/>
						<line number="18" hits="1"/>
						<line number="19" hits="1"/>
						<line number="20" hits="1"/>
						<line number="22" hits="1"/>
						<line number="23" hits="1"/>
						<line number="25" hits="1"/>
						<line number="28" hits="1"/>
						<line number="29" hits="1"/>
						<line number="32" hits="1"/>
						<line number="33" hits="1"/>
						<line number="34" hits="1"/>
						<line number="35" hits="1"/>
						<line number="36" hits="1"/>
						<line number="37" hits="1"/>
						<line number="38" hits="1"/>
						<line number="41" hits="1"/>
						<line number="42" hits="1"/>
						<line number="45" hits="1"/>
						<line number="46" hits="1"/>
						<line number="47" hits="1"/>
						<line number="48" hits="1"/>
						<line number="49" hits="1"/>
						<line number="50" hits="1"/>
						<line number="53" hits="1"/>
						<line number="55" hits="1"/>
						<line number="56" hits="1"/>
						<line number="57" hits="1"/>
						<line number="58" hits="1"/>
						<line number="60" hits="1" branch="true" condition-coverage="100% (2/2)"/>
						<line number="61" hits="1" branch="true" condition-coverage="100% (2/2)"/>
						<line number="62" hits="1" branch="true" condition-coverage="100% (2/2)"/>
						<line number="63" hits="1"/>
						<line number="64" hits="1"/>
						<line number="66" hits="1"/>
						<line number="68" hits="1"/>
						<line number="69" hits="1"/>
						<line number="70" hits="1" branch="true" condition-coverage="100% (2/2)"/>
						<line number="71" hits="1"/>
						<line number="79" hits="1" branch="true" condition-coverage="100% (2/2)"/>
						<line number="80" hits="1"/>
						<line number="81" hits="1"/>
						<line number="82" hits="1"/>
						<line number="84" hits="1"/>
						<line number="103" hits="1"/>
						<line number="105" hits="1" branch="true" condition-coverage="100% (2/2)"/>
						<line number="106" hits="1"/>
						<line number="108" hits="1"/>
						<line number="109" hits="1"/>
						<line number="110" hits="1" branch="true" condition-coverage="100% (2/2)"/>
						<line number="111" hits="1"/>
						<line number="118" hits="1"/>
						<line number="119" hits="1"/>
						<line number="121" hits="1"/>
						<line number="122" hits="1"/>
						<line number="123" hits="1" branch="true" condition-coverage="100% (2/2)"/>
						<line number="124" hits="1" branch="true" condition-coverage="100% (2/2)"/>
						<line number="125" hits="1"/>
						<line number="130" hits="1"/>
						<line number="131" hits="1"/>
						<line number="133" hits="1"/>
						<line number="137" hits="1"/>
						<line number="141" hits="1"/>
						<line number="153" hits="1"/>
						<line number="155" hits="1" branch="true" condition-coverage="100% (2/2)"/>
						<line number="156" hits="1"/>
						<line number="157" hits="1"/>
						<line number="158" hits="1"/>
						<line number="159" hits="1"/>
						<line number="160" hits="1"/>
						<line number="163" hits="1"/>
						<line number="165" hits="1" branch="true" condition-coverage="100% (2/2)"/>
						<line number="166" hits="1"/>
						<line number="168" hits="1"/>
						<line number="172" hits="1"/>
						<line number="173" hits="1" branch="true" condition-coverage="100% (2/2)"/>
						<line number="174" hits="1"/>
						<line number="175" hits="1"/>
						<line number="177" hits="1"/>
						<line number="178" hits="1"/>
						<line number="179" hits="1"/>
						<line number="180" hits="1"/>
						<line number="182" hits="1" branch="true" condition-coverage="100% (2/2)"/>
						<line number="183" hits="1"/>
						<line number="184" hits="1"/>
						<line number="185" hits="1" branch="true" condition-coverage="100% (2/2)"/>
						<line number="186" hits="1"/>
						<line number="187" hits="1"/>
						<line number="191" hits="1"/>
						<line number="192" hits="1"/>
						<line number="193" hits="1"/>
						<line number="194" hits="1"/>
						<line number="196" hits="1"/>
						<line number="197" hits="1"/>
						<line number="198" hits="1" branch="true" condition-coverage="100% (2/2)"/>
						<line number="199" hits="1"/>
						<line number="200" hits="1" branch="true" condition-coverage="100% (2/2)"/>
						<line number="201" hits="1"/>
						<line number="202" hits="1" branch="true" condition-coverage="100% (2/2)"/>
						<line number="203" hits="1"/>
						<line number="204" hits="1" branch="true" condition-coverage="100% (2/2)"/>
						<line number="205" hits="1"/>
						<line number="207" hits="1"/>
					</lines>
				</class>
				<class name="taskwarrior.py" filename="src/taskwarrior_textual/taskwarrior.py" complexity="0" line-rate="1" branch-rate="1">
					<methods/>
					<lines>
						<line number="3" hits="1"/>
						<line number="5" hits="1"/>
						<line number="6" hits="1"/>
						<line number="7" hits="1"/>
						<line number="8" hits="1"/>
						<line number="9" hits="1"/>
						<line number="10" hits="1"/>
						<line number="11" hits="1"/>
						<line number="13" hits="1"/>
						<line number="16" hits="1"/>
						<line number="20" hits="1"/>
						<line number="29" hits="1"/>
						<line number="30" hits="1"/>
						<line number="33" hits="1"/>
						<line number="35" hits="1"/>
						<line number="36" hits="1" branch="true" condition-coverage="100% (2/2)"/>
						<line number="37" hits="1"/>
						<line number="38" hits="1" branch="true" condition-coverage="100% (2/2)"/>
						<line number="39" hits="1"/>
						<line number="44" hits="1"/>
						<line number="45" hits="1"/>
						<line number="46" hits="1"/>
						<line number="47" hits="1"/>
						<line number="48" hits="1"/>
						<line number="49" hits="1"/>
						<line number="51" hits="1" branch="true" condition-coverage="100% (2/2)"/>
						<line number="52" hits="1"/>
						<line number="53" hits="1"/>
						<line number="56" hits="1"/>
						<line number="58" hits="1"/>
						<line number="60" hits="1"/>
						<line number="61" hits="1"/>
						<line number="62" hits="1"/>
						<line number="63" hits="1"/>
						<line number="64" hits="1"/>
						<line number="65" hits="1" branch="true" condition-coverage="100% (2/2)"/>
						<line number="66" hits="1"/>
						<line number="67" hits="1"/>
						<line number="69" hits="1"/>
						<line number="71" hits="1"/>
						<line number="72" hits="1"/>
						<line number="73" hits="1"/>
						<line number="74" hits="1"/>
						<line number="75" hits="1"/>
						<line number="77" hits="1"/>
						<line number="79" hits="1"/>
						<line number="81" hits="1"/>
						<line number="83" hits="1"/>
						<line number="85" hits="1"/>
						<line number="86" hits="1"/>
						<line number="88" hits="1"/>
						<line number="90" hits="1"/>
						<line number="91" hits="1"/>
						<line number="103" hits="1"/>
						<line number="112" hits="1"/>
						<line number="118" hits="1"/>
						<line number="119" hits="1"/>
						<line number="125" hits="1"/>
						<line number="126" hits="1"/>
						<line number="127" hits="1"/>
						<line number="128" hits="1"/>
						<line number="129" hits="1"/>
						<line number="131" hits="1"/>
						<line number="145" hits="1"/>
						<line number="162" hits="1"/>
						<line number="178" hits="1"/>
						<line number="197" hits="1"/>
						<line number="199" hits="1"/>
						<line number="201" hits="1"/>
						<line number="203" hits="1"/>
						<line number="205" hits="1"/>
						<line number="207" hits="1"/>
						<line number="209" hits="1"/>
						<line number="211" hits="1"/>
						<line number="213" hits="1"/>
						<line number="215" hits="1"/>
					</lines>
				</class>
			</classes>
		</package>
	</packages>
</coverage>
