============================= test session starts ==============================
platform linux -- Python 3.13.5, pytest-9.1.1, pluggy-1.6.0
rootdir: /home/fgm/projets/taskwarrior-textual
configfile: pyproject.toml
testpaths: tests
plugins: asyncio-1.4.0, cov-7.1.0
asyncio: mode=Mode.AUTO, debug=False, asyncio_default_fixture_loop_scope=None, asyncio_default_test_loop_scope=function
collected 221 items

tests/test_app.py ...................................................... [ 24%]
............................................                             [ 44%]
tests/test_config.py .....................................               [ 61%]
tests/test_main.py ..                                                    [ 61%]
tests/test_models.py ..............                                      [ 68%]
tests/test_planning.py ......................                            [ 78%]
tests/test_taskwarrior.py .............................................. [ 99%]
..                                                                       [100%]

- generated xml file: /home/fgm/projets/taskwarrior-textual/reports/junit.xml --
================================ tests coverage ================================
_______________ coverage: platform linux, python 3.13.5-final-0 ________________

Name                                     Stmts   Miss Branch BrPart  Cover   Missing
------------------------------------------------------------------------------------
src/taskwarrior_textual/app.py             720      5    176      5    99%   1358, 1379, 1390, 1397, 1408
src/taskwarrior_textual/taskwarrior.py     131      2     34      2    98%   79, 98
------------------------------------------------------------------------------------
TOTAL                                     1251      7    334      7    99%

5 files skipped due to complete coverage.
Coverage HTML written to dir htmlcov
Coverage XML written to file reports/coverage.xml
Required test coverage of 95.0% reached. Total coverage: 99.12%
======================== 221 passed in 85.39s (0:01:25) ========================
