============================= test session starts ==============================
platform linux -- Python 3.13.5, pytest-9.1.1, pluggy-1.6.0
rootdir: /home/fgm/projets/taskwarrior-textual
configfile: pyproject.toml
testpaths: tests
plugins: asyncio-1.4.0, cov-7.1.0
asyncio: mode=Mode.AUTO, debug=False, asyncio_default_fixture_loop_scope=None, asyncio_default_test_loop_scope=function
collected 263 items

tests/test_app.py ...............................F...F.F...F.......FF.FF [ 20%]
..F.......................................................               [ 42%]
tests/test_config.py .......................................             [ 57%]
tests/test_main.py ..                                                    [ 58%]
tests/test_models.py ..............                                      [ 63%]
tests/test_planning.py ..................FFFFFFFFFFFFFFFFF.              [ 77%]
tests/test_taskwarrior.py .............................................. [ 94%]
..............
ERROR: Coverage failure: total of 92 is less than fail-under=95
                                                                         [100%]

=================================== FAILURES ===================================
___________ test_critical_path_action_uses_timewarrior_tracked_hours ___________

    async def test_critical_path_action_uses_timewarrior_tracked_hours() -> None:
        active = Task(
            uuid="abababab-1111-2222-3333-444444444444",
            description="Tracked active",
            status="pending",
            start="20260923T080000Z",
            estimate_hours=4.0,
        )
        client = FakeUiClient(tasks=[active])
        client.tracked_hours = {active.uuid: 1.5}
        app = TaskwarriorApp(
            client=client,
            planning_settings=PlanningSettings(timezone="UTC"),
        )
    
        async with app.run_test() as pilot:
            await pilot.pause()
            await pilot.press("shift+c")
            await pilot.pause()
    
>           body = str(app.screen.query_one("#critical-path-body").render())
                       ^^^^^^^^^^^^^^^^^^^^^^^^^^^^^^^^^^^^^^^^^^^

tests/test_app.py:629: 
_ _ _ _ _ _ _ _ _ _ _ _ _ _ _ _ _ _ _ _ _ _ _ _ _ _ _ _ _ _ _ _ _ _ _ _ _ _ _ _ 

self = Screen(id='_default'), selector = '#critical-path-body'
expect_type = None

    def query_one(
        self,
        selector: str | type[QueryType],
        expect_type: type[QueryType] | None = None,
    ) -> QueryType | Widget:
        """Get a widget from this widget's children that matches a selector or widget type.
    
        Args:
            selector: A selector or widget type.
            expect_type: Require the object be of the supplied type, or None for any type.
    
        Raises:
            WrongType: If the wrong type was found.
            NoMatches: If no node matches the query.
    
        Returns:
            A widget matching the selector.
        """
        _rich_traceback_omit = True
    
        base_node = self._get_dom_base()
    
        if isinstance(selector, str):
            query_selector = selector
        else:
            query_selector = selector.__name__
    
        if is_id_selector(query_selector):
            cache_key = (base_node._nodes._updates, query_selector, expect_type)
            cached_result = base_node._query_one_cache.get(cache_key)
            if cached_result is not None:
                return cached_result
            if (
                node := walk_breadth_search_id(
                    base_node, query_selector[1:], with_root=False
                )
            ) is not None:
                if expect_type is not None and not isinstance(node, expect_type):
                    raise WrongType(
                        f"Node matching {query_selector!r} is the wrong type; expected type {expect_type.__name__!r}, found {node}"
                    )
                base_node._query_one_cache[cache_key] = node
                return node
>           raise NoMatches(f"No nodes match {query_selector!r} on {base_node!r}")
E           textual.css.query.NoMatches: No nodes match '#critical-path-body' on Screen(id='_default')

.venv/lib/python3.13/site-packages/textual/dom.py:1505: NoMatches

During handling of the above exception, another exception occurred:

    async def test_critical_path_action_uses_timewarrior_tracked_hours() -> None:
        active = Task(
            uuid="abababab-1111-2222-3333-444444444444",
            description="Tracked active",
            status="pending",
            start="20260923T080000Z",
            estimate_hours=4.0,
        )
        client = FakeUiClient(tasks=[active])
        client.tracked_hours = {active.uuid: 1.5}
        app = TaskwarriorApp(
            client=client,
            planning_settings=PlanningSettings(timezone="UTC"),
        )
    
>       async with app.run_test() as pilot:
                   ^^^^^^^^^^^^^^

tests/test_app.py:624: 
_ _ _ _ _ _ _ _ _ _ _ _ _ _ _ _ _ _ _ _ _ _ _ _ _ _ _ _ _ _ _ _ _ _ _ _ _ _ _ _ 
/usr/lib/python3.13/contextlib.py:235: in __aexit__
    await self.gen.athrow(value)
.venv/lib/python3.13/site-packages/textual/app.py:2218: in run_test
    raise self._exception
.venv/lib/python3.13/site-packages/textual/message_pump.py:663: in _process_messages_loop
    await self._dispatch_message(message)
.venv/lib/python3.13/site-packages/textual/message_pump.py:727: in _dispatch_message
    await self.on_event(message)
.venv/lib/python3.13/site-packages/textual/app.py:4148: in on_event
    await super().on_event(event)
.venv/lib/python3.13/site-packages/textual/message_pump.py:808: in on_event
    await self._on_message(event)
.venv/lib/python3.13/site-packages/textual/message_pump.py:829: in _on_message
    await invoke(method, message)
.venv/lib/python3.13/site-packages/textual/_callback.py:96: in invoke
    return await _invoke(callback, *params)
           ^^^^^^^^^^^^^^^^^^^^^^^^^^^^^^^^
.venv/lib/python3.13/site-packages/textual/_callback.py:58: in _invoke
    result = await result
             ^^^^^^^^^^^^
.venv/lib/python3.13/site-packages/textual/app.py:4342: in _on_key
    if not (await self._check_bindings(event.key)):
            ^^^^^^^^^^^^^^^^^^^^^^^^^^^^^^^^^^^^^
.venv/lib/python3.13/site-packages/textual/app.py:3986: in _check_bindings
    if await self.run_action(binding.action, namespace):
       ^^^^^^^^^^^^^^^^^^^^^^^^^^^^^^^^^^^^^^^^^^^^^^^^
.venv/lib/python3.13/site-packages/textual/app.py:4246: in run_action
    return await self._dispatch_action(action_target, action_name, params)
           ^^^^^^^^^^^^^^^^^^^^^^^^^^^^^^^^^^^^^^^^^^^^^^^^^^^^^^^^^^^^^^^
.venv/lib/python3.13/site-packages/textual/app.py:4279: in _dispatch_action
    await invoke(public_method, *params)
.venv/lib/python3.13/site-packages/textual/_callback.py:96: in invoke
    return await _invoke(callback, *params)
           ^^^^^^^^^^^^^^^^^^^^^^^^^^^^^^^^
.venv/lib/python3.13/site-packages/textual/_callback.py:56: in _invoke
    result = callback(*params[:parameter_count])
             ^^^^^^^^^^^^^^^^^^^^^^^^^^^^^^^^^^^
src/taskwarrior_textual/app.py:1519: in action_show_critical_path
    self._critical_path_summary(
src/taskwarrior_textual/app.py:965: in _critical_path_summary
    absolute = build_absolute_schedule(
_ _ _ _ _ _ _ _ _ _ _ _ _ _ _ _ _ _ _ _ _ _ _ _ _ _ _ _ _ _ _ _ _ _ _ _ _ _ _ _ 

graph = PlanningGraph(by_uuid={'abababab-1111-2222-3333-444444444444': Task(uuid='abababab-1111-2222-3333-444444444444', descr...bab-1111-2222-3333-444444444444',), remaining=(), cycle_nodes=frozenset(), blocked_by_cycle=frozenset(), unresolved=())
settings = PlanningSettings(timezone='UTC', workdays=(0, 1, 2, 3, 4), work_periods=(('08:00', '12:00'), ('13:00', '17:00')), holidays=(), dependency_depth=10, capacity=None)
now = datetime.datetime(2026, 9, 23, 13, 23, 30, 930516, tzinfo=datetime.timezone.utc)
tracked_hours = {'abababab-1111-2222-3333-444444444444': 1.5}

    def build_absolute_schedule(
        graph: PlanningGraph,
        settings: PlanningSettings | None = None,
        *,
        now: datetime | None = None,
        tracked_hours: dict[str, float] | None = None,
    ) -> AbsoluteSchedule | None:
        """Build an absolute UTC schedule using the configured working calendar."""
        if graph.cyclic:
            return None
    
        resolved_settings = settings or PlanningSettings()
        calendar = WorkingCalendar(resolved_settings)
        resolved_now = now or datetime.now(UTC)
        scheduled = {
            uuid: parse_taskwarrior_datetime(task.scheduled)
            for uuid, task in graph.by_uuid.items()
        }
        invalid_scheduled = sorted(
            task.short_uuid
            for uuid, task in graph.by_uuid.items()
            if task.scheduled
            and (
                scheduled[uuid] is None
                or not calendar.is_working_time(scheduled[uuid])
            )
        )
        invalid_scheduled_uuids = {
            uuid
            for uuid, task in graph.by_uuid.items()
            if task.scheduled
            and (
                scheduled[uuid] is None
                or not calendar.is_working_time(scheduled[uuid])
            )
        }
        anchors = [
            value
            for uuid, value in scheduled.items()
            if value is not None and uuid not in invalid_scheduled_uuids
        ]
        if any(task.active for task in graph.by_uuid.values()):
            anchors.append(resolved_now)
        if not anchors:
            return None
        origin = min(anchors)
    
        starts: dict[str, datetime] = {}
        finishes: dict[str, datetime] = {}
        late_by: dict[str, float] = {}
        due_slack: dict[str, float] = {}
        invalid_due: list[str] = []
        reservations: list[tuple[datetime, datetime]] = []
    
        for uuid in graph.order:
            if uuid in invalid_scheduled_uuids:
                continue
    
            dependencies = graph.dependencies[uuid]
            if any(dependency not in finishes for dependency in dependencies):
                continue
    
            task = graph.by_uuid[uuid]
            candidates = [origin]
            explicit_start = scheduled[uuid]
            if task.active:
                candidates.append(resolved_now)
            elif explicit_start is not None:
                candidates.append(explicit_start)
            candidates.extend(finishes[dependency] for dependency in dependencies)
>           estimate_hours = _remaining_estimate_hours(
                             ^^^^^^^^^^^^^^^^^^^^^^^^^
                task,
                calendar,
                resolved_now,
                tracked_hours,
            )
E           NameError: name '_remaining_estimate_hours' is not defined

src/taskwarrior_textual/planning.py:368: NameError
----------------------------- Captured stderr call -----------------------------
╭───────────────────── Traceback (most recent call last) ──────────────────────╮
│ /home/fgm/projets/taskwarrior-textual/src/taskwarrior_textual/app.py:1519 in │
│ action_show_critical_path                                                    │
│                                                                              │
│   1516 │   │   tracked_hours, now = context                                  │
│   1517 │   │   self.push_screen(                                             │
│   1518 │   │   │   CriticalPathScreen(                                       │
│ ❱ 1519 │   │   │   │   self._critical_path_summary(                          │
│   1520 │   │   │   │   │   tasks,                                            │
│   1521 │   │   │   │   │   self.planning_settings,                           │
│   1522 │   │   │   │   │   now=now,                                          │
│                                                                              │
│ ╭───────────────────────────────── locals ─────────────────────────────────╮ │
│ │       context = (                                                        │ │
│ │                 │   {'abababab-1111-2222-3333-444444444444': 1.5},       │ │
│ │                 │   datetime.datetime(2026, 9, 23, 13, 23, 30, 930516,   │ │
│ │                 tzinfo=datetime.timezone.utc)                            │ │
│ │                 )                                                        │ │
│ │           now = datetime.datetime(2026, 9, 23, 13, 23, 30, 930516,       │ │
│ │                 tzinfo=datetime.timezone.utc)                            │ │
│ │          self = TaskwarriorApp(                                          │ │
│ │                 │   title='Taskwarrior Textual',                         │ │
│ │                 │   classes={'-dark-mode'},                              │ │
│ │                 │   pseudo_classes={'dark', 'focus'}                     │ │
│ │                 )                                                        │ │
│ │         tasks = [                                                        │ │
│ │                 │   Task(                                                │ │
│ │                 │   │   uuid='abababab-1111-2222-3333-444444444444',     │ │
│ │                 │   │   description='Tracked active',                    │ │
│ │                 │   │   status='pending',                                │ │
│ │                 │   │   project='',                                      │ │
│ │                 │   │   priority='',                                     │ │
│ │                 │   │   due='',                                          │ │
│ │                 │   │   urgency=0.0,                                     │ │
│ │                 │   │   tags=(),                                         │ │
│ │                 │   │   depends=(),                                      │ │
│ │                 │   │   wait='',                                         │ │
│ │                 │   │   scheduled='',                                    │ │
│ │                 │   │   start='20260923T080000Z',                        │ │
│ │                 │   │   end='',                                          │ │
│ │                 │   │   entry='',                                        │ │
│ │                 │   │   estimate_hours=4.0,                              │ │
│ │                 │   │   estimate_defined=False                           │ │
│ │                 │   )                                                    │ │
│ │                 ]                                                        │ │
│ │ tracked_hours = {'abababab-1111-2222-3333-444444444444': 1.5}            │ │
│ ╰──────────────────────────────────────────────────────────────────────────╯ │
│                                                                              │
│ /home/fgm/projets/taskwarrior-textual/src/taskwarrior_textual/app.py:965 in  │
│ _critical_path_summary                                                       │
│                                                                              │
│    962 │   │   │   │   f"{'milestone' if task.is_milestone else 'task'}"     │
│    963 │   │   │   )                                                         │
│    964 │   │                                                                 │
│ ❱  965 │   │   absolute = build_absolute_schedule(                           │
│    966 │   │   │   graph,                                                    │
│    967 │   │   │   settings,                                                 │
│    968 │   │   │   now=now,                                                  │
│                                                                              │
│ ╭───────────────────────────────── locals ─────────────────────────────────╮ │
│ │          by_uuid = {                                                     │ │
│ │                    │   'abababab-1111-2222-3333-444444444444': Task(     │ │
│ │                    │   │   uuid='abababab-1111-2222-3333-444444444444',  │ │
│ │                    │   │   description='Tracked active',                 │ │
│ │                    │   │   status='pending',                             │ │
│ │                    │   │   project='',                                   │ │
│ │                    │   │   priority='',                                  │ │
│ │                    │   │   due='',                                       │ │
│ │                    │   │   urgency=0.0,                                  │ │
│ │                    │   │   tags=(),                                      │ │
│ │                    │   │   depends=(),                                   │ │
│ │                    │   │   wait='',                                      │ │
│ │                    │   │   scheduled='',                                 │ │
│ │                    │   │   start='20260923T080000Z',                     │ │
│ │                    │   │   end='',                                       │ │
│ │                    │   │   entry='',                                     │ │
│ │                    │   │   estimate_hours=4.0,                           │ │
│ │                    │   │   estimate_defined=False                        │ │
│ │                    │   )                                                 │ │
│ │                    }                                                     │ │
│ │         critical = frozenset({'abababab-1111-2222-3333-444444444444'})   │ │
│ │          current = 'abababab-1111-2222-3333-444444444444'                │ │
│ │     dependencies = {'abababab-1111-2222-3333-444444444444': frozenset()} │ │
│ │  earliest_finish = {'abababab-1111-2222-3333-444444444444': 2.5}         │ │
│ │   earliest_start = {'abababab-1111-2222-3333-444444444444': 0.0}         │ │
│ │            graph = PlanningGraph(                                        │ │
│ │                    │   by_uuid={                                         │ │
│ │                    │   │   'abababab-1111-2222-3333-444444444444': Task( │ │
│ │                    │   │   │                                             │ │
│ │                    uuid='abababab-1111-2222-3333-444444444444',          │ │
│ │                    │   │   │   description='Tracked active',             │ │
│ │                    │   │   │   status='pending',                         │ │
│ │                    │   │   │   project='',                               │ │
│ │                    │   │   │   priority='',                              │ │
│ │                    │   │   │   due='',                                   │ │
│ │                    │   │   │   urgency=0.0,                              │ │
│ │                    │   │   │   tags=(),                                  │ │
│ │                    │   │   │   depends=(),                               │ │
│ │                    │   │   │   wait='',                                  │ │
│ │                    │   │   │   scheduled='',                             │ │
│ │                    │   │   │   start='20260923T080000Z',                 │ │
│ │                    │   │   │   end='',                                   │ │
│ │                    │   │   │   entry='',                                 │ │
│ │                    │   │   │   estimate_hours=4.0,                       │ │
│ │                    │   │   │   estimate_defined=False                    │ │
│ │                    │   │   )                                             │ │
│ │                    │   },                                                │ │
│ │                    │   dependencies={                                    │ │
│ │                    │   │   'abababab-1111-2222-3333-444444444444':       │ │
│ │                    frozenset()                                           │ │
│ │                    │   },                                                │ │
│ │                    │   successors={                                      │ │
│ │                    │   │   'abababab-1111-2222-3333-444444444444':       │ │
│ │                    frozenset()                                           │ │
│ │                    │   },                                                │ │
│ │                    │   order=('abababab-1111-2222-3333-444444444444',),  │ │
│ │                    │   remaining=(),                                     │ │
│ │                    │   cycle_nodes=frozenset(),                          │ │
│ │                    │   blocked_by_cycle=frozenset(),                     │ │
│ │                    │   unresolved=()                                     │ │
│ │                    )                                                     │ │
│ │            lines = [                                                     │ │
│ │                    │   'Project duration: 2.50h',                        │ │
│ │                    │   'Critical path: abababab',                        │ │
│ │                    │   '',                                               │ │
│ │                    │   'UUID | Estimate | ES | EF | Slack | Critical |   │ │
│ │                    Kind',                                                │ │
│ │                    │   'abababab | 4.00h | 0.00 | 2.50 | 0.00 | yes |    │ │
│ │                    task'                                                 │ │
│ │                    ]                                                     │ │
│ │              now = datetime.datetime(2026, 9, 23, 13, 23, 30, 930516,    │ │
│ │                    tzinfo=datetime.timezone.utc)                         │ │
│ │            order = ['abababab-1111-2222-3333-444444444444']              │ │
│ │             path = ['abababab-1111-2222-3333-444444444444']              │ │
│ │ project_duration = 2.5                                                   │ │
│ │         schedule = RelativeSchedule(                                     │ │
│ │                    │   graph=PlanningGraph(                              │ │
│ │                    │   │   by_uuid={                                     │ │
│ │                    │   │   │   'abababab-1111-2222-3333-444444444444':   │ │
│ │                    Task(                                                 │ │
│ │                    │   │   │   │                                         │ │
│ │                    uuid='abababab-1111-2222-3333-444444444444',          │ │
│ │                    │   │   │   │   description='Tracked active',         │ │
│ │                    │   │   │   │   status='pending',                     │ │
│ │                    │   │   │   │   project='',                           │ │
│ │                    │   │   │   │   priority='',                          │ │
│ │                    │   │   │   │   due='',                               │ │
│ │                    │   │   │   │   urgency=0.0,                          │ │
│ │                    │   │   │   │   tags=(),                              │ │
│ │                    │   │   │   │   depends=(),                           │ │
│ │                    │   │   │   │   wait='',                              │ │
│ │                    │   │   │   │   scheduled='',                         │ │
│ │                    │   │   │   │   start='20260923T080000Z',             │ │
│ │                    │   │   │   │   end='',                               │ │
│ │                    │   │   │   │   entry='',                             │ │
│ │                    │   │   │   │   estimate_hours=4.0,                   │ │
│ │                    │   │   │   │   estimate_defined=False                │ │
│ │                    │   │   │   )                                         │ │
│ │                    │   │   },                                            │ │
│ │                    │   │   dependencies={                                │ │
│ │                    │   │   │   'abababab-1111-2222-3333-444444444444':   │ │
│ │                    frozenset()                                           │ │
│ │                    │   │   },                                            │ │
│ │                    │   │   successors={                                  │ │
│ │                    │   │   │   'abababab-1111-2222-3333-444444444444':   │ │
│ │                    frozenset()                                           │ │
│ │                    │   │   },                                            │ │
│ │                    │   │   order=(                                       │ │
│ │                    │   │   │   'abababab-1111-2222-3333-444444444444',   │ │
│ │                    │   │   ),                                            │ │
│ │                    │   │   remaining=(),                                 │ │
│ │                    │   │   cycle_nodes=frozenset(),                      │ │
│ │                    │   │   blocked_by_cycle=frozenset(),                 │ │
│ │                    │   │   unresolved=()                                 │ │
│ │                    │   ),                                                │ │
│ │                    │   earliest_start={                                  │ │
│ │                    │   │   'abababab-1111-2222-3333-444444444444': 0.0   │ │
│ │                    │   },                                                │ │
│ │                    │   earliest_finish={                                 │ │
│ │                    │   │   'abababab-1111-2222-3333-444444444444': 2.5   │ │
│ │                    │   },                                                │ │
│ │                    │   latest_start={                                    │ │
│ │                    │   │   'abababab-1111-2222-3333-444444444444': 0.0   │ │
│ │                    │   },                                                │ │
│ │                    │   slack={                                           │ │
│ │                    │   │   'abababab-1111-2222-3333-444444444444': 0.0   │ │
│ │                    │   },                                                │ │
│ │                    │   critical=frozenset({                              │ │
│ │                    │   │   'abababab-1111-2222-3333-444444444444'        │ │
│ │                    │   }),                                               │ │
│ │                    │   duration=2.5                                      │ │
│ │                    )                                                     │ │
│ │         settings = PlanningSettings(                                     │ │
│ │                    │   timezone='UTC',                                   │ │
│ │                    │   workdays=(0, 1, 2, 3, 4),                         │ │
│ │                    │   work_periods=(                                    │ │
│ │                    │   │   ('08:00', '12:00'),                           │ │
│ │                    │   │   ('13:00', '17:00')                            │ │
│ │                    │   ),                                                │ │
│ │                    │   holidays=(),                                      │ │
│ │                    │   dependency_depth=10,                              │ │
│ │                    │   capacity=None                                     │ │
│ │                    )                                                     │ │
│ │            slack = {'abababab-1111-2222-3333-444444444444': 0.0}         │ │
│ │             task = Task(                                                 │ │
│ │                    │   uuid='abababab-1111-2222-3333-444444444444',      │ │
│ │                    │   description='Tracked active',                     │ │
│ │                    │   status='pending',                                 │ │
│ │                    │   project='',                                       │ │
│ │                    │   priority='',                                      │ │
│ │                    │   due='',                                           │ │
│ │                    │   urgency=0.0,                                      │ │
│ │                    │   tags=(),                                          │ │
│ │                    │   depends=(),                                       │ │
│ │                    │   wait='',                                          │ │
│ │                    │   scheduled='',                                     │ │
│ │                    │   start='20260923T080000Z',                         │ │
│ │                    │   end='',                                           │ │
│ │                    │   entry='',                                         │ │
│ │                    │   estimate_hours=4.0,                               │ │
│ │                    │   estimate_defined=False                            │ │
│ │                    )                                                     │ │
│ │            tasks = [                                                     │ │
│ │                    │   Task(                                             │ │
│ │                    │   │   uuid='abababab-1111-2222-3333-444444444444',  │ │
│ │                    │   │   description='Tracked active',                 │ │
│ │                    │   │   status='pending',                             │ │
│ │                    │   │   project='',                                   │ │
│ │                    │   │   priority='',                                  │ │
│ │                    │   │   due='',                                       │ │
│ │                    │   │   urgency=0.0,                                  │ │
│ │                    │   │   tags=(),                                      │ │
│ │                    │   │   depends=(),                                   │ │
│ │                    │   │   wait='',                                      │ │
│ │                    │   │   scheduled='',                                 │ │
│ │                    │   │   start='20260923T080000Z',                     │ │
│ │                    │   │   end='',                                       │ │
│ │                    │   │   entry='',                                     │ │
│ │                    │   │   estimate_hours=4.0,                           │ │
│ │                    │   │   estimate_defined=False                        │ │
│ │                    │   )                                                 │ │
│ │                    ]                                                     │ │
│ │         terminal = 'abababab-1111-2222-3333-444444444444'                │ │
│ │    tracked_hours = {'abababab-1111-2222-3333-444444444444': 1.5}         │ │
│ │       unresolved = ()                                                    │ │
│ │             uuid = 'abababab-1111-2222-3333-444444444444'                │ │
│ ╰──────────────────────────────────────────────────────────────────────────╯ │
│                                                                              │
│ /home/fgm/projets/taskwarrior-textual/src/taskwarrior_textual/planning.py:36 │
│ 8 in build_absolute_schedule                                                 │
│                                                                              │
│   365 │   │   elif explicit_start is not None:                               │
│   366 │   │   │   candidates.append(explicit_start)                          │
│   367 │   │   candidates.extend(finishes[dependency] for dependency in depen │
│ ❱ 368 │   │   estimate_hours = _remaining_estimate_hours(                    │
│   369 │   │   │   task,                                                      │
│   370 │   │   │   calendar,                                                  │
│   371 │   │   │   resolved_now,                                              │
│                                                                              │
│ ╭───────────────────────────────── locals ─────────────────────────────────╮ │
│ │                 anchors = [                                              │ │
│ │                           │   datetime.datetime(2026, 9, 23, 13, 23, 30, │ │
│ │                           930516, tzinfo=datetime.timezone.utc)          │ │
│ │                           ]                                              │ │
│ │                calendar = WorkingCalendar(                               │ │
│ │                           │   settings=PlanningSettings(                 │ │
│ │                           │   │   timezone='UTC',                        │ │
│ │                           │   │   workdays=(0, 1, 2, 3, 4),              │ │
│ │                           │   │   work_periods=(                         │ │
│ │                           │   │   │   ('08:00', '12:00'),                │ │
│ │                           │   │   │   ('13:00', '17:00')                 │ │
│ │                           │   │   ),                                     │ │
│ │                           │   │   holidays=(),                           │ │
│ │                           │   │   dependency_depth=10,                   │ │
│ │                           │   │   capacity=None                          │ │
│ │                           │   )                                          │ │
│ │                           )                                              │ │
│ │              candidates = [                                              │ │
│ │                           │   datetime.datetime(2026, 9, 23, 13, 23, 30, │ │
│ │                           930516, tzinfo=datetime.timezone.utc),         │ │
│ │                           │   datetime.datetime(2026, 9, 23, 13, 23, 30, │ │
│ │                           930516, tzinfo=datetime.timezone.utc)          │ │
│ │                           ]                                              │ │
│ │            dependencies = frozenset()                                    │ │
│ │               due_slack = {}                                             │ │
│ │          explicit_start = None                                           │ │
│ │                finishes = {}                                             │ │
│ │                   graph = PlanningGraph(                                 │ │
│ │                           │   by_uuid={                                  │ │
│ │                           │   │                                          │ │
│ │                           'abababab-1111-2222-3333-444444444444': Task(  │ │
│ │                           │   │   │                                      │ │
│ │                           uuid='abababab-1111-2222-3333-444444444444',   │ │
│ │                           │   │   │   description='Tracked active',      │ │
│ │                           │   │   │   status='pending',                  │ │
│ │                           │   │   │   project='',                        │ │
│ │                           │   │   │   priority='',                       │ │
│ │                           │   │   │   due='',                            │ │
│ │                           │   │   │   urgency=0.0,                       │ │
│ │                           │   │   │   tags=(),                           │ │
│ │                           │   │   │   depends=(),                        │ │
│ │                           │   │   │   wait='',                           │ │
│ │                           │   │   │   scheduled='',                      │ │
│ │                           │   │   │   start='20260923T080000Z',          │ │
│ │                           │   │   │   end='',                            │ │
│ │                           │   │   │   entry='',                          │ │
│ │                           │   │   │   estimate_hours=4.0,                │ │
│ │                           │   │   │   estimate_defined=False             │ │
│ │                           │   │   )                                      │ │
│ │                           │   },                                         │ │
│ │                           │   dependencies={                             │ │
│ │                           │   │                                          │ │
│ │                           'abababab-1111-2222-3333-444444444444':        │ │
│ │                           frozenset()                                    │ │
│ │                           │   },                                         │ │
│ │                           │   successors={                               │ │
│ │                           │   │                                          │ │
│ │                           'abababab-1111-2222-3333-444444444444':        │ │
│ │                           frozenset()                                    │ │
│ │                           │   },                                         │ │
│ │                           │   order=(                                    │ │
│ │                           │   │                                          │ │
│ │                           'abababab-1111-2222-3333-444444444444',        │ │
│ │                           │   ),                                         │ │
│ │                           │   remaining=(),                              │ │
│ │                           │   cycle_nodes=frozenset(),                   │ │
│ │                           │   blocked_by_cycle=frozenset(),              │ │
│ │                           │   unresolved=()                              │ │
│ │                           )                                              │ │
│ │             invalid_due = []                                             │ │
│ │       invalid_scheduled = []                                             │ │
│ │ invalid_scheduled_uuids = set()                                          │ │
│ │                 late_by = {}                                             │ │
│ │                     now = datetime.datetime(2026, 9, 23, 13, 23, 30,     │ │
│ │                           930516, tzinfo=datetime.timezone.utc)          │ │
│ │                  origin = datetime.datetime(2026, 9, 23, 13, 23, 30,     │ │
│ │                           930516, tzinfo=datetime.timezone.utc)          │ │
│ │            reservations = []                                             │ │
│ │            resolved_now = datetime.datetime(2026, 9, 23, 13, 23, 30,     │ │
│ │                           930516, tzinfo=datetime.timezone.utc)          │ │
│ │       resolved_settings = PlanningSettings(                              │ │
│ │                           │   timezone='UTC',                            │ │
│ │                           │   workdays=(0, 1, 2, 3, 4),                  │ │
│ │                           │   work_periods=(                             │ │
│ │                           │   │   ('08:00', '12:00'),                    │ │
│ │                           │   │   ('13:00', '17:00')                     │ │
│ │                           │   ),                                         │ │
│ │                           │   holidays=(),                               │ │
│ │                           │   dependency_depth=10,                       │ │
│ │                           │   capacity=None                              │ │
│ │                           )                                              │ │
│ │               scheduled = {'abababab-1111-2222-3333-444444444444': None} │ │
│ │                settings = PlanningSettings(                              │ │
│ │                           │   timezone='UTC',                            │ │
│ │                           │   workdays=(0, 1, 2, 3, 4),                  │ │
│ │                           │   work_periods=(                             │ │
│ │                           │   │   ('08:00', '12:00'),                    │ │
│ │                           │   │   ('13:00', '17:00')                     │ │
│ │                           │   ),                                         │ │
│ │                           │   holidays=(),                               │ │
│ │                           │   dependency_depth=10,                       │ │
│ │                           │   capacity=None                              │ │
│ │                           )                                              │ │
│ │                  starts = {}                                             │ │
│ │                    task = Task(                                          │ │
│ │                           │                                              │ │
│ │                           uuid='abababab-1111-2222-3333-444444444444',   │ │
│ │                           │   description='Tracked active',              │ │
│ │                           │   status='pending',                          │ │
│ │                           │   project='',                                │ │
│ │                           │   priority='',                               │ │
│ │                           │   due='',                                    │ │
│ │                           │   urgency=0.0,                               │ │
│ │                           │   tags=(),                                   │ │
│ │                           │   depends=(),                                │ │
│ │                           │   wait='',                                   │ │
│ │                           │   scheduled='',                              │ │
│ │                           │   start='20260923T080000Z',                  │ │
│ │                           │   end='',                                    │ │
│ │                           │   entry='',                                  │ │
│ │                           │   estimate_hours=4.0,                        │ │
│ │                           │   estimate_defined=False                     │ │
│ │                           )                                              │ │
│ │           tracked_hours = {'abababab-1111-2222-3333-444444444444': 1.5}  │ │
│ │                    uuid = 'abababab-1111-2222-3333-444444444444'         │ │
│ ╰──────────────────────────────────────────────────────────────────────────╯ │
╰──────────────────────────────────────────────────────────────────────────────╯
NameError: name '_remaining_estimate_hours' is not defined
______ test_critical_path_summary_marks_milestones_and_deadline_pressure _______

    def test_critical_path_summary_marks_milestones_and_deadline_pressure() -> None:
        start = Task(
            uuid="11111111-1111-1111-1111-111111111111",
            description="Start",
            status="pending",
            scheduled="20260924T090000Z",
            estimate_hours=2.0,
        )
        milestone = Task(
            uuid="22222222-2222-2222-2222-222222222222",
            description="Gate",
            status="pending",
            depends=(start.uuid,),
            due="20260924T100000Z",
            estimate_hours=0.0,
            estimate_defined=True,
        )
    
>       summary = TaskwarriorApp._critical_path_summary(
            [milestone, start], PlanningSettings(timezone="UTC")
        )

tests/test_app.py:735: 
_ _ _ _ _ _ _ _ _ _ _ _ _ _ _ _ _ _ _ _ _ _ _ _ _ _ _ _ _ _ _ _ _ _ _ _ _ _ _ _ 
src/taskwarrior_textual/app.py:965: in _critical_path_summary
    absolute = build_absolute_schedule(
_ _ _ _ _ _ _ _ _ _ _ _ _ _ _ _ _ _ _ _ _ _ _ _ _ _ _ _ _ _ _ _ _ _ _ _ _ _ _ _ 

graph = PlanningGraph(by_uuid={'22222222-2222-2222-2222-222222222222': Task(uuid='22222222-2222-2222-2222-222222222222', descr...2222-2222-2222-2222-222222222222'), remaining=(), cycle_nodes=frozenset(), blocked_by_cycle=frozenset(), unresolved=())
settings = PlanningSettings(timezone='UTC', workdays=(0, 1, 2, 3, 4), work_periods=(('08:00', '12:00'), ('13:00', '17:00')), holidays=(), dependency_depth=10, capacity=None)
now = None, tracked_hours = None

    def build_absolute_schedule(
        graph: PlanningGraph,
        settings: PlanningSettings | None = None,
        *,
        now: datetime | None = None,
        tracked_hours: dict[str, float] | None = None,
    ) -> AbsoluteSchedule | None:
        """Build an absolute UTC schedule using the configured working calendar."""
        if graph.cyclic:
            return None
    
        resolved_settings = settings or PlanningSettings()
        calendar = WorkingCalendar(resolved_settings)
        resolved_now = now or datetime.now(UTC)
        scheduled = {
            uuid: parse_taskwarrior_datetime(task.scheduled)
            for uuid, task in graph.by_uuid.items()
        }
        invalid_scheduled = sorted(
            task.short_uuid
            for uuid, task in graph.by_uuid.items()
            if task.scheduled
            and (
                scheduled[uuid] is None
                or not calendar.is_working_time(scheduled[uuid])
            )
        )
        invalid_scheduled_uuids = {
            uuid
            for uuid, task in graph.by_uuid.items()
            if task.scheduled
            and (
                scheduled[uuid] is None
                or not calendar.is_working_time(scheduled[uuid])
            )
        }
        anchors = [
            value
            for uuid, value in scheduled.items()
            if value is not None and uuid not in invalid_scheduled_uuids
        ]
        if any(task.active for task in graph.by_uuid.values()):
            anchors.append(resolved_now)
        if not anchors:
            return None
        origin = min(anchors)
    
        starts: dict[str, datetime] = {}
        finishes: dict[str, datetime] = {}
        late_by: dict[str, float] = {}
        due_slack: dict[str, float] = {}
        invalid_due: list[str] = []
        reservations: list[tuple[datetime, datetime]] = []
    
        for uuid in graph.order:
            if uuid in invalid_scheduled_uuids:
                continue
    
            dependencies = graph.dependencies[uuid]
            if any(dependency not in finishes for dependency in dependencies):
                continue
    
            task = graph.by_uuid[uuid]
            candidates = [origin]
            explicit_start = scheduled[uuid]
            if task.active:
                candidates.append(resolved_now)
            elif explicit_start is not None:
                candidates.append(explicit_start)
            candidates.extend(finishes[dependency] for dependency in dependencies)
>           estimate_hours = _remaining_estimate_hours(
                             ^^^^^^^^^^^^^^^^^^^^^^^^^
                task,
                calendar,
                resolved_now,
                tracked_hours,
            )
E           NameError: name '_remaining_estimate_hours' is not defined

src/taskwarrior_textual/planning.py:368: NameError
__ test_critical_path_summary_omits_deadline_pressure_with_anchor_but_no_due ___

    def test_critical_path_summary_omits_deadline_pressure_with_anchor_but_no_due() -> None:
        task = Task(
            uuid="12121212-1111-2222-3333-444444444444",
            description="Scheduled only",
            status="pending",
            scheduled="20260924T090000Z",
            estimate_hours=1.0,
        )
    
>       summary = TaskwarriorApp._critical_path_summary([task])
                  ^^^^^^^^^^^^^^^^^^^^^^^^^^^^^^^^^^^^^^^^^^^^^

tests/test_app.py:771: 
_ _ _ _ _ _ _ _ _ _ _ _ _ _ _ _ _ _ _ _ _ _ _ _ _ _ _ _ _ _ _ _ _ _ _ _ _ _ _ _ 
src/taskwarrior_textual/app.py:965: in _critical_path_summary
    absolute = build_absolute_schedule(
_ _ _ _ _ _ _ _ _ _ _ _ _ _ _ _ _ _ _ _ _ _ _ _ _ _ _ _ _ _ _ _ _ _ _ _ _ _ _ _ 

graph = PlanningGraph(by_uuid={'12121212-1111-2222-3333-444444444444': Task(uuid='12121212-1111-2222-3333-444444444444', descr...212-1111-2222-3333-444444444444',), remaining=(), cycle_nodes=frozenset(), blocked_by_cycle=frozenset(), unresolved=())
settings = None, now = None, tracked_hours = None

    def build_absolute_schedule(
        graph: PlanningGraph,
        settings: PlanningSettings | None = None,
        *,
        now: datetime | None = None,
        tracked_hours: dict[str, float] | None = None,
    ) -> AbsoluteSchedule | None:
        """Build an absolute UTC schedule using the configured working calendar."""
        if graph.cyclic:
            return None
    
        resolved_settings = settings or PlanningSettings()
        calendar = WorkingCalendar(resolved_settings)
        resolved_now = now or datetime.now(UTC)
        scheduled = {
            uuid: parse_taskwarrior_datetime(task.scheduled)
            for uuid, task in graph.by_uuid.items()
        }
        invalid_scheduled = sorted(
            task.short_uuid
            for uuid, task in graph.by_uuid.items()
            if task.scheduled
            and (
                scheduled[uuid] is None
                or not calendar.is_working_time(scheduled[uuid])
            )
        )
        invalid_scheduled_uuids = {
            uuid
            for uuid, task in graph.by_uuid.items()
            if task.scheduled
            and (
                scheduled[uuid] is None
                or not calendar.is_working_time(scheduled[uuid])
            )
        }
        anchors = [
            value
            for uuid, value in scheduled.items()
            if value is not None and uuid not in invalid_scheduled_uuids
        ]
        if any(task.active for task in graph.by_uuid.values()):
            anchors.append(resolved_now)
        if not anchors:
            return None
        origin = min(anchors)
    
        starts: dict[str, datetime] = {}
        finishes: dict[str, datetime] = {}
        late_by: dict[str, float] = {}
        due_slack: dict[str, float] = {}
        invalid_due: list[str] = []
        reservations: list[tuple[datetime, datetime]] = []
    
        for uuid in graph.order:
            if uuid in invalid_scheduled_uuids:
                continue
    
            dependencies = graph.dependencies[uuid]
            if any(dependency not in finishes for dependency in dependencies):
                continue
    
            task = graph.by_uuid[uuid]
            candidates = [origin]
            explicit_start = scheduled[uuid]
            if task.active:
                candidates.append(resolved_now)
            elif explicit_start is not None:
                candidates.append(explicit_start)
            candidates.extend(finishes[dependency] for dependency in dependencies)
>           estimate_hours = _remaining_estimate_hours(
                             ^^^^^^^^^^^^^^^^^^^^^^^^^
                task,
                calendar,
                resolved_now,
                tracked_hours,
            )
E           NameError: name '_remaining_estimate_hours' is not defined

src/taskwarrior_textual/planning.py:368: NameError
________ test_critical_path_summary_uses_remaining_work_for_active_task ________

    def test_critical_path_summary_uses_remaining_work_for_active_task() -> None:
        active = Task(
            uuid="abababab-1111-2222-3333-444444444444",
            description="Active",
            status="pending",
            start="20260923T090000Z",
            estimate_hours=4.0,
        )
    
>       summary = TaskwarriorApp._critical_path_summary(
            [active],
            PlanningSettings(timezone="UTC"),
            now=datetime(2026, 9, 23, 11, 0, tzinfo=UTC),
        )

tests/test_app.py:858: 
_ _ _ _ _ _ _ _ _ _ _ _ _ _ _ _ _ _ _ _ _ _ _ _ _ _ _ _ _ _ _ _ _ _ _ _ _ _ _ _ 
src/taskwarrior_textual/app.py:965: in _critical_path_summary
    absolute = build_absolute_schedule(
_ _ _ _ _ _ _ _ _ _ _ _ _ _ _ _ _ _ _ _ _ _ _ _ _ _ _ _ _ _ _ _ _ _ _ _ _ _ _ _ 

graph = PlanningGraph(by_uuid={'abababab-1111-2222-3333-444444444444': Task(uuid='abababab-1111-2222-3333-444444444444', descr...bab-1111-2222-3333-444444444444',), remaining=(), cycle_nodes=frozenset(), blocked_by_cycle=frozenset(), unresolved=())
settings = PlanningSettings(timezone='UTC', workdays=(0, 1, 2, 3, 4), work_periods=(('08:00', '12:00'), ('13:00', '17:00')), holidays=(), dependency_depth=10, capacity=None)
now = datetime.datetime(2026, 9, 23, 11, 0, tzinfo=datetime.timezone.utc)
tracked_hours = None

    def build_absolute_schedule(
        graph: PlanningGraph,
        settings: PlanningSettings | None = None,
        *,
        now: datetime | None = None,
        tracked_hours: dict[str, float] | None = None,
    ) -> AbsoluteSchedule | None:
        """Build an absolute UTC schedule using the configured working calendar."""
        if graph.cyclic:
            return None
    
        resolved_settings = settings or PlanningSettings()
        calendar = WorkingCalendar(resolved_settings)
        resolved_now = now or datetime.now(UTC)
        scheduled = {
            uuid: parse_taskwarrior_datetime(task.scheduled)
            for uuid, task in graph.by_uuid.items()
        }
        invalid_scheduled = sorted(
            task.short_uuid
            for uuid, task in graph.by_uuid.items()
            if task.scheduled
            and (
                scheduled[uuid] is None
                or not calendar.is_working_time(scheduled[uuid])
            )
        )
        invalid_scheduled_uuids = {
            uuid
            for uuid, task in graph.by_uuid.items()
            if task.scheduled
            and (
                scheduled[uuid] is None
                or not calendar.is_working_time(scheduled[uuid])
            )
        }
        anchors = [
            value
            for uuid, value in scheduled.items()
            if value is not None and uuid not in invalid_scheduled_uuids
        ]
        if any(task.active for task in graph.by_uuid.values()):
            anchors.append(resolved_now)
        if not anchors:
            return None
        origin = min(anchors)
    
        starts: dict[str, datetime] = {}
        finishes: dict[str, datetime] = {}
        late_by: dict[str, float] = {}
        due_slack: dict[str, float] = {}
        invalid_due: list[str] = []
        reservations: list[tuple[datetime, datetime]] = []
    
        for uuid in graph.order:
            if uuid in invalid_scheduled_uuids:
                continue
    
            dependencies = graph.dependencies[uuid]
            if any(dependency not in finishes for dependency in dependencies):
                continue
    
            task = graph.by_uuid[uuid]
            candidates = [origin]
            explicit_start = scheduled[uuid]
            if task.active:
                candidates.append(resolved_now)
            elif explicit_start is not None:
                candidates.append(explicit_start)
            candidates.extend(finishes[dependency] for dependency in dependencies)
>           estimate_hours = _remaining_estimate_hours(
                             ^^^^^^^^^^^^^^^^^^^^^^^^^
                task,
                calendar,
                resolved_now,
                tracked_hours,
            )
E           NameError: name '_remaining_estimate_hours' is not defined

src/taskwarrior_textual/planning.py:368: NameError
____ test_calendar_plan_respects_dependencies_scheduled_constraints_and_due ____

    def test_calendar_plan_respects_dependencies_scheduled_constraints_and_due() -> None:
        first = Task(
            uuid="11111111-1111-1111-1111-111111111111",
            description="Foundation",
            status="pending",
            scheduled="20260924T090000Z",
            due="20260924T000000Z",
            estimate_hours=2.0,
        )
        delayed = Task(
            uuid="22222222-2222-2222-2222-222222222222",
            description="Delayed branch",
            status="pending",
            scheduled="20260924T150000Z",
            due="20260924T160000Z",
            depends=(first.uuid,),
            estimate_hours=3.0,
        )
        normal = Task(
            uuid="33333333-3333-3333-3333-333333333333",
            description="Normal branch",
            status="pending",
            depends=(first.uuid,),
            estimate_hours=1.0,
        )
    
>       summary = TaskwarriorApp._calendar_plan(
            [delayed, normal, first], PlanningSettings(timezone="UTC")
        )

tests/test_app.py:1059: 
_ _ _ _ _ _ _ _ _ _ _ _ _ _ _ _ _ _ _ _ _ _ _ _ _ _ _ _ _ _ _ _ _ _ _ _ _ _ _ _ 
src/taskwarrior_textual/app.py:1118: in _calendar_plan
    schedule = build_absolute_schedule(
_ _ _ _ _ _ _ _ _ _ _ _ _ _ _ _ _ _ _ _ _ _ _ _ _ _ _ _ _ _ _ _ _ _ _ _ _ _ _ _ 

graph = PlanningGraph(by_uuid={'22222222-2222-2222-2222-222222222222': Task(uuid='22222222-2222-2222-2222-222222222222', descr...3333-3333-3333-3333-333333333333'), remaining=(), cycle_nodes=frozenset(), blocked_by_cycle=frozenset(), unresolved=())
settings = PlanningSettings(timezone='UTC', workdays=(0, 1, 2, 3, 4), work_periods=(('08:00', '12:00'), ('13:00', '17:00')), holidays=(), dependency_depth=10, capacity=None)
now = None, tracked_hours = None

    def build_absolute_schedule(
        graph: PlanningGraph,
        settings: PlanningSettings | None = None,
        *,
        now: datetime | None = None,
        tracked_hours: dict[str, float] | None = None,
    ) -> AbsoluteSchedule | None:
        """Build an absolute UTC schedule using the configured working calendar."""
        if graph.cyclic:
            return None
    
        resolved_settings = settings or PlanningSettings()
        calendar = WorkingCalendar(resolved_settings)
        resolved_now = now or datetime.now(UTC)
        scheduled = {
            uuid: parse_taskwarrior_datetime(task.scheduled)
            for uuid, task in graph.by_uuid.items()
        }
        invalid_scheduled = sorted(
            task.short_uuid
            for uuid, task in graph.by_uuid.items()
            if task.scheduled
            and (
                scheduled[uuid] is None
                or not calendar.is_working_time(scheduled[uuid])
            )
        )
        invalid_scheduled_uuids = {
            uuid
            for uuid, task in graph.by_uuid.items()
            if task.scheduled
            and (
                scheduled[uuid] is None
                or not calendar.is_working_time(scheduled[uuid])
            )
        }
        anchors = [
            value
            for uuid, value in scheduled.items()
            if value is not None and uuid not in invalid_scheduled_uuids
        ]
        if any(task.active for task in graph.by_uuid.values()):
            anchors.append(resolved_now)
        if not anchors:
            return None
        origin = min(anchors)
    
        starts: dict[str, datetime] = {}
        finishes: dict[str, datetime] = {}
        late_by: dict[str, float] = {}
        due_slack: dict[str, float] = {}
        invalid_due: list[str] = []
        reservations: list[tuple[datetime, datetime]] = []
    
        for uuid in graph.order:
            if uuid in invalid_scheduled_uuids:
                continue
    
            dependencies = graph.dependencies[uuid]
            if any(dependency not in finishes for dependency in dependencies):
                continue
    
            task = graph.by_uuid[uuid]
            candidates = [origin]
            explicit_start = scheduled[uuid]
            if task.active:
                candidates.append(resolved_now)
            elif explicit_start is not None:
                candidates.append(explicit_start)
            candidates.extend(finishes[dependency] for dependency in dependencies)
>           estimate_hours = _remaining_estimate_hours(
                             ^^^^^^^^^^^^^^^^^^^^^^^^^
                task,
                calendar,
                resolved_now,
                tracked_hours,
            )
E           NameError: name '_remaining_estimate_hours' is not defined

src/taskwarrior_textual/planning.py:368: NameError
______ test_calendar_plan_reports_unestimated_unresolved_and_invalid_due _______

    def test_calendar_plan_reports_unestimated_unresolved_and_invalid_due() -> None:
        first = Task(
            uuid="aaaaaaaa-1111-2222-3333-444444444444",
            description="Anchor",
            status="pending",
            scheduled="20260924T080000Z",
        )
        second = Task(
            uuid="bbbbbbbb-1111-2222-3333-444444444444",
            description="External",
            status="pending",
            depends=(first.uuid, "99999999-aaaa-bbbb-cccc-dddddddddddd"),
            due="not-a-date",
            estimate_hours=1.0,
        )
        invalid_start = Task(
            uuid="cccccccc-1111-2222-3333-444444444444",
            description="Bad start",
            status="pending",
            scheduled="tomorrow",
            estimate_hours=1.0,
        )
    
>       summary = TaskwarriorApp._calendar_plan(
            [invalid_start, second, first], PlanningSettings(timezone="UTC")
        )

tests/test_app.py:1105: 
_ _ _ _ _ _ _ _ _ _ _ _ _ _ _ _ _ _ _ _ _ _ _ _ _ _ _ _ _ _ _ _ _ _ _ _ _ _ _ _ 
src/taskwarrior_textual/app.py:1118: in _calendar_plan
    schedule = build_absolute_schedule(
_ _ _ _ _ _ _ _ _ _ _ _ _ _ _ _ _ _ _ _ _ _ _ _ _ _ _ _ _ _ _ _ _ _ _ _ _ _ _ _ 

graph = PlanningGraph(by_uuid={'cccccccc-1111-2222-3333-444444444444': Task(uuid='cccccccc-1111-2222-3333-444444444444', descr...4444444'), remaining=(), cycle_nodes=frozenset(), blocked_by_cycle=frozenset(), unresolved=(('bbbbbbbb', '99999999'),))
settings = PlanningSettings(timezone='UTC', workdays=(0, 1, 2, 3, 4), work_periods=(('08:00', '12:00'), ('13:00', '17:00')), holidays=(), dependency_depth=10, capacity=None)
now = None, tracked_hours = None

    def build_absolute_schedule(
        graph: PlanningGraph,
        settings: PlanningSettings | None = None,
        *,
        now: datetime | None = None,
        tracked_hours: dict[str, float] | None = None,
    ) -> AbsoluteSchedule | None:
        """Build an absolute UTC schedule using the configured working calendar."""
        if graph.cyclic:
            return None
    
        resolved_settings = settings or PlanningSettings()
        calendar = WorkingCalendar(resolved_settings)
        resolved_now = now or datetime.now(UTC)
        scheduled = {
            uuid: parse_taskwarrior_datetime(task.scheduled)
            for uuid, task in graph.by_uuid.items()
        }
        invalid_scheduled = sorted(
            task.short_uuid
            for uuid, task in graph.by_uuid.items()
            if task.scheduled
            and (
                scheduled[uuid] is None
                or not calendar.is_working_time(scheduled[uuid])
            )
        )
        invalid_scheduled_uuids = {
            uuid
            for uuid, task in graph.by_uuid.items()
            if task.scheduled
            and (
                scheduled[uuid] is None
                or not calendar.is_working_time(scheduled[uuid])
            )
        }
        anchors = [
            value
            for uuid, value in scheduled.items()
            if value is not None and uuid not in invalid_scheduled_uuids
        ]
        if any(task.active for task in graph.by_uuid.values()):
            anchors.append(resolved_now)
        if not anchors:
            return None
        origin = min(anchors)
    
        starts: dict[str, datetime] = {}
        finishes: dict[str, datetime] = {}
        late_by: dict[str, float] = {}
        due_slack: dict[str, float] = {}
        invalid_due: list[str] = []
        reservations: list[tuple[datetime, datetime]] = []
    
        for uuid in graph.order:
            if uuid in invalid_scheduled_uuids:
                continue
    
            dependencies = graph.dependencies[uuid]
            if any(dependency not in finishes for dependency in dependencies):
                continue
    
            task = graph.by_uuid[uuid]
            candidates = [origin]
            explicit_start = scheduled[uuid]
            if task.active:
                candidates.append(resolved_now)
            elif explicit_start is not None:
                candidates.append(explicit_start)
            candidates.extend(finishes[dependency] for dependency in dependencies)
>           estimate_hours = _remaining_estimate_hours(
                             ^^^^^^^^^^^^^^^^^^^^^^^^^
                task,
                calendar,
                resolved_now,
                tracked_hours,
            )
E           NameError: name '_remaining_estimate_hours' is not defined

src/taskwarrior_textual/planning.py:368: NameError
__________ test_calendar_plan_key_opens_local_screen_without_refetch ___________

    async def test_calendar_plan_key_opens_local_screen_without_refetch() -> None:
        first = Task(
            uuid="11111111-1111-1111-1111-111111111111",
            description="First",
            status="pending",
            scheduled="20260924T090000Z",
            estimate_hours=2.0,
        )
        second = Task(
            uuid="22222222-2222-2222-2222-222222222222",
            description="Second",
            status="pending",
            depends=(first.uuid,),
            estimate_hours=3.0,
        )
        client = FakeUiClient(tasks=[second, first])
        app = TaskwarriorApp(
            client=client,
            planning_settings=PlanningSettings(timezone="UTC"),
        )
    
        async with app.run_test() as pilot:
            await pilot.pause()
            initial_view_calls = client.calls.count(("view", "pending"))
    
            await pilot.press("shift+l")
            await pilot.pause()
    
>           assert isinstance(app.screen, CalendarPlanScreen)
E           AssertionError: assert False
E            +  where False = isinstance(Screen(id='_default'), CalendarPlanScreen)
E            +    where Screen(id='_default') = TaskwarriorApp(title='Taskwarrior Textual', classes={'-dark-mode'}, pseudo_classes={'dark', 'focus'}).screen

tests/test_app.py:1178: AssertionError

During handling of the above exception, another exception occurred:

    async def test_calendar_plan_key_opens_local_screen_without_refetch() -> None:
        first = Task(
            uuid="11111111-1111-1111-1111-111111111111",
            description="First",
            status="pending",
            scheduled="20260924T090000Z",
            estimate_hours=2.0,
        )
        second = Task(
            uuid="22222222-2222-2222-2222-222222222222",
            description="Second",
            status="pending",
            depends=(first.uuid,),
            estimate_hours=3.0,
        )
        client = FakeUiClient(tasks=[second, first])
        app = TaskwarriorApp(
            client=client,
            planning_settings=PlanningSettings(timezone="UTC"),
        )
    
>       async with app.run_test() as pilot:
                   ^^^^^^^^^^^^^^

tests/test_app.py:1171: 
_ _ _ _ _ _ _ _ _ _ _ _ _ _ _ _ _ _ _ _ _ _ _ _ _ _ _ _ _ _ _ _ _ _ _ _ _ _ _ _ 
/usr/lib/python3.13/contextlib.py:235: in __aexit__
    await self.gen.athrow(value)
.venv/lib/python3.13/site-packages/textual/app.py:2218: in run_test
    raise self._exception
.venv/lib/python3.13/site-packages/textual/message_pump.py:663: in _process_messages_loop
    await self._dispatch_message(message)
.venv/lib/python3.13/site-packages/textual/message_pump.py:727: in _dispatch_message
    await self.on_event(message)
.venv/lib/python3.13/site-packages/textual/app.py:4148: in on_event
    await super().on_event(event)
.venv/lib/python3.13/site-packages/textual/message_pump.py:808: in on_event
    await self._on_message(event)
.venv/lib/python3.13/site-packages/textual/message_pump.py:829: in _on_message
    await invoke(method, message)
.venv/lib/python3.13/site-packages/textual/_callback.py:96: in invoke
    return await _invoke(callback, *params)
           ^^^^^^^^^^^^^^^^^^^^^^^^^^^^^^^^
.venv/lib/python3.13/site-packages/textual/_callback.py:58: in _invoke
    result = await result
             ^^^^^^^^^^^^
.venv/lib/python3.13/site-packages/textual/app.py:4342: in _on_key
    if not (await self._check_bindings(event.key)):
            ^^^^^^^^^^^^^^^^^^^^^^^^^^^^^^^^^^^^^
.venv/lib/python3.13/site-packages/textual/app.py:3986: in _check_bindings
    if await self.run_action(binding.action, namespace):
       ^^^^^^^^^^^^^^^^^^^^^^^^^^^^^^^^^^^^^^^^^^^^^^^^
.venv/lib/python3.13/site-packages/textual/app.py:4246: in run_action
    return await self._dispatch_action(action_target, action_name, params)
           ^^^^^^^^^^^^^^^^^^^^^^^^^^^^^^^^^^^^^^^^^^^^^^^^^^^^^^^^^^^^^^^
.venv/lib/python3.13/site-packages/textual/app.py:4279: in _dispatch_action
    await invoke(public_method, *params)
.venv/lib/python3.13/site-packages/textual/_callback.py:96: in invoke
    return await _invoke(callback, *params)
           ^^^^^^^^^^^^^^^^^^^^^^^^^^^^^^^^
.venv/lib/python3.13/site-packages/textual/_callback.py:56: in _invoke
    result = callback(*params[:parameter_count])
             ^^^^^^^^^^^^^^^^^^^^^^^^^^^^^^^^^^^
src/taskwarrior_textual/app.py:1559: in action_show_calendar_plan
    self._calendar_plan(
src/taskwarrior_textual/app.py:1118: in _calendar_plan
    schedule = build_absolute_schedule(
_ _ _ _ _ _ _ _ _ _ _ _ _ _ _ _ _ _ _ _ _ _ _ _ _ _ _ _ _ _ _ _ _ _ _ _ _ _ _ _ 

graph = PlanningGraph(by_uuid={'22222222-2222-2222-2222-222222222222': Task(uuid='22222222-2222-2222-2222-222222222222', descr...2222-2222-2222-2222-222222222222'), remaining=(), cycle_nodes=frozenset(), blocked_by_cycle=frozenset(), unresolved=())
settings = PlanningSettings(timezone='UTC', workdays=(0, 1, 2, 3, 4), work_periods=(('08:00', '12:00'), ('13:00', '17:00')), holidays=(), dependency_depth=10, capacity=None)
now = datetime.datetime(2026, 9, 23, 13, 23, 39, 198653, tzinfo=datetime.timezone.utc)
tracked_hours = {}

    def build_absolute_schedule(
        graph: PlanningGraph,
        settings: PlanningSettings | None = None,
        *,
        now: datetime | None = None,
        tracked_hours: dict[str, float] | None = None,
    ) -> AbsoluteSchedule | None:
        """Build an absolute UTC schedule using the configured working calendar."""
        if graph.cyclic:
            return None
    
        resolved_settings = settings or PlanningSettings()
        calendar = WorkingCalendar(resolved_settings)
        resolved_now = now or datetime.now(UTC)
        scheduled = {
            uuid: parse_taskwarrior_datetime(task.scheduled)
            for uuid, task in graph.by_uuid.items()
        }
        invalid_scheduled = sorted(
            task.short_uuid
            for uuid, task in graph.by_uuid.items()
            if task.scheduled
            and (
                scheduled[uuid] is None
                or not calendar.is_working_time(scheduled[uuid])
            )
        )
        invalid_scheduled_uuids = {
            uuid
            for uuid, task in graph.by_uuid.items()
            if task.scheduled
            and (
                scheduled[uuid] is None
                or not calendar.is_working_time(scheduled[uuid])
            )
        }
        anchors = [
            value
            for uuid, value in scheduled.items()
            if value is not None and uuid not in invalid_scheduled_uuids
        ]
        if any(task.active for task in graph.by_uuid.values()):
            anchors.append(resolved_now)
        if not anchors:
            return None
        origin = min(anchors)
    
        starts: dict[str, datetime] = {}
        finishes: dict[str, datetime] = {}
        late_by: dict[str, float] = {}
        due_slack: dict[str, float] = {}
        invalid_due: list[str] = []
        reservations: list[tuple[datetime, datetime]] = []
    
        for uuid in graph.order:
            if uuid in invalid_scheduled_uuids:
                continue
    
            dependencies = graph.dependencies[uuid]
            if any(dependency not in finishes for dependency in dependencies):
                continue
    
            task = graph.by_uuid[uuid]
            candidates = [origin]
            explicit_start = scheduled[uuid]
            if task.active:
                candidates.append(resolved_now)
            elif explicit_start is not None:
                candidates.append(explicit_start)
            candidates.extend(finishes[dependency] for dependency in dependencies)
>           estimate_hours = _remaining_estimate_hours(
                             ^^^^^^^^^^^^^^^^^^^^^^^^^
                task,
                calendar,
                resolved_now,
                tracked_hours,
            )
E           NameError: name '_remaining_estimate_hours' is not defined

src/taskwarrior_textual/planning.py:368: NameError
----------------------------- Captured stderr call -----------------------------
╭───────────────────── Traceback (most recent call last) ──────────────────────╮
│ /home/fgm/projets/taskwarrior-textual/src/taskwarrior_textual/app.py:1559 in │
│ action_show_calendar_plan                                                    │
│                                                                              │
│   1556 │   │   tracked_hours, now = context                                  │
│   1557 │   │   self.push_screen(                                             │
│   1558 │   │   │   CalendarPlanScreen(                                       │
│ ❱ 1559 │   │   │   │   self._calendar_plan(                                  │
│   1560 │   │   │   │   │   tasks,                                            │
│   1561 │   │   │   │   │   self.planning_settings,                           │
│   1562 │   │   │   │   │   now=now,                                          │
│                                                                              │
│ ╭───────────────────────────────── locals ─────────────────────────────────╮ │
│ │       context = (                                                        │ │
│ │                 │   {},                                                  │ │
│ │                 │   datetime.datetime(2026, 9, 23, 13, 23, 39, 198653,   │ │
│ │                 tzinfo=datetime.timezone.utc)                            │ │
│ │                 )                                                        │ │
│ │           now = datetime.datetime(2026, 9, 23, 13, 23, 39, 198653,       │ │
│ │                 tzinfo=datetime.timezone.utc)                            │ │
│ │          self = TaskwarriorApp(                                          │ │
│ │                 │   title='Taskwarrior Textual',                         │ │
│ │                 │   classes={'-dark-mode'},                              │ │
│ │                 │   pseudo_classes={'dark', 'focus'}                     │ │
│ │                 )                                                        │ │
│ │         tasks = [                                                        │ │
│ │                 │   Task(                                                │ │
│ │                 │   │   uuid='22222222-2222-2222-2222-222222222222',     │ │
│ │                 │   │   description='Second',                            │ │
│ │                 │   │   status='pending',                                │ │
│ │                 │   │   project='',                                      │ │
│ │                 │   │   priority='',                                     │ │
│ │                 │   │   due='',                                          │ │
│ │                 │   │   urgency=0.0,                                     │ │
│ │                 │   │   tags=(),                                         │ │
│ │                 │   │   depends=(                                        │ │
│ │                 │   │   │   '11111111-1111-1111-1111-111111111111',      │ │
│ │                 │   │   ),                                               │ │
│ │                 │   │   wait='',                                         │ │
│ │                 │   │   scheduled='',                                    │ │
│ │                 │   │   start='',                                        │ │
│ │                 │   │   end='',                                          │ │
│ │                 │   │   entry='',                                        │ │
│ │                 │   │   estimate_hours=3.0,                              │ │
│ │                 │   │   estimate_defined=False                           │ │
│ │                 │   ),                                                   │ │
│ │                 │   Task(                                                │ │
│ │                 │   │   uuid='11111111-1111-1111-1111-111111111111',     │ │
│ │                 │   │   description='First',                             │ │
│ │                 │   │   status='pending',                                │ │
│ │                 │   │   project='',                                      │ │
│ │                 │   │   priority='',                                     │ │
│ │                 │   │   due='',                                          │ │
│ │                 │   │   urgency=0.0,                                     │ │
│ │                 │   │   tags=(),                                         │ │
│ │                 │   │   depends=(),                                      │ │
│ │                 │   │   wait='',                                         │ │
│ │                 │   │   scheduled='20260924T090000Z',                    │ │
│ │                 │   │   start='',                                        │ │
│ │                 │   │   end='',                                          │ │
│ │                 │   │   entry='',                                        │ │
│ │                 │   │   estimate_hours=2.0,                              │ │
│ │                 │   │   estimate_defined=False                           │ │
│ │                 │   )                                                    │ │
│ │                 ]                                                        │ │
│ │ tracked_hours = {}                                                       │ │
│ ╰──────────────────────────────────────────────────────────────────────────╯ │
│                                                                              │
│ /home/fgm/projets/taskwarrior-textual/src/taskwarrior_textual/app.py:1118 in │
│ _calendar_plan                                                               │
│                                                                              │
│   1115 │   │   if graph.cyclic:                                              │
│   1116 │   │   │   return "Calendar plan unavailable: dependency cycle detec │
│   1117 │   │                                                                 │
│ ❱ 1118 │   │   schedule = build_absolute_schedule(                           │
│   1119 │   │   │   graph,                                                    │
│   1120 │   │   │   settings,                                                 │
│   1121 │   │   │   now=now,                                                  │
│                                                                              │
│ ╭───────────────────────────────── locals ─────────────────────────────────╮ │
│ │         graph = PlanningGraph(                                           │ │
│ │                 │   by_uuid={                                            │ │
│ │                 │   │   '22222222-2222-2222-2222-222222222222': Task(    │ │
│ │                 │   │   │   uuid='22222222-2222-2222-2222-222222222222', │ │
│ │                 │   │   │   description='Second',                        │ │
│ │                 │   │   │   status='pending',                            │ │
│ │                 │   │   │   project='',                                  │ │
│ │                 │   │   │   priority='',                                 │ │
│ │                 │   │   │   due='',                                      │ │
[...]
    ) -> AbsoluteSchedule | None:
        """Build an absolute UTC schedule using the configured working calendar."""
        if graph.cyclic:
            return None
    
        resolved_settings = settings or PlanningSettings()
        calendar = WorkingCalendar(resolved_settings)
        resolved_now = now or datetime.now(UTC)
        scheduled = {
            uuid: parse_taskwarrior_datetime(task.scheduled)
            for uuid, task in graph.by_uuid.items()
        }
        invalid_scheduled = sorted(
            task.short_uuid
            for uuid, task in graph.by_uuid.items()
            if task.scheduled
            and (
                scheduled[uuid] is None
                or not calendar.is_working_time(scheduled[uuid])
            )
        )
        invalid_scheduled_uuids = {
            uuid
            for uuid, task in graph.by_uuid.items()
            if task.scheduled
            and (
                scheduled[uuid] is None
                or not calendar.is_working_time(scheduled[uuid])
            )
        }
        anchors = [
            value
            for uuid, value in scheduled.items()
            if value is not None and uuid not in invalid_scheduled_uuids
        ]
        if any(task.active for task in graph.by_uuid.values()):
            anchors.append(resolved_now)
        if not anchors:
            return None
        origin = min(anchors)
    
        starts: dict[str, datetime] = {}
        finishes: dict[str, datetime] = {}
        late_by: dict[str, float] = {}
        due_slack: dict[str, float] = {}
        invalid_due: list[str] = []
        reservations: list[tuple[datetime, datetime]] = []
    
        for uuid in graph.order:
            if uuid in invalid_scheduled_uuids:
                continue
    
            dependencies = graph.dependencies[uuid]
            if any(dependency not in finishes for dependency in dependencies):
                continue
    
            task = graph.by_uuid[uuid]
            candidates = [origin]
            explicit_start = scheduled[uuid]
            if task.active:
                candidates.append(resolved_now)
            elif explicit_start is not None:
                candidates.append(explicit_start)
            candidates.extend(finishes[dependency] for dependency in dependencies)
>           estimate_hours = _remaining_estimate_hours(
                             ^^^^^^^^^^^^^^^^^^^^^^^^^
                task,
                calendar,
                resolved_now,
                tracked_hours,
            )
E           NameError: name '_remaining_estimate_hours' is not defined

src/taskwarrior_textual/planning.py:368: NameError
________ test_build_absolute_schedule_tracks_invalid_due_and_no_anchor _________

    def test_build_absolute_schedule_tracks_invalid_due_and_no_anchor() -> None:
        no_anchor = Task(
            uuid="aaaaaaaa-1111-2222-3333-444444444444",
            description="No anchor",
            status="pending",
            due="not-a-date",
            estimate_hours=1.0,
        )
        assert (
            build_absolute_schedule(
                build_planning_graph([no_anchor]),
                PlanningSettings(timezone="UTC"),
            )
            is None
        )
    
        anchor = Task(
            uuid="bbbbbbbb-1111-2222-3333-444444444444",
            description="Anchor",
            status="pending",
            scheduled="20260924T080000Z",
        )
        invalid = Task(
            uuid="cccccccc-1111-2222-3333-444444444444",
            description="Invalid due",
            status="pending",
            depends=(anchor.uuid,),
            due="not-a-date",
            estimate_hours=1.0,
        )
        invalid_start = Task(
            uuid="dddddddd-1111-2222-3333-444444444444",
            description="Invalid scheduled",
            status="pending",
            scheduled="tomorrow",
            estimate_hours=1.0,
        )
    
>       schedule = build_absolute_schedule(
            build_planning_graph([invalid_start, invalid, anchor]),
            PlanningSettings(timezone="UTC"),
        )

tests/test_planning.py:861: 
_ _ _ _ _ _ _ _ _ _ _ _ _ _ _ _ _ _ _ _ _ _ _ _ _ _ _ _ _ _ _ _ _ _ _ _ _ _ _ _ 

graph = PlanningGraph(by_uuid={'dddddddd-1111-2222-3333-444444444444': Task(uuid='dddddddd-1111-2222-3333-444444444444', descr...cccc-1111-2222-3333-444444444444'), remaining=(), cycle_nodes=frozenset(), blocked_by_cycle=frozenset(), unresolved=())
settings = PlanningSettings(timezone='UTC', workdays=(0, 1, 2, 3, 4), work_periods=(('08:00', '12:00'), ('13:00', '17:00')), holidays=(), dependency_depth=10, capacity=None)
now = None, tracked_hours = None

    def build_absolute_schedule(
        graph: PlanningGraph,
        settings: PlanningSettings | None = None,
        *,
        now: datetime | None = None,
        tracked_hours: dict[str, float] | None = None,
    ) -> AbsoluteSchedule | None:
        """Build an absolute UTC schedule using the configured working calendar."""
        if graph.cyclic:
            return None
    
        resolved_settings = settings or PlanningSettings()
        calendar = WorkingCalendar(resolved_settings)
        resolved_now = now or datetime.now(UTC)
        scheduled = {
            uuid: parse_taskwarrior_datetime(task.scheduled)
            for uuid, task in graph.by_uuid.items()
        }
        invalid_scheduled = sorted(
            task.short_uuid
            for uuid, task in graph.by_uuid.items()
            if task.scheduled
            and (
                scheduled[uuid] is None
                or not calendar.is_working_time(scheduled[uuid])
            )
        )
        invalid_scheduled_uuids = {
            uuid
            for uuid, task in graph.by_uuid.items()
            if task.scheduled
            and (
                scheduled[uuid] is None
                or not calendar.is_working_time(scheduled[uuid])
            )
        }
        anchors = [
            value
            for uuid, value in scheduled.items()
            if value is not None and uuid not in invalid_scheduled_uuids
        ]
        if any(task.active for task in graph.by_uuid.values()):
            anchors.append(resolved_now)
        if not anchors:
            return None
        origin = min(anchors)
    
        starts: dict[str, datetime] = {}
        finishes: dict[str, datetime] = {}
        late_by: dict[str, float] = {}
        due_slack: dict[str, float] = {}
        invalid_due: list[str] = []
        reservations: list[tuple[datetime, datetime]] = []
    
        for uuid in graph.order:
            if uuid in invalid_scheduled_uuids:
                continue
    
            dependencies = graph.dependencies[uuid]
            if any(dependency not in finishes for dependency in dependencies):
                continue
    
            task = graph.by_uuid[uuid]
            candidates = [origin]
            explicit_start = scheduled[uuid]
            if task.active:
                candidates.append(resolved_now)
            elif explicit_start is not None:
                candidates.append(explicit_start)
            candidates.extend(finishes[dependency] for dependency in dependencies)
>           estimate_hours = _remaining_estimate_hours(
                             ^^^^^^^^^^^^^^^^^^^^^^^^^
                task,
                calendar,
                resolved_now,
                tracked_hours,
            )
E           NameError: name '_remaining_estimate_hours' is not defined

src/taskwarrior_textual/planning.py:368: NameError
___ test_build_absolute_schedule_skips_dependents_of_invalid_scheduled_task ____

    def test_build_absolute_schedule_skips_dependents_of_invalid_scheduled_task() -> None:
        invalid_parent = Task(
            uuid="56565656-1111-2222-3333-444444444444",
            description="Invalid parent",
            status="pending",
            scheduled="20260926T100000Z",
            estimate_hours=1.0,
        )
        child = Task(
            uuid="78787878-1111-2222-3333-444444444444",
            description="Blocked child",
            status="pending",
            depends=(invalid_parent.uuid,),
            estimate_hours=1.0,
        )
        anchor = Task(
            uuid="90909090-1111-2222-3333-444444444444",
            description="Valid anchor",
            status="pending",
            scheduled="20260925T080000Z",
            estimate_hours=1.0,
        )
    
>       schedule = build_absolute_schedule(
            build_planning_graph([child, invalid_parent, anchor]),
            PlanningSettings(timezone="UTC"),
        )

tests/test_planning.py:896: 
_ _ _ _ _ _ _ _ _ _ _ _ _ _ _ _ _ _ _ _ _ _ _ _ _ _ _ _ _ _ _ _ _ _ _ _ _ _ _ _ 

graph = PlanningGraph(by_uuid={'78787878-1111-2222-3333-444444444444': Task(uuid='78787878-1111-2222-3333-444444444444', descr...7878-1111-2222-3333-444444444444'), remaining=(), cycle_nodes=frozenset(), blocked_by_cycle=frozenset(), unresolved=())
settings = PlanningSettings(timezone='UTC', workdays=(0, 1, 2, 3, 4), work_periods=(('08:00', '12:00'), ('13:00', '17:00')), holidays=(), dependency_depth=10, capacity=None)
now = None, tracked_hours = None

    def build_absolute_schedule(
        graph: PlanningGraph,
        settings: PlanningSettings | None = None,
        *,
        now: datetime | None = None,
        tracked_hours: dict[str, float] | None = None,
    ) -> AbsoluteSchedule | None:
        """Build an absolute UTC schedule using the configured working calendar."""
        if graph.cyclic:
            return None
    
        resolved_settings = settings or PlanningSettings()
        calendar = WorkingCalendar(resolved_settings)
        resolved_now = now or datetime.now(UTC)
        scheduled = {
            uuid: parse_taskwarrior_datetime(task.scheduled)
            for uuid, task in graph.by_uuid.items()
        }
        invalid_scheduled = sorted(
            task.short_uuid
            for uuid, task in graph.by_uuid.items()
            if task.scheduled
            and (
                scheduled[uuid] is None
                or not calendar.is_working_time(scheduled[uuid])
            )
        )
        invalid_scheduled_uuids = {
            uuid
            for uuid, task in graph.by_uuid.items()
            if task.scheduled
            and (
                scheduled[uuid] is None
                or not calendar.is_working_time(scheduled[uuid])
            )
        }
        anchors = [
            value
            for uuid, value in scheduled.items()
            if value is not None and uuid not in invalid_scheduled_uuids
        ]
        if any(task.active for task in graph.by_uuid.values()):
            anchors.append(resolved_now)
        if not anchors:
            return None
        origin = min(anchors)
    
        starts: dict[str, datetime] = {}
        finishes: dict[str, datetime] = {}
        late_by: dict[str, float] = {}
        due_slack: dict[str, float] = {}
        invalid_due: list[str] = []
        reservations: list[tuple[datetime, datetime]] = []
    
        for uuid in graph.order:
            if uuid in invalid_scheduled_uuids:
                continue
    
            dependencies = graph.dependencies[uuid]
            if any(dependency not in finishes for dependency in dependencies):
                continue
    
            task = graph.by_uuid[uuid]
            candidates = [origin]
            explicit_start = scheduled[uuid]
            if task.active:
                candidates.append(resolved_now)
            elif explicit_start is not None:
                candidates.append(explicit_start)
            candidates.extend(finishes[dependency] for dependency in dependencies)
>           estimate_hours = _remaining_estimate_hours(
                             ^^^^^^^^^^^^^^^^^^^^^^^^^
                task,
                calendar,
                resolved_now,
                tracked_hours,
            )
E           NameError: name '_remaining_estimate_hours' is not defined

src/taskwarrior_textual/planning.py:368: NameError
______ test_build_absolute_schedule_flags_date_only_due_on_nonworking_day ______

    def test_build_absolute_schedule_flags_date_only_due_on_nonworking_day() -> None:
        task = Task(
            uuid="67676767-1111-2222-3333-444444444444",
            description="Weekend date deadline",
            status="pending",
            scheduled="20260925T080000Z",
            due="20260927T000000Z",
            estimate_hours=1.0,
        )
    
>       schedule = build_absolute_schedule(build_planning_graph([task]), PlanningSettings(timezone="UTC"))
                   ^^^^^^^^^^^^^^^^^^^^^^^^^^^^^^^^^^^^^^^^^^^^^^^^^^^^^^^^^^^^^^^^^^^^^^^^^^^^^^^^^^^^^^^

tests/test_planning.py:918: 
_ _ _ _ _ _ _ _ _ _ _ _ _ _ _ _ _ _ _ _ _ _ _ _ _ _ _ _ _ _ _ _ _ _ _ _ _ _ _ _ 

graph = PlanningGraph(by_uuid={'67676767-1111-2222-3333-444444444444': Task(uuid='67676767-1111-2222-3333-444444444444', descr...767-1111-2222-3333-444444444444',), remaining=(), cycle_nodes=frozenset(), blocked_by_cycle=frozenset(), unresolved=())
settings = PlanningSettings(timezone='UTC', workdays=(0, 1, 2, 3, 4), work_periods=(('08:00', '12:00'), ('13:00', '17:00')), holidays=(), dependency_depth=10, capacity=None)
now = None, tracked_hours = None

    def build_absolute_schedule(
        graph: PlanningGraph,
        settings: PlanningSettings | None = None,
        *,
        now: datetime | None = None,
        tracked_hours: dict[str, float] | None = None,
    ) -> AbsoluteSchedule | None:
        """Build an absolute UTC schedule using the configured working calendar."""
        if graph.cyclic:
            return None
    
        resolved_settings = settings or PlanningSettings()
        calendar = WorkingCalendar(resolved_settings)
        resolved_now = now or datetime.now(UTC)
        scheduled = {
            uuid: parse_taskwarrior_datetime(task.scheduled)
            for uuid, task in graph.by_uuid.items()
        }
        invalid_scheduled = sorted(
            task.short_uuid
            for uuid, task in graph.by_uuid.items()
            if task.scheduled
            and (
                scheduled[uuid] is None
                or not calendar.is_working_time(scheduled[uuid])
            )
        )
        invalid_scheduled_uuids = {
            uuid
            for uuid, task in graph.by_uuid.items()
            if task.scheduled
            and (
                scheduled[uuid] is None
                or not calendar.is_working_time(scheduled[uuid])
            )
        }
        anchors = [
            value
            for uuid, value in scheduled.items()
            if value is not None and uuid not in invalid_scheduled_uuids
        ]
        if any(task.active for task in graph.by_uuid.values()):
            anchors.append(resolved_now)
        if not anchors:
            return None
        origin = min(anchors)
    
        starts: dict[str, datetime] = {}
        finishes: dict[str, datetime] = {}
        late_by: dict[str, float] = {}
        due_slack: dict[str, float] = {}
        invalid_due: list[str] = []
        reservations: list[tuple[datetime, datetime]] = []
    
        for uuid in graph.order:
            if uuid in invalid_scheduled_uuids:
                continue
    
            dependencies = graph.dependencies[uuid]
            if any(dependency not in finishes for dependency in dependencies):
                continue
    
            task = graph.by_uuid[uuid]
            candidates = [origin]
            explicit_start = scheduled[uuid]
            if task.active:
                candidates.append(resolved_now)
            elif explicit_start is not None:
                candidates.append(explicit_start)
            candidates.extend(finishes[dependency] for dependency in dependencies)
>           estimate_hours = _remaining_estimate_hours(
                             ^^^^^^^^^^^^^^^^^^^^^^^^^
                task,
                calendar,
                resolved_now,
                tracked_hours,
            )
E           NameError: name '_remaining_estimate_hours' is not defined

src/taskwarrior_textual/planning.py:368: NameError
- generated xml file: /home/fgm/projets/taskwarrior-textual/reports/junit.xml --
================================ tests coverage ================================
_______________ coverage: platform linux, python 3.13.5-final-0 ________________

Name                                  Stmts   Miss Branch BrPart  Cover   Missing
---------------------------------------------------------------------------------
src/taskwarrior_textual/app.py          768     54    188      4    92%   290-291, 294-296, 299, 321-322, 325-327, 330, 972-993, 1127-1191, 1266-1274, 1596
src/taskwarrior_textual/planning.py     213     43     82      2    78%   258-263, 281-295, 358, 374-412
---------------------------------------------------------------------------------
TOTAL                                  1413     97    396      6    92%

5 files skipped due to complete coverage.
Coverage HTML written to dir htmlcov
Coverage XML written to file reports/coverage.xml
FAIL Required test coverage of 95.0% not reached. Total coverage: 92.21%
=========================== short test summary info ============================
FAILED tests/test_app.py::test_critical_path_action_uses_timewarrior_tracked_hours
FAILED tests/test_app.py::test_critical_path_summary_marks_milestones_and_deadline_pressure
FAILED tests/test_app.py::test_critical_path_summary_omits_deadline_pressure_with_anchor_but_no_due
FAILED tests/test_app.py::test_critical_path_summary_uses_remaining_work_for_active_task
FAILED tests/test_app.py::test_calendar_plan_respects_dependencies_scheduled_constraints_and_due
FAILED tests/test_app.py::test_calendar_plan_reports_unestimated_unresolved_and_invalid_due
FAILED tests/test_app.py::test_calendar_plan_key_opens_local_screen_without_refetch
FAILED tests/test_app.py::test_constraints_summary_reports_scheduled_deadlines_and_lateness
FAILED tests/test_app.py::test_constraints_key_opens_local_screen_without_refetch
FAILED tests/test_planning.py::test_build_absolute_schedule_uses_timewarrior_remaining_work
FAILED tests/test_planning.py::test_build_absolute_schedule_active_task_anchors_at_now_and_uses_remaining_work
FAILED tests/test_planning.py::test_build_absolute_schedule_completed_dependency_consumes_no_future_work
FAILED tests/test_planning.py::test_build_absolute_schedule_applies_dependencies_scheduled_and_due
FAILED tests/test_planning.py::test_build_absolute_schedule_capacity_one_serializes_parallel_tasks_deterministically
FAILED tests/test_planning.py::test_build_absolute_schedule_capacity_two_allows_two_parallel_tasks_then_waits
FAILED tests/test_planning.py::test_build_absolute_schedule_unlimited_capacity_preserves_parallelism
FAILED tests/test_planning.py::test_build_absolute_schedule_zero_duration_task_does_not_consume_capacity
FAILED tests/test_planning.py::test_build_absolute_schedule_capacity_reservation_spans_calendar_breaks
FAILED tests/test_planning.py::test_build_absolute_schedule_uses_configured_working_periods
FAILED tests/test_planning.py::test_build_absolute_schedule_uses_configured_timezone_for_working_hours
FAILED tests/test_planning.py::test_build_absolute_schedule_flags_scheduled_outside_working_calendar
FAILED tests/test_planning.py::test_build_absolute_schedule_treats_midnight_due_as_end_of_workday
FAILED tests/test_planning.py::test_build_absolute_schedule_flags_exact_due_outside_working_calendar
FAILED tests/test_planning.py::test_build_absolute_schedule_tracks_invalid_due_and_no_anchor
FAILED tests/test_planning.py::test_build_absolute_schedule_skips_dependents_of_invalid_scheduled_task
FAILED tests/test_planning.py::test_build_absolute_schedule_flags_date_only_due_on_nonworking_day
================== 26 failed, 237 passed in 90.78s (0:01:30) ===================
